#
# A fatal error has been detected by the Java Runtime Environment:
#
#  SIGBUS (0xa) at pc=0x000000010bc5d4f0, pid=8386, tid=31503
#
# JRE version: OpenJDK Runtime Environment (17.0.2+8) (build 17.0.2+8-86)
# Java VM: OpenJDK 64-Bit Server VM (17.0.2+8-86, mixed mode, sharing, tiered, compressed oops, compressed class ptrs, g1 gc, bsd-aarch64)
# Problematic frame:
# v  ~StubRoutines::SafeFetchN
#
# No core dump will be written. Core dumps have been disabled. To enable core dumping, try "ulimit -c unlimited" before starting Java again
#
# If you would like to submit a bug report, please visit:
#   https://bugreport.java.com/bugreport/crash.jsp
# The crash happened outside the Java Virtual Machine in native code.
# See problematic frame for where to report the bug.
#

---------------  S U M M A R Y ------------

Command Line: -javaagent:/Applications/IntelliJ IDEA.app/Contents/lib/idea_rt.jar=50661:/Applications/IntelliJ IDEA.app/Contents/bin -Dfile.encoding=UTF-8 dk.dtu.compute.se.pisd.roborally.StartRoboRally

Host: "MacBookAir10,1" arm64 1 MHz, 8 cores, 8G, Darwin 21.3.0, macOS 12.2.1 (21D62)
Time: Thu Apr 21 15:44:51 2022 CEST elapsed time: 1.758585 seconds (0d 0h 0m 1s)

---------------  T H R E A D  ---------------

Current thread (0x000000015c0e5600):  JavaThread "InvokeLaterDispatcher" daemon [_thread_in_native, id=31503, stack(0x00000001706a8000,0x00000001708ab000)]

Stack: [0x00000001706a8000,0x00000001708ab000],  sp=0x00000001708aa780,  free space=2057k
Native frames: (J=compiled Java code, j=interpreted, Vv=VM code, C=native code)
v  ~StubRoutines::SafeFetchN
V  [libjvm.dylib+0x7a6bcc]  _ZN10OopStorage7releaseEPKP7oopDesc+0x20
V  [libjvm.dylib+0x4ba824]  jni_DeleteGlobalRef+0xd8
C  [libglass.dylib+0xab08]  -[GlassRunnable dealloc]+0x34
C  [Foundation+0x84c7c]  -[_NSThreadPerformInfo dealloc]+0x30
C  [Foundation+0x51578]  -[NSObject(NSThreadPerformAdditions) performSelectorOnMainThread:withObject:waitUntilDone:]+0x88
C  0xbd0400010bc658ac
j  com.sun.glass.ui.mac.MacApplication.submitForLaterInvocation(Ljava/lang/Runnable;)V+2
j  com.sun.glass.ui.InvokeLaterDispatcher.run()V+82
v  ~StubRoutines::call_stub
V  [libjvm.dylib+0x461d08]  _ZN9JavaCalls11call_helperEP9JavaValueRK12methodHandleP17JavaCallArgumentsP10JavaThread+0x38c
V  [libjvm.dylib+0x460d24]  _ZN9JavaCalls12call_virtualEP9JavaValueP5KlassP6SymbolS5_P17JavaCallArgumentsP10JavaThread+0x11c
V  [libjvm.dylib+0x460df0]  _ZN9JavaCalls12call_virtualEP9JavaValue6HandleP5KlassP6SymbolS6_P10JavaThread+0x64
V  [libjvm.dylib+0x515f04]  _ZL12thread_entryP10JavaThreadS0_+0xc4
V  [libjvm.dylib+0x9071ac]  _ZN10JavaThread17thread_main_innerEv+0x13c
V  [libjvm.dylib+0x9058c0]  _ZN6Thread8call_runEv+0x128
V  [libjvm.dylib+0x7ad7c8]  _ZL19thread_native_entryP6Thread+0x158
C  [libsystem_pthread.dylib+0x7240]  _pthread_start+0x94

Java frames: (J=compiled Java code, j=interpreted, Vv=VM code)
j  com.sun.glass.ui.mac.MacApplication._submitForLaterInvocation(Ljava/lang/Runnable;)V+0
j  com.sun.glass.ui.mac.MacApplication.submitForLaterInvocation(Ljava/lang/Runnable;)V+2
j  com.sun.glass.ui.InvokeLaterDispatcher.run()V+82
v  ~StubRoutines::call_stub

siginfo: si_signo: 10 (SIGBUS), si_code: 1 (BUS_ADRALN), si_addr: 0x000000010bc5d4f0

Register to memory mapping:

 x0=0x000000013be04ec8 points into unknown readable memory: 0x0000000000000000 | 00 00 00 00 00 00 00 00
 x1=0x0 is NULL
 x2=0x0000000787400c68 is an oop: com.sun.glass.ui.InvokeLaterDispatcher$Future 
{0x0000000787400c68} - klass: 'com/sun/glass/ui/InvokeLaterDispatcher$Future'
 - ---- fields (total size 3 words):
 - private 'done' 'Z' @12  true
 - private final 'runnable' 'Ljava/lang/Runnable;' @16  a 'com/sun/javafx/application/PlatformImpl$$Lambda$102+0x0000000800c8c668'{0x0000000786ee7d88} (f0ddcfb1)
 - final synthetic 'this$0' 'Lcom/sun/glass/ui/InvokeLaterDispatcher;' @20  a 'com/sun/glass/ui/InvokeLaterDispatcher'{0x000000078682aac0} (f0d05558)
 x3=0x0 is NULL
 x4=0x00000000000130a8 is an unknown value
 x5=0x0 is NULL
 x6=0x0 is NULL
 x7=0x0 is NULL
 x8=0x000000010bc5d4ec is at begin+0 in a stub
StubRoutines::SafeFetchN [0x000000010bc5d4ec, 0x000000010bc5d4f8] (12 bytes)
 x9=0x0 is NULL
x10=0x2010000030300000 is an unknown value
x11=0x0000000000000007 is an unknown value
x12=0x0000000000000007 is an unknown value
x13=0x00006000039f4a60 points into unknown readable memory: 0x44228001ae351738 | 38 17 35 ae 01 80 22 44
x14=0x0000000000000001 is an unknown value
x15=0x0000000123a49f98: OBJC_CLASS_$_GlassRunnable+0 in /Users/husseinel-zein/.openjfx/cache/17/libglass.dylib at 0x0000000123a04000
x16=0x00000001ad3c0094: pthread_getspecific+0 in /usr/lib/system/libsystem_pthread.dylib at 0x00000001ad3be000
x17=0x00006000033cb000 points into unknown readable memory: 0xfffffffffffffffe | fe ff ff ff ff ff ff ff
x18=0x0 is NULL
x19=0x0000600003cc0690 points into unknown readable memory: 0x00006000015d1490 | 90 14 5d 01 00 60 00 00
x20=0x000000013be04cc0 points into unknown readable memory: 0x0000000000000000 | 00 00 00 00 00 00 00 00
x21=0x000000013be04ec8 points into unknown readable memory: 0x0000000000000000 | 00 00 00 00 00 00 00 00
x22=0x000000015c0e5600 is a thread
x23=0x0000000000000001 is an unknown value
x24=0x000000013be04e80 is a global jni handle
x25=0x000000010411d5e8: _ZN12StubRoutines17_safefetchN_entryE+0 in /Users/husseinel-zein/Library/Java/JavaVirtualMachines/openjdk-17.0.2/Contents/Home/lib/server/libjvm.dylib at 0x000000010356c000
x26=0x000000012155a4a8 is pointing into metadata
x27=0x0 is NULL
x28=0x000000015c0e5600 is a thread


Registers:
 x0=0x000000013be04ec8  x1=0x0000000000000000  x2=0x0000000787400c68  x3=0x0000000000000000
 x4=0x00000000000130a8  x5=0x0000000000000000  x6=0x0000000000000000  x7=0x0000000000000000
 x8=0x000000010bc5d4ec  x9=0x0000000000000000 x10=0x2010000030300000 x11=0x0000000000000007
x12=0x0000000000000007 x13=0x00006000039f4a60 x14=0x0000000000000001 x15=0x0000000123a49f98
x16=0x00000001ad3c0094 x17=0x00006000033cb000 x18=0x0000000000000000 x19=0x0000600003cc0690
x20=0x000000013be04cc0 x21=0x000000013be04ec8 x22=0x000000015c0e5600 x23=0x0000000000000001
x24=0x000000013be04e80 x25=0x000000010411d5e8 x26=0x000000012155a4a8 x27=0x0000000000000000
x28=0x000000015c0e5600  fp=0x00000001708aa7c0  lr=0x0000000103d1199c  sp=0x00000001708aa780
pc=0x000000010bc5d4f0 cpsr=0x0000000060001000
Top of Stack: (sp=0x00000001708aa780)
0x00000001708aa780:   000000012155a4a8 0000000000000001
0x00000001708aa790:   00000001708aa988 0000000000000000
0x00000001708aa7a0:   000000015c2b56a8 000000013be04ea0
0x00000001708aa7b0:   000000013be04ea0 0000600003cc0690
0x00000001708aa7c0:   00000001708aa800 0000000103d12bcc
0x00000001708aa7d0:   0000000000000001 000000013be04ea0
0x00000001708aa7e0:   000000015c2b56a8 000000013be04ea0
0x00000001708aa7f0:   0000000000000001 000000015c2b5400
0x00000001708aa800:   00000001708aa840 0000000103a26824
0x00000001708aa810:   00000001708aa988 00006000015d8a40
0x00000001708aa820:   00006000015d8a30 00000001f793a9e3
0x00000001708aa830:   0000000000000000 00006000015d8a30
0x00000001708aa840:   00000001708aa870 0000000123a0eb08
0x00000001708aa850:   e090450f2943005f 0000000000000000
0x00000001708aa860:   0000000000000000 00006000002f9580
0x00000001708aa870:   00000001708aa8b0 00000001ae384c7c
0x00000001708aa880:   00000001708aa988 00006000015d8a40
0x00000001708aa890:   00006000015d8a30 e090450f2943005f
0x00000001708aa8a0:   0000000000000000 0000000000000000
0x00000001708aa8b0:   00000001708aa8f0 46610001ae351578
0x00000001708aa8c0:   00000001708aa988 000000010bc647c0
0x00000001708aa8d0:   0000000000000000 0000000104124fa8
0x00000001708aa8e0:   00000001708aa900 000000010bc63730
0x00000001708aa8f0:   00000001708aa960 bd0400010bc658ac
0x00000001708aa900:   00000001708aa900 000000080098b325
0x00000001708aa910:   00000001708aa910 0000000000000000
0x00000001708aa920:   00000001708aa988 000000012155a4a8
0x00000001708aa930:   000000078681d000 0000000000000000
0x00000001708aa940:   0000000000000000 0000000121533990
0x00000001708aa950:   0000000000000000 00000001708aa960
0x00000001708aa960:   00000001708aa9e0 000000010bc61fc8
0x00000001708aa970:   0000000000000000 0000000000000000 

Instructions: (pc=0x000000010bc5d4f0)
0x000000010bc5d3f0:   f2a081c9 f2c00029 6d425935 1e640886
0x000000010bc5d400:   0c402d31 1e6408c7 1f5654d0 1e6c1017
0x000000010bc5d410:   1f5050d0 1f504cd0 1f5048d0 1e650af6
0x000000010bc5d420:   1f50d8f6 1f5694d6 1f5158f6 1e762880
0x000000010bc5d430:   36000501 1e614000 14000026 2e251ca5
0x000000010bc5d440:   d2943009 f2a081c9 f2c00029 6d425d36
0x000000010bc5d450:   1e600806 0c402d32 1f5758c7 1e6c101a
0x000000010bc5d460:   1f4754c7 1e650805 1f4750c7 d2866668
0x000000010bc5d470:   f2a7fa68 1f474cc7 1e6608c0 1f4748c7
0x000000010bc5d480:   1e6e1019 eb08007f 540000ac 1f479400
0x000000010bc5d490:   1f460340 1e603b20 1400000e d2a7fd29
0x000000010bc5d4a0:   eb09007f 540000ac 51480069 d3607d29
0x000000010bc5d4b0:   9e670121 14000002 1e6a5001 1f679417
0x000000010bc5d4c0:   1f668742 1e613b23 1e773857 1e773860
0x000000010bc5d4d0:   a8c17ff3 910003bf a8c17bfd d65f03c0
0x000000010bc5d4e0:   b9400001 aa0103e0 d65f03c0 f9400001
0x000000010bc5d4f0:   aa0103e0 d65f03c0 00000000 00000000
0x000000010bc5d500:   00000000 00000000 00000000 00000000
0x000000010bc5d510:   00000000 00000000 00000000 00000000
0x000000010bc5d520:   00000000 00000000 00000000 00000000
0x000000010bc5d530:   00000000 00000000 00000000 00000000
0x000000010bc5d540:   00000000 00000000 00000000 00000000
0x000000010bc5d550:   00000000 00000000 00000000 00000000
0x000000010bc5d560:   00000000 00000000 00000000 00000000
0x000000010bc5d570:   00000000 00000000 00000000 00000000
0x000000010bc5d580:   00000000 00000000 00000000 00000000
0x000000010bc5d590:   00000000 00000000 00000000 00000000
0x000000010bc5d5a0:   00000000 00000000 00000000 00000000
0x000000010bc5d5b0:   00000000 00000000 00000000 00000000
0x000000010bc5d5c0:   00000000 00000000 00000000 00000000
0x000000010bc5d5d0:   00000000 00000000 00000000 00000000
0x000000010bc5d5e0:   00000000 00000000 00000000 00000000 


Stack slot to memory mapping:
stack at sp + 0 slots: 0x000000012155a4a8 is pointing into metadata
stack at sp + 1 slots: 0x0000000000000001 is an unknown value
stack at sp + 2 slots: 0x00000001708aa988 is pointing into the stack for thread: 0x000000015c0e5600
stack at sp + 3 slots: 0x0 is NULL
stack at sp + 4 slots: 0x000000015c2b56a8 points into unknown readable memory: 0x00000001040da738 | 38 a7 0d 04 01 00 00 00
stack at sp + 5 slots: 0x000000013be04ea0 is a global jni handle
stack at sp + 6 slots: 0x000000013be04ea0 is a global jni handle
stack at sp + 7 slots: 0x0000600003cc0690 points into unknown readable memory: 0x00006000015d1490 | 90 14 5d 01 00 60 00 00

StubRoutines::SafeFetchN [0x000000010bc5d4ec, 0x000000010bc5d4f8] (12 bytes)
[MachCode]
  0x000000010bc5d4ec: 0100 40f9 | e003 01aa | c003 5fd6 
[/MachCode]

---------------  P R O C E S S  ---------------

Threads class SMR info:
_java_thread_list=0x00006000017756c0, length=19, elements={
0x000000015d809600, 0x000000015d8bb600, 0x000000015d8bde00, 0x000000015c00d400,
0x000000015d008e00, 0x000000015d00e000, 0x000000015d00e600, 0x000000015c00ea00,
0x000000015c00f000, 0x000000015c02c600, 0x000000015c05e200, 0x000000013c008200,
0x000000015d809c00, 0x000000015c060800, 0x000000015c0e5600, 0x000000015c2b5400,
0x000000015d95a600, 0x000000015d903a00, 0x000000015cabb800
}

Java Threads: ( => current thread )
  0x000000015d809600 JavaThread "main" [_thread_blocked, id=9987, stack(0x000000016da94000,0x000000016dc97000)]
  0x000000015d8bb600 JavaThread "Reference Handler" daemon [_thread_blocked, id=16387, stack(0x000000016e8e8000,0x000000016eaeb000)]
  0x000000015d8bde00 JavaThread "Finalizer" daemon [_thread_blocked, id=16643, stack(0x000000016eaf4000,0x000000016ecf7000)]
  0x000000015c00d400 JavaThread "Signal Dispatcher" daemon [_thread_blocked, id=42499, stack(0x000000016ee18000,0x000000016f01b000)]
  0x000000015d008e00 JavaThread "Service Thread" daemon [_thread_blocked, id=23043, stack(0x000000016f024000,0x000000016f227000)]
  0x000000015d00e000 JavaThread "Monitor Deflation Thread" daemon [_thread_blocked, id=23299, stack(0x000000016f230000,0x000000016f433000)]
  0x000000015d00e600 JavaThread "C2 CompilerThread0" daemon [_thread_in_native, id=41731, stack(0x000000016f43c000,0x000000016f63f000)]
  0x000000015c00ea00 JavaThread "C1 CompilerThread0" daemon [_thread_blocked, id=41219, stack(0x000000016f648000,0x000000016f84b000)]
  0x000000015c00f000 JavaThread "Sweeper thread" daemon [_thread_blocked, id=40963, stack(0x000000016f854000,0x000000016fa57000)]
  0x000000015c02c600 JavaThread "Common-Cleaner" daemon [_thread_blocked, id=24323, stack(0x000000016fa60000,0x000000016fc63000)]
  0x000000015c05e200 JavaThread "Monitor Ctrl-Break" daemon [_thread_in_native, id=24579, stack(0x000000016fc6c000,0x000000016fe6f000)]
  0x000000013c008200 JavaThread "Notification Thread" daemon [_thread_blocked, id=40195, stack(0x000000016fe78000,0x000000017007b000)]
  0x000000015d809c00 JavaThread "JavaFX-Launcher" [_thread_blocked, id=25347, stack(0x0000000170290000,0x0000000170493000)]
  0x000000015c060800 JavaThread "QuantumRenderer-0" daemon [_thread_blocked, id=39683, stack(0x000000017049c000,0x000000017069f000)]
=>0x000000015c0e5600 JavaThread "InvokeLaterDispatcher" daemon [_thread_in_native, id=31503, stack(0x00000001706a8000,0x00000001708ab000)]
  0x000000015c2b5400 JavaThread "JavaFX Application Thread" [_thread_in_native, id=259, stack(0x000000016d20c000,0x000000016da08000)]
  0x000000015d95a600 JavaThread "Prism Font Disposer" daemon [_thread_blocked, id=71099, stack(0x00000001763e8000,0x00000001765eb000)]
  0x000000015d903a00 JavaThread "Attach Listener" daemon [_thread_blocked, id=77659, stack(0x0000000176680000,0x0000000176883000)]
  0x000000015cabb800 JavaThread "PulseTimer-CVDisplayLink thread" daemon [_thread_in_native, id=62999, stack(0x00000001708b4000,0x0000000170937000)]

Other Threads:
  0x000000015e00d0c0 VMThread "VM Thread" [stack: 0x000000016e6dc000,0x000000016e8df000] [id=18435]
  0x000000013d004fe0 WatcherThread [stack: 0x0000000170084000,0x0000000170287000] [id=25091]
  0x000000015e0067f0 GCTaskThread "GC Thread#0" [stack: 0x000000016dca0000,0x000000016dea3000] [id=12547]
  0x000000015e0238a0 GCTaskThread "GC Thread#1" [stack: 0x0000000170b4c000,0x0000000170d4f000] [id=74499]
  0x000000015e024110 GCTaskThread "GC Thread#2" [stack: 0x0000000170d58000,0x0000000170f5b000] [id=74243]
  0x000000015e024980 GCTaskThread "GC Thread#3" [stack: 0x0000000170f64000,0x0000000171167000] [id=55043]
  0x000000015e0251f0 GCTaskThread "GC Thread#4" [stack: 0x0000000171170000,0x0000000171373000] [id=73987]
  0x000000015e025a60 GCTaskThread "GC Thread#5" [stack: 0x000000017137c000,0x000000017157f000] [id=55555]
  0x000000015e006ea0 ConcurrentGCThread "G1 Main Marker" [stack: 0x000000016deac000,0x000000016e0af000] [id=19971]
  0x000000015e007720 ConcurrentGCThread "G1 Conc#0" [stack: 0x000000016e0b8000,0x000000016e2bb000] [id=19715]
  0x000000015e009590 ConcurrentGCThread "G1 Refine#0" [stack: 0x000000016e2c4000,0x000000016e4c7000] [id=14083]
  0x000000014be49cb0 ConcurrentGCThread "G1 Refine#1" [stack: 0x0000000171588000,0x000000017178b000] [id=73219]
  0x000000013d005720 ConcurrentGCThread "G1 Refine#2" [stack: 0x0000000171794000,0x0000000171997000] [id=72963]
  0x000000015be26050 ConcurrentGCThread "G1 Refine#3" [stack: 0x00000001719a0000,0x0000000171ba3000] [id=56835]
  0x000000013be04300 ConcurrentGCThread "G1 Service" [stack: 0x000000016e4d0000,0x000000016e6d3000] [id=19203]

Threads with active compile tasks:
C2 CompilerThread0     1772 1672   !   4       java.util.WeakHashMap::expungeStaleEntries (139 bytes)

VM state: not at safepoint (normal execution)

VM Mutex/Monitor currently owned by a thread: None

Heap address: 0x0000000780000000, size: 2048 MB, Compressed Oops mode: Zero based, Oop shift amount: 3

CDS archive(s) mapped at: [0x0000000800000000-0x0000000800bd4000-0x0000000800bd4000), size 12402688, SharedBaseAddress: 0x0000000800000000, ArchiveRelocationMode: 0.
Compressed class space mapped at: 0x0000000800c00000-0x0000000840c00000, reserved size: 1073741824
Narrow klass base: 0x0000000800000000, Narrow klass shift: 0, Narrow klass range: 0x100000000

GC Precious Log:
 CPUs: 8 total, 8 available
 Memory: 8192M
 Large Page Support: Disabled
 NUMA Support: Disabled
 Compressed Oops: Enabled (Zero based)
 Heap Region Size: 1M
 Heap Min Capacity: 8M
 Heap Initial Capacity: 128M
 Heap Max Capacity: 2G
 Pre-touch: Disabled
 Parallel Workers: 8
 Concurrent Workers: 2
 Concurrent Refinement Workers: 8
 Periodic GC: Disabled

Heap:
 garbage-first heap   total 133120K, used 24302K [0x0000000780000000, 0x0000000800000000)
  region size 1024K, 22 young (22528K), 3 survivors (3072K)
 Metaspace       used 13223K, committed 13440K, reserved 1064960K
  class space    used 2014K, committed 2112K, reserved 1048576K

Heap Regions: E=young(eden), S=young(survivor), O=old, HS=humongous(starts), HC=humongous(continues), CS=collection set, F=free, OA=open archive, CA=closed archive, TAMS=top-at-mark-start (previous, next)
|   0|0x0000000780000000, 0x0000000780100000, 0x0000000780100000|100%| O|  |TAMS 0x0000000780000000, 0x0000000780000000| Untracked 
|   1|0x0000000780100000, 0x00000007801c3a08, 0x0000000780200000| 76%| O|  |TAMS 0x0000000780100000, 0x0000000780100000| Untracked 
|   2|0x0000000780200000, 0x0000000780200000, 0x0000000780300000|  0%| F|  |TAMS 0x0000000780200000, 0x0000000780200000| Untracked 
|   3|0x0000000780300000, 0x0000000780300000, 0x0000000780400000|  0%| F|  |TAMS 0x0000000780300000, 0x0000000780300000| Untracked 
|   4|0x0000000780400000, 0x0000000780400000, 0x0000000780500000|  0%| F|  |TAMS 0x0000000780400000, 0x0000000780400000| Untracked 
|   5|0x0000000780500000, 0x0000000780500000, 0x0000000780600000|  0%| F|  |TAMS 0x0000000780500000, 0x0000000780500000| Untracked 
|   6|0x0000000780600000, 0x0000000780600000, 0x0000000780700000|  0%| F|  |TAMS 0x0000000780600000, 0x0000000780600000| Untracked 
|   7|0x0000000780700000, 0x0000000780700000, 0x0000000780800000|  0%| F|  |TAMS 0x0000000780700000, 0x0000000780700000| Untracked 
|   8|0x0000000780800000, 0x0000000780800000, 0x0000000780900000|  0%| F|  |TAMS 0x0000000780800000, 0x0000000780800000| Untracked 
|   9|0x0000000780900000, 0x0000000780900000, 0x0000000780a00000|  0%| F|  |TAMS 0x0000000780900000, 0x0000000780900000| Untracked 
|  10|0x0000000780a00000, 0x0000000780a00000, 0x0000000780b00000|  0%| F|  |TAMS 0x0000000780a00000, 0x0000000780a00000| Untracked 
|  11|0x0000000780b00000, 0x0000000780b00000, 0x0000000780c00000|  0%| F|  |TAMS 0x0000000780b00000, 0x0000000780b00000| Untracked 
|  12|0x0000000780c00000, 0x0000000780c00000, 0x0000000780d00000|  0%| F|  |TAMS 0x0000000780c00000, 0x0000000780c00000| Untracked 
|  13|0x0000000780d00000, 0x0000000780d00000, 0x0000000780e00000|  0%| F|  |TAMS 0x0000000780d00000, 0x0000000780d00000| Untracked 
|  14|0x0000000780e00000, 0x0000000780e00000, 0x0000000780f00000|  0%| F|  |TAMS 0x0000000780e00000, 0x0000000780e00000| Untracked 
|  15|0x0000000780f00000, 0x0000000780f00000, 0x0000000781000000|  0%| F|  |TAMS 0x0000000780f00000, 0x0000000780f00000| Untracked 
|  16|0x0000000781000000, 0x0000000781000000, 0x0000000781100000|  0%| F|  |TAMS 0x0000000781000000, 0x0000000781000000| Untracked 
|  17|0x0000000781100000, 0x0000000781100000, 0x0000000781200000|  0%| F|  |TAMS 0x0000000781100000, 0x0000000781100000| Untracked 
|  18|0x0000000781200000, 0x0000000781200000, 0x0000000781300000|  0%| F|  |TAMS 0x0000000781200000, 0x0000000781200000| Untracked 
|  19|0x0000000781300000, 0x0000000781300000, 0x0000000781400000|  0%| F|  |TAMS 0x0000000781300000, 0x0000000781300000| Untracked 
|  20|0x0000000781400000, 0x0000000781400000, 0x0000000781500000|  0%| F|  |TAMS 0x0000000781400000, 0x0000000781400000| Untracked 
|  21|0x0000000781500000, 0x0000000781500000, 0x0000000781600000|  0%| F|  |TAMS 0x0000000781500000, 0x0000000781500000| Untracked 
|  22|0x0000000781600000, 0x0000000781600000, 0x0000000781700000|  0%| F|  |TAMS 0x0000000781600000, 0x0000000781600000| Untracked 
|  23|0x0000000781700000, 0x0000000781700000, 0x0000000781800000|  0%| F|  |TAMS 0x0000000781700000, 0x0000000781700000| Untracked 
|  24|0x0000000781800000, 0x0000000781800000, 0x0000000781900000|  0%| F|  |TAMS 0x0000000781800000, 0x0000000781800000| Untracked 
|  25|0x0000000781900000, 0x0000000781900000, 0x0000000781a00000|  0%| F|  |TAMS 0x0000000781900000, 0x0000000781900000| Untracked 
|  26|0x0000000781a00000, 0x0000000781a00000, 0x0000000781b00000|  0%| F|  |TAMS 0x0000000781a00000, 0x0000000781a00000| Untracked 
|  27|0x0000000781b00000, 0x0000000781b00000, 0x0000000781c00000|  0%| F|  |TAMS 0x0000000781b00000, 0x0000000781b00000| Untracked 
|  28|0x0000000781c00000, 0x0000000781c00000, 0x0000000781d00000|  0%| F|  |TAMS 0x0000000781c00000, 0x0000000781c00000| Untracked 
|  29|0x0000000781d00000, 0x0000000781d00000, 0x0000000781e00000|  0%| F|  |TAMS 0x0000000781d00000, 0x0000000781d00000| Untracked 
|  30|0x0000000781e00000, 0x0000000781e00000, 0x0000000781f00000|  0%| F|  |TAMS 0x0000000781e00000, 0x0000000781e00000| Untracked 
|  31|0x0000000781f00000, 0x0000000781f00000, 0x0000000782000000|  0%| F|  |TAMS 0x0000000781f00000, 0x0000000781f00000| Untracked 
|  32|0x0000000782000000, 0x0000000782000000, 0x0000000782100000|  0%| F|  |TAMS 0x0000000782000000, 0x0000000782000000| Untracked 
|  33|0x0000000782100000, 0x0000000782100000, 0x0000000782200000|  0%| F|  |TAMS 0x0000000782100000, 0x0000000782100000| Untracked 
|  34|0x0000000782200000, 0x0000000782200000, 0x0000000782300000|  0%| F|  |TAMS 0x0000000782200000, 0x0000000782200000| Untracked 
|  35|0x0000000782300000, 0x0000000782300000, 0x0000000782400000|  0%| F|  |TAMS 0x0000000782300000, 0x0000000782300000| Untracked 
|  36|0x0000000782400000, 0x0000000782400000, 0x0000000782500000|  0%| F|  |TAMS 0x0000000782400000, 0x0000000782400000| Untracked 
|  37|0x0000000782500000, 0x0000000782500000, 0x0000000782600000|  0%| F|  |TAMS 0x0000000782500000, 0x0000000782500000| Untracked 
|  38|0x0000000782600000, 0x0000000782600000, 0x0000000782700000|  0%| F|  |TAMS 0x0000000782600000, 0x0000000782600000| Untracked 
|  39|0x0000000782700000, 0x0000000782700000, 0x0000000782800000|  0%| F|  |TAMS 0x0000000782700000, 0x0000000782700000| Untracked 
|  40|0x0000000782800000, 0x0000000782800000, 0x0000000782900000|  0%| F|  |TAMS 0x0000000782800000, 0x0000000782800000| Untracked 
|  41|0x0000000782900000, 0x0000000782900000, 0x0000000782a00000|  0%| F|  |TAMS 0x0000000782900000, 0x0000000782900000| Untracked 
|  42|0x0000000782a00000, 0x0000000782a00000, 0x0000000782b00000|  0%| F|  |TAMS 0x0000000782a00000, 0x0000000782a00000| Untracked 
|  43|0x0000000782b00000, 0x0000000782b00000, 0x0000000782c00000|  0%| F|  |TAMS 0x0000000782b00000, 0x0000000782b00000| Untracked 
|  44|0x0000000782c00000, 0x0000000782c00000, 0x0000000782d00000|  0%| F|  |TAMS 0x0000000782c00000, 0x0000000782c00000| Untracked 
|  45|0x0000000782d00000, 0x0000000782d00000, 0x0000000782e00000|  0%| F|  |TAMS 0x0000000782d00000, 0x0000000782d00000| Untracked 
|  46|0x0000000782e00000, 0x0000000782e00000, 0x0000000782f00000|  0%| F|  |TAMS 0x0000000782e00000, 0x0000000782e00000| Untracked 
|  47|0x0000000782f00000, 0x0000000782f00000, 0x0000000783000000|  0%| F|  |TAMS 0x0000000782f00000, 0x0000000782f00000| Untracked 
|  48|0x0000000783000000, 0x0000000783000000, 0x0000000783100000|  0%| F|  |TAMS 0x0000000783000000, 0x0000000783000000| Untracked 
|  49|0x0000000783100000, 0x0000000783100000, 0x0000000783200000|  0%| F|  |TAMS 0x0000000783100000, 0x0000000783100000| Untracked 
|  50|0x0000000783200000, 0x0000000783200000, 0x0000000783300000|  0%| F|  |TAMS 0x0000000783200000, 0x0000000783200000| Untracked 
|  51|0x0000000783300000, 0x0000000783300000, 0x0000000783400000|  0%| F|  |TAMS 0x0000000783300000, 0x0000000783300000| Untracked 
|  52|0x0000000783400000, 0x0000000783400000, 0x0000000783500000|  0%| F|  |TAMS 0x0000000783400000, 0x0000000783400000| Untracked 
|  53|0x0000000783500000, 0x0000000783500000, 0x0000000783600000|  0%| F|  |TAMS 0x0000000783500000, 0x0000000783500000| Untracked 
|  54|0x0000000783600000, 0x0000000783600000, 0x0000000783700000|  0%| F|  |TAMS 0x0000000783600000, 0x0000000783600000| Untracked 
|  55|0x0000000783700000, 0x0000000783700000, 0x0000000783800000|  0%| F|  |TAMS 0x0000000783700000, 0x0000000783700000| Untracked 
|  56|0x0000000783800000, 0x0000000783800000, 0x0000000783900000|  0%| F|  |TAMS 0x0000000783800000, 0x0000000783800000| Untracked 
|  57|0x0000000783900000, 0x0000000783900000, 0x0000000783a00000|  0%| F|  |TAMS 0x0000000783900000, 0x0000000783900000| Untracked 
|  58|0x0000000783a00000, 0x0000000783a00000, 0x0000000783b00000|  0%| F|  |TAMS 0x0000000783a00000, 0x0000000783a00000| Untracked 
|  59|0x0000000783b00000, 0x0000000783b00000, 0x0000000783c00000|  0%| F|  |TAMS 0x0000000783b00000, 0x0000000783b00000| Untracked 
|  60|0x0000000783c00000, 0x0000000783c00000, 0x0000000783d00000|  0%| F|  |TAMS 0x0000000783c00000, 0x0000000783c00000| Untracked 
|  61|0x0000000783d00000, 0x0000000783d00000, 0x0000000783e00000|  0%| F|  |TAMS 0x0000000783d00000, 0x0000000783d00000| Untracked 
|  62|0x0000000783e00000, 0x0000000783e00000, 0x0000000783f00000|  0%| F|  |TAMS 0x0000000783e00000, 0x0000000783e00000| Untracked 
|  63|0x0000000783f00000, 0x0000000783f00000, 0x0000000784000000|  0%| F|  |TAMS 0x0000000783f00000, 0x0000000783f00000| Untracked 
|  64|0x0000000784000000, 0x0000000784000000, 0x0000000784100000|  0%| F|  |TAMS 0x0000000784000000, 0x0000000784000000| Untracked 
|  65|0x0000000784100000, 0x0000000784100000, 0x0000000784200000|  0%| F|  |TAMS 0x0000000784100000, 0x0000000784100000| Untracked 
|  66|0x0000000784200000, 0x0000000784200000, 0x0000000784300000|  0%| F|  |TAMS 0x0000000784200000, 0x0000000784200000| Untracked 
|  67|0x0000000784300000, 0x0000000784300000, 0x0000000784400000|  0%| F|  |TAMS 0x0000000784300000, 0x0000000784300000| Untracked 
|  68|0x0000000784400000, 0x0000000784400000, 0x0000000784500000|  0%| F|  |TAMS 0x0000000784400000, 0x0000000784400000| Untracked 
|  69|0x0000000784500000, 0x0000000784500000, 0x0000000784600000|  0%| F|  |TAMS 0x0000000784500000, 0x0000000784500000| Untracked 
|  70|0x0000000784600000, 0x0000000784600000, 0x0000000784700000|  0%| F|  |TAMS 0x0000000784600000, 0x0000000784600000| Untracked 
|  71|0x0000000784700000, 0x0000000784700000, 0x0000000784800000|  0%| F|  |TAMS 0x0000000784700000, 0x0000000784700000| Untracked 
|  72|0x0000000784800000, 0x0000000784800000, 0x0000000784900000|  0%| F|  |TAMS 0x0000000784800000, 0x0000000784800000| Untracked 
|  73|0x0000000784900000, 0x0000000784900000, 0x0000000784a00000|  0%| F|  |TAMS 0x0000000784900000, 0x0000000784900000| Untracked 
|  74|0x0000000784a00000, 0x0000000784a00000, 0x0000000784b00000|  0%| F|  |TAMS 0x0000000784a00000, 0x0000000784a00000| Untracked 
|  75|0x0000000784b00000, 0x0000000784b00000, 0x0000000784c00000|  0%| F|  |TAMS 0x0000000784b00000, 0x0000000784b00000| Untracked 
|  76|0x0000000784c00000, 0x0000000784c00000, 0x0000000784d00000|  0%| F|  |TAMS 0x0000000784c00000, 0x0000000784c00000| Untracked 
|  77|0x0000000784d00000, 0x0000000784d00000, 0x0000000784e00000|  0%| F|  |TAMS 0x0000000784d00000, 0x0000000784d00000| Untracked 
|  78|0x0000000784e00000, 0x0000000784e00000, 0x0000000784f00000|  0%| F|  |TAMS 0x0000000784e00000, 0x0000000784e00000| Untracked 
|  79|0x0000000784f00000, 0x0000000784f00000, 0x0000000785000000|  0%| F|  |TAMS 0x0000000784f00000, 0x0000000784f00000| Untracked 
|  80|0x0000000785000000, 0x0000000785000000, 0x0000000785100000|  0%| F|  |TAMS 0x0000000785000000, 0x0000000785000000| Untracked 
|  81|0x0000000785100000, 0x0000000785100000, 0x0000000785200000|  0%| F|  |TAMS 0x0000000785100000, 0x0000000785100000| Untracked 
|  82|0x0000000785200000, 0x0000000785200000, 0x0000000785300000|  0%| F|  |TAMS 0x0000000785200000, 0x0000000785200000| Untracked 
|  83|0x0000000785300000, 0x0000000785300000, 0x0000000785400000|  0%| F|  |TAMS 0x0000000785300000, 0x0000000785300000| Untracked 
|  84|0x0000000785400000, 0x0000000785400000, 0x0000000785500000|  0%| F|  |TAMS 0x0000000785400000, 0x0000000785400000| Untracked 
|  85|0x0000000785500000, 0x0000000785500000, 0x0000000785600000|  0%| F|  |TAMS 0x0000000785500000, 0x0000000785500000| Untracked 
|  86|0x0000000785600000, 0x0000000785600000, 0x0000000785700000|  0%| F|  |TAMS 0x0000000785600000, 0x0000000785600000| Untracked 
|  87|0x0000000785700000, 0x0000000785700000, 0x0000000785800000|  0%| F|  |TAMS 0x0000000785700000, 0x0000000785700000| Untracked 
|  88|0x0000000785800000, 0x0000000785800000, 0x0000000785900000|  0%| F|  |TAMS 0x0000000785800000, 0x0000000785800000| Untracked 
|  89|0x0000000785900000, 0x0000000785900000, 0x0000000785a00000|  0%| F|  |TAMS 0x0000000785900000, 0x0000000785900000| Untracked 
|  90|0x0000000785a00000, 0x0000000785a00000, 0x0000000785b00000|  0%| F|  |TAMS 0x0000000785a00000, 0x0000000785a00000| Untracked 
|  91|0x0000000785b00000, 0x0000000785b00000, 0x0000000785c00000|  0%| F|  |TAMS 0x0000000785b00000, 0x0000000785b00000| Untracked 
|  92|0x0000000785c00000, 0x0000000785c00000, 0x0000000785d00000|  0%| F|  |TAMS 0x0000000785c00000, 0x0000000785c00000| Untracked 
|  93|0x0000000785d00000, 0x0000000785d00000, 0x0000000785e00000|  0%| F|  |TAMS 0x0000000785d00000, 0x0000000785d00000| Untracked 
|  94|0x0000000785e00000, 0x0000000785e00000, 0x0000000785f00000|  0%| F|  |TAMS 0x0000000785e00000, 0x0000000785e00000| Untracked 
|  95|0x0000000785f00000, 0x0000000785f00000, 0x0000000786000000|  0%| F|  |TAMS 0x0000000785f00000, 0x0000000785f00000| Untracked 
|  96|0x0000000786000000, 0x0000000786000000, 0x0000000786100000|  0%| F|  |TAMS 0x0000000786000000, 0x0000000786000000| Untracked 
|  97|0x0000000786100000, 0x0000000786100000, 0x0000000786200000|  0%| F|  |TAMS 0x0000000786100000, 0x0000000786100000| Untracked 
|  98|0x0000000786200000, 0x0000000786200000, 0x0000000786300000|  0%| F|  |TAMS 0x0000000786200000, 0x0000000786200000| Untracked 
|  99|0x0000000786300000, 0x0000000786300000, 0x0000000786400000|  0%| F|  |TAMS 0x0000000786300000, 0x0000000786300000| Untracked 
| 100|0x0000000786400000, 0x0000000786400000, 0x0000000786500000|  0%| F|  |TAMS 0x0000000786400000, 0x0000000786400000| Untracked 
| 101|0x0000000786500000, 0x0000000786500000, 0x0000000786600000|  0%| F|  |TAMS 0x0000000786500000, 0x0000000786500000| Untracked 
| 102|0x0000000786600000, 0x0000000786700000, 0x0000000786700000|100%| S|CS|TAMS 0x0000000786600000, 0x0000000786600000| Complete 
| 103|0x0000000786700000, 0x0000000786800000, 0x0000000786800000|100%| S|CS|TAMS 0x0000000786700000, 0x0000000786700000| Complete 
| 104|0x0000000786800000, 0x0000000786900000, 0x0000000786900000|100%| S|CS|TAMS 0x0000000786800000, 0x0000000786800000| Complete 
| 105|0x0000000786900000, 0x0000000786900000, 0x0000000786a00000|  0%| F|  |TAMS 0x0000000786900000, 0x0000000786900000| Untracked 
| 106|0x0000000786a00000, 0x0000000786a00000, 0x0000000786b00000|  0%| F|  |TAMS 0x0000000786a00000, 0x0000000786a00000| Untracked 
| 107|0x0000000786b00000, 0x0000000786b00000, 0x0000000786c00000|  0%| F|  |TAMS 0x0000000786b00000, 0x0000000786b00000| Untracked 
| 108|0x0000000786c00000, 0x0000000786c00000, 0x0000000786d00000|  0%| F|  |TAMS 0x0000000786c00000, 0x0000000786c00000| Untracked 
| 109|0x0000000786d00000, 0x0000000786d5f698, 0x0000000786e00000| 37%| E|  |TAMS 0x0000000786d00000, 0x0000000786d00000| Complete 
| 110|0x0000000786e00000, 0x0000000786f00000, 0x0000000786f00000|100%| E|CS|TAMS 0x0000000786e00000, 0x0000000786e00000| Complete 
| 111|0x0000000786f00000, 0x0000000787000000, 0x0000000787000000|100%| E|CS|TAMS 0x0000000786f00000, 0x0000000786f00000| Complete 
| 112|0x0000000787000000, 0x0000000787100000, 0x0000000787100000|100%| E|CS|TAMS 0x0000000787000000, 0x0000000787000000| Complete 
| 113|0x0000000787100000, 0x0000000787200000, 0x0000000787200000|100%| E|CS|TAMS 0x0000000787100000, 0x0000000787100000| Complete 
| 114|0x0000000787200000, 0x0000000787300000, 0x0000000787300000|100%| E|CS|TAMS 0x0000000787200000, 0x0000000787200000| Complete 
| 115|0x0000000787300000, 0x0000000787400000, 0x0000000787400000|100%| E|CS|TAMS 0x0000000787300000, 0x0000000787300000| Complete 
| 116|0x0000000787400000, 0x0000000787500000, 0x0000000787500000|100%| E|CS|TAMS 0x0000000787400000, 0x0000000787400000| Complete 
| 117|0x0000000787500000, 0x0000000787600000, 0x0000000787600000|100%| E|CS|TAMS 0x0000000787500000, 0x0000000787500000| Complete 
| 118|0x0000000787600000, 0x0000000787700000, 0x0000000787700000|100%| E|CS|TAMS 0x0000000787600000, 0x0000000787600000| Complete 
| 119|0x0000000787700000, 0x0000000787800000, 0x0000000787800000|100%| E|CS|TAMS 0x0000000787700000, 0x0000000787700000| Complete 
| 120|0x0000000787800000, 0x0000000787900000, 0x0000000787900000|100%| E|CS|TAMS 0x0000000787800000, 0x0000000787800000| Complete 
| 121|0x0000000787900000, 0x0000000787a00000, 0x0000000787a00000|100%| E|CS|TAMS 0x0000000787900000, 0x0000000787900000| Complete 
| 122|0x0000000787a00000, 0x0000000787b00000, 0x0000000787b00000|100%| E|CS|TAMS 0x0000000787a00000, 0x0000000787a00000| Complete 
| 123|0x0000000787b00000, 0x0000000787c00000, 0x0000000787c00000|100%| E|CS|TAMS 0x0000000787b00000, 0x0000000787b00000| Complete 
| 124|0x0000000787c00000, 0x0000000787d00000, 0x0000000787d00000|100%| E|CS|TAMS 0x0000000787c00000, 0x0000000787c00000| Complete 
| 125|0x0000000787d00000, 0x0000000787e00000, 0x0000000787e00000|100%| E|CS|TAMS 0x0000000787d00000, 0x0000000787d00000| Complete 
| 126|0x0000000787e00000, 0x0000000787f00000, 0x0000000787f00000|100%| E|CS|TAMS 0x0000000787e00000, 0x0000000787e00000| Complete 
| 127|0x0000000787f00000, 0x0000000788000000, 0x0000000788000000|100%| E|CS|TAMS 0x0000000787f00000, 0x0000000787f00000| Complete 
|2046|0x00000007ffe00000, 0x00000007ffe78000, 0x00000007fff00000| 46%|OA|  |TAMS 0x00000007ffe00000, 0x00000007ffe00000| Untracked 
|2047|0x00000007fff00000, 0x00000007fff80000, 0x0000000800000000| 50%|CA|  |TAMS 0x00000007fff00000, 0x00000007fff00000| Untracked 

Card table byte_map: [0x0000000102d10000,0x0000000103110000] _byte_map_base: 0x00000000ff110000

Marking Bits (Prev, Next): (CMBitMap*) 0x000000015d82e810, (CMBitMap*) 0x000000015d82e850
 Prev Bits: [0x000000011ac5c000, 0x000000011cc5c000)
 Next Bits: [0x000000011cc5c000, 0x000000011ec5c000)

Polling page: 0x000000010257c000

Metaspace:

Usage:
  Non-class:     10.95 MB used.
      Class:      1.97 MB used.
       Both:     12.91 MB used.

Virtual space:
  Non-class space:       16.00 MB reserved,      11.06 MB ( 69%) committed,  2 nodes.
      Class space:        1.00 GB reserved,       2.06 MB ( <1%) committed,  1 nodes.
             Both:        1.02 GB reserved,      13.12 MB (  1%) committed. 

Chunk freelists:
   Non-Class:  208.00 KB
       Class:  1.80 MB
        Both:  2.00 MB

MaxMetaspaceSize: unlimited
CompressedClassSpaceSize: 1.00 GB
Initial GC threshold: 21.00 MB
Current GC threshold: 21.00 MB
CDS: on
MetaspaceReclaimPolicy: balanced
 - commit_granule_bytes: 65536.
 - commit_granule_words: 8192.
 - virtual_space_node_default_size: 1048576.
 - enlarge_chunks_in_place: 1.
 - new_chunks_are_fully_committed: 0.
 - uncommit_free_chunks: 1.
 - use_allocation_guard: 0.
 - handle_deallocations: 1.


Internal statistics:

num_allocs_failed_limit: 0.
num_arena_births: 154.
num_arena_deaths: 0.
num_vsnodes_births: 3.
num_vsnodes_deaths: 0.
num_space_committed: 210.
num_space_uncommitted: 0.
num_chunks_returned_to_freelist: 0.
num_chunks_taken_from_freelist: 577.
num_chunk_merges: 0.
num_chunk_splits: 413.
num_chunks_enlarged: 333.
num_purges: 0.
num_inconsistent_stats: 0.

CodeHeap 'non-profiled nmethods': size=120032Kb used=617Kb max_used=617Kb free=119414Kb
 bounds [0x0000000113724000, 0x0000000113994000, 0x000000011ac5c000]
CodeHeap 'profiled nmethods': size=120016Kb used=3301Kb max_used=3301Kb free=116715Kb
 bounds [0x000000010c1f0000, 0x000000010c530000, 0x0000000113724000]
CodeHeap 'non-nmethods': size=5712Kb used=1364Kb max_used=1420Kb free=4347Kb
 bounds [0x000000010bc5c000, 0x000000010becc000, 0x000000010c1f0000]
 total_blobs=2397 nmethods=1651 adapters=662
 compilation: enabled
              stopped_count=0, restarted_count=0
 full_count=0

Compilation events (20 events):
Event: 1.710 Thread 0x000000015c00ea00 1662       1       com.sun.javafx.geom.transform.BaseTransform::getMzt (2 bytes)
Event: 1.710 Thread 0x000000015c00ea00 nmethod 1662 0x00000001137b9690 code [0x00000001137b9800, 0x00000001137b98e8]
Event: 1.710 Thread 0x000000015c00ea00 1659       1       com.sun.javafx.scene.input.PickResultChooser::isClosed (5 bytes)
Event: 1.710 Thread 0x000000015c00ea00 nmethod 1659 0x00000001137b9990 code [0x00000001137b9b00, 0x00000001137b9be8]
Event: 1.738 Thread 0x000000015c00ea00 1663       1       java.util.concurrent.CopyOnWriteArrayList::getArray (5 bytes)
Event: 1.738 Thread 0x000000015c00ea00 nmethod 1663 0x00000001137b9c90 code [0x00000001137b9e00, 0x00000001137b9ee8]
Event: 1.739 Thread 0x000000015c00ea00 1664       1       java.util.WeakHashMap$Entry::getValue (5 bytes)
Event: 1.739 Thread 0x000000015c00ea00 nmethod 1664 0x00000001137b9f90 code [0x00000001137ba100, 0x00000001137ba1e8]
Event: 1.746 Thread 0x000000015c00ea00 1665       1       com.sun.javafx.geom.PickRay::getNearClip (5 bytes)
Event: 1.746 Thread 0x000000015c00ea00 nmethod 1665 0x00000001137ba290 code [0x00000001137ba400, 0x00000001137ba4e8]
Event: 1.746 Thread 0x000000015c00ea00 1667       3       com.sun.javafx.event.EventDispatchChainImpl::dispatchEvent (101 bytes)
Event: 1.747 Thread 0x000000015c00ea00 nmethod 1667 0x000000010c521490 code [0x000000010c521640, 0x000000010c521998]
Event: 1.747 Thread 0x000000015c00ea00 1666       1       com.sun.javafx.geom.PickRay::getFarClip (5 bytes)
Event: 1.747 Thread 0x000000015c00ea00 nmethod 1666 0x00000001137ba590 code [0x00000001137ba700, 0x00000001137ba7e8]
Event: 1.754 Thread 0x000000015c00ea00 1668       3       java.util.EnumMap$EnumMapIterator::hasNext (64 bytes)
Event: 1.755 Thread 0x000000015c00ea00 nmethod 1668 0x000000010c521b10 code [0x000000010c521cc0, 0x000000010c521f68]
Event: 1.756 Thread 0x000000015c00ea00 1669       3       com.sun.javafx.css.ParsedValueImpl::hashCode (236 bytes)
Event: 1.757 Thread 0x000000015d00e600 1672   !   4       java.util.WeakHashMap::expungeStaleEntries (139 bytes)
Event: 1.757 Thread 0x000000015c00ea00 nmethod 1669 0x000000010c522090 code [0x000000010c522340, 0x000000010c523138]
Event: 1.757 Thread 0x000000015c00ea00 1670       3       javafx.scene.CssStyleHelper::getTransitionStates (144 bytes)

GC Heap History (2 events):
Event: 0.379 GC heap before
{Heap before GC invocations=0 (full 0):
 garbage-first heap   total 133120K, used 23520K [0x0000000780000000, 0x0000000800000000)
  region size 1024K, 23 young (23552K), 0 survivors (0K)
 Metaspace       used 7522K, committed 7744K, reserved 1064960K
  class space    used 992K, committed 1088K, reserved 1048576K
}
Event: 0.381 GC heap after
{Heap after GC invocations=1 (full 0):
 garbage-first heap   total 133120K, used 5870K [0x0000000780000000, 0x0000000800000000)
  region size 1024K, 3 young (3072K), 3 survivors (3072K)
 Metaspace       used 7522K, committed 7744K, reserved 1064960K
  class space    used 992K, committed 1088K, reserved 1048576K
}

Deoptimization events (20 events):
Event: 0.450 Thread 0x000000015c2b5400 DEOPT PACKING pc=0x000000010c32869c sp=0x000000016da01960
Event: 0.450 Thread 0x000000015c2b5400 DEOPT UNPACKING pc=0x000000010bc9ab7c sp=0x000000016da015d0 mode 0
Event: 0.532 Thread 0x000000015c2b5400 Uncommon trap: trap_request=0xffffff45 fr.pc=0x0000000113729f58 relative=0x0000000000000098
Event: 0.532 Thread 0x000000015c2b5400 Uncommon trap: reason=unstable_if action=reinterpret pc=0x0000000113729f58 method=java.lang.String.isLatin1()Z @ 10 c2
Event: 0.532 Thread 0x000000015c2b5400 DEOPT PACKING pc=0x0000000113729f58 sp=0x000000016da01210
Event: 0.532 Thread 0x000000015c2b5400 DEOPT UNPACKING pc=0x000000010bc9ad1c sp=0x000000016da01140 mode 2
Event: 0.542 Thread 0x000000015c2b5400 Uncommon trap: trap_request=0xffffff45 fr.pc=0x000000011376ecdc relative=0x000000000000019c
Event: 0.542 Thread 0x000000015c2b5400 Uncommon trap: reason=unstable_if action=reinterpret pc=0x000000011376ecdc method=java.io.ByteArrayInputStream.read()I @ 8 c2
Event: 0.542 Thread 0x000000015c2b5400 DEOPT PACKING pc=0x000000011376ecdc sp=0x000000016da007d0
Event: 0.542 Thread 0x000000015c2b5400 DEOPT UNPACKING pc=0x000000010bc9ad1c sp=0x000000016da00750 mode 2
Event: 0.542 Thread 0x000000015c2b5400 Uncommon trap: trap_request=0xffffff45 fr.pc=0x0000000113759a3c relative=0x000000000000007c
Event: 0.542 Thread 0x000000015c2b5400 Uncommon trap: reason=unstable_if action=reinterpret pc=0x0000000113759a3c method=jdk.internal.misc.Unsafe.convEndian(ZI)I @ 4 c2
Event: 0.542 Thread 0x000000015c2b5400 DEOPT PACKING pc=0x0000000113759a3c sp=0x000000016da00630
Event: 0.542 Thread 0x000000015c2b5400 DEOPT UNPACKING pc=0x000000010bc9ad1c sp=0x000000016da00560 mode 2
Event: 0.586 Thread 0x000000015c2b5400 DEOPT PACKING pc=0x000000010c2886e4 sp=0x000000016da01920
Event: 0.586 Thread 0x000000015c2b5400 DEOPT UNPACKING pc=0x000000010bc9ab7c sp=0x000000016da015c0 mode 0
Event: 1.126 Thread 0x000000015d903a00 Uncommon trap: trap_request=0xffffff45 fr.pc=0x000000011376617c relative=0x0000000000000dbc
Event: 1.126 Thread 0x000000015d903a00 Uncommon trap: reason=unstable_if action=reinterpret pc=0x000000011376617c method=java.util.concurrent.ConcurrentHashMap.putVal(Ljava/lang/Object;Ljava/lang/Object;Z)Ljava/lang/Object; @ 148 c2
Event: 1.126 Thread 0x000000015d903a00 DEOPT PACKING pc=0x000000011376617c sp=0x00000001768818c0
Event: 1.126 Thread 0x000000015d903a00 DEOPT UNPACKING pc=0x000000010bc9ad1c sp=0x00000001768817d0 mode 2

Classes unloaded (0 events):
No events

Classes redefined (0 events):
No events

Internal exceptions (20 events):
Event: 0.317 Thread 0x000000015c2b5400 Exception <a 'java/lang/NullPointerException'{0x00000007870525a0}> (0x00000007870525a0) 
thrown [open/src/hotspot/share/interpreter/linkResolver.cpp, line 1357]
Event: 0.359 Thread 0x000000015c2b5400 Exception <a 'java/lang/NoSuchMethodError'{0x0000000786bc1118}: 'void java.lang.invoke.DirectMethodHandle$Holder.invokeStaticInit(java.lang.Object, java.lang.Object)'> (0x0000000786bc1118) 
thrown [open/src/hotspot/share/interpreter/linkResolver.cpp, line 766]
Event: 0.387 Thread 0x000000015c2b5400 Implicit null exception at 0x0000000113771194 to 0x0000000113771524
Event: 0.390 Thread 0x000000015c2b5400 Exception <a 'java/lang/NoSuchMethodError'{0x0000000787e1fdc0}: 'java.lang.Object java.lang.invoke.DirectMethodHandle$Holder.invokeInterface(java.lang.Object, java.lang.Object)'> (0x0000000787e1fdc0) 
thrown [open/src/hotspot/share/interpreter/linkResolver.cpp, line 766]
Event: 0.422 Thread 0x000000015c2b5400 Implicit null exception at 0x0000000113771c94 to 0x000000011377204c
Event: 0.423 Thread 0x000000015c2b5400 Implicit null exception at 0x000000011372e654 to 0x000000011372e6c0
Event: 0.428 Thread 0x000000015c2b5400 Exception <a 'java/lang/NoSuchMethodError'{0x0000000787c9dc58}: 'int java.lang.invoke.DirectMethodHandle$Holder.invokeStaticInit(java.lang.Object, java.lang.Object)'> (0x0000000787c9dc58) 
thrown [open/src/hotspot/share/interpreter/linkResolver.cpp, line 766]
Event: 0.431 Thread 0x000000015c2b5400 Exception <a 'java/lang/NoSuchMethodError'{0x0000000787ce9b60}: 'void java.lang.invoke.DirectMethodHandle$Holder.invokeSpecial(java.lang.Object, java.lang.Object, java.lang.Object, java.lang.Object, java.lang.Object)'> (0x0000000787ce9b60) 
thrown [open/src/hotspot/share/interpreter/linkResolver.cpp, line 766]
Event: 0.462 Thread 0x000000015c2b5400 Exception <a 'java/lang/NoSuchMethodError'{0x00000007878b1458}: 'java.lang.Object java.lang.invoke.DirectMethodHandle$Holder.invokeInterface(java.lang.Object, java.lang.Object, java.lang.Object)'> (0x00000007878b1458) 
thrown [open/src/hotspot/share/interpreter/linkResolver.cpp, line 766]
Event: 0.462 Thread 0x000000015c2b5400 Exception <a 'java/lang/IncompatibleClassChangeError'{0x00000007878b4de0}: Found class java.lang.Object, but interface was expected> (0x00000007878b4de0) 
thrown [open/src/hotspot/share/interpreter/linkResolver.cpp, line 833]
Event: 0.554 Thread 0x000000015c2b5400 Exception <a 'java/lang/NoSuchMethodError'{0x00000007875b7f90}: 'java.lang.Object java.lang.invoke.DirectMethodHandle$Holder.newInvokeSpecial(java.lang.Object, java.lang.Object, int)'> (0x00000007875b7f90) 
thrown [open/src/hotspot/share/interpreter/linkResolver.cpp, line 766]
Event: 1.466 Thread 0x000000015c2b5400 Exception <a 'java/lang/NoSuchMethodError'{0x00000007871c1070}: 'long java.lang.invoke.DirectMethodHandle$Holder.invokeStatic(java.lang.Object, java.lang.Object)'> (0x00000007871c1070) 
thrown [open/src/hotspot/share/interpreter/linkResolver.cpp, line 766]
Event: 1.503 Thread 0x000000015c2b5400 Exception <a 'java/lang/NoSuchMethodError'{0x0000000786e0bb30}: 'long java.lang.invoke.DirectMethodHandle$Holder.invokeStatic(java.lang.Object, java.lang.Object, java.lang.Object)'> (0x0000000786e0bb30) 
thrown [open/src/hotspot/share/interpreter/linkResolver.cpp, line 766]
Event: 1.503 Thread 0x000000015c2b5400 Exception <a 'java/lang/NoSuchMethodError'{0x0000000786e0f2d8}: 'long java.lang.invoke.DirectMethodHandle$Holder.invokeStaticInit(java.lang.Object, java.lang.Object, java.lang.Object)'> (0x0000000786e0f2d8) 
thrown [open/src/hotspot/share/interpreter/linkResolver.cpp, line 766]
Event: 1.504 Thread 0x000000015c2b5400 Exception <a 'java/lang/NoSuchMethodError'{0x0000000786e26ee0}: 'java.lang.Object java.lang.invoke.DirectMethodHandle$Holder.newInvokeSpecial(java.lang.Object, java.lang.Object, long)'> (0x0000000786e26ee0) 
thrown [open/src/hotspot/share/interpreter/linkResolver.cpp, line 766]
Event: 1.504 Thread 0x000000015c2b5400 Exception <a 'java/lang/NoSuchMethodError'{0x0000000786e2a7a8}: 'java.lang.Object java.lang.invoke.Invokers$Holder.linkToTargetMethod(java.lang.Object, long, java.lang.Object)'> (0x0000000786e2a7a8) 
thrown [open/src/hotspot/share/interpreter/linkResolver.cpp, line 766]
Event: 1.512 Thread 0x000000015c060800 Exception <a 'java/lang/NoSuchMethodError'{0x0000000787119b20}: 'java.lang.Object java.lang.invoke.DirectMethodHandle$Holder.invokeStaticInit(java.lang.Object, int)'> (0x0000000787119b20) 
thrown [open/src/hotspot/share/interpreter/linkResolver.cpp, line 766]
Event: 1.512 Thread 0x000000015c2b5400 Exception <a 'java/lang/NoSuchMethodError'{0x0000000786eb7f70}: 'java.lang.Object java.lang.invoke.DirectMethodHandle$Holder.newInvokeSpecial(java.lang.Object, java.lang.Object, int, int, int, int, int, java.lang.Object)'> (0x0000000786eb7f70) 
thrown [open/src/hotspot/share/interpreter/linkResolver.cpp, line 766]
Event: 1.512 Thread 0x000000015c2b5400 Exception <a 'java/lang/NoSuchMethodError'{0x0000000786ecaf50}: 'java.lang.Object java.lang.invoke.DirectMethodHandle$Holder.newInvokeSpecial(java.lang.Object, java.lang.Object, java.lang.Object, int, int, int, int, int)'> (0x0000000786ecaf50) 
thrown [open/src/hotspot/share/interpreter/linkResolver.cpp, line 766]
Event: 1.513 Thread 0x000000015c2b5400 Exception <a 'java/lang/NoSuchMethodError'{0x0000000786ed27b0}: 'java.lang.Object java.lang.invoke.Invokers$Holder.linkToTargetMethod(java.lang.Object, java.lang.Object, int, int, int, int, int, java.lang.Object)'> (0x0000000786ed27b0) 
thrown [open/src/hotspot/share/interpreter/linkResolver.cpp, line 766]

VM Operations (14 events):
Event: 0.105 Executing VM operation: HandshakeAllThreads
Event: 0.105 Executing VM operation: HandshakeAllThreads done
Event: 0.131 Executing VM operation: HandshakeAllThreads
Event: 0.131 Executing VM operation: HandshakeAllThreads done
Event: 0.301 Executing VM operation: ICBufferFull
Event: 0.301 Executing VM operation: ICBufferFull done
Event: 0.356 Executing VM operation: ICBufferFull
Event: 0.356 Executing VM operation: ICBufferFull done
Event: 0.378 Executing VM operation: G1CollectForAllocation
Event: 0.381 Executing VM operation: G1CollectForAllocation done
Event: 1.457 Executing VM operation: ICBufferFull
Event: 1.457 Executing VM operation: ICBufferFull done
Event: 1.505 Executing VM operation: ICBufferFull
Event: 1.505 Executing VM operation: ICBufferFull done

Events (20 events):
Event: 1.489 loading class jdk/internal/reflect/UTF8
Event: 1.489 loading class jdk/internal/reflect/UTF8 done
Event: 1.490 loading class jdk/internal/reflect/Label
Event: 1.490 loading class jdk/internal/reflect/Label done
Event: 1.490 loading class jdk/internal/reflect/Label$PatchInfo
Event: 1.490 loading class jdk/internal/reflect/Label$PatchInfo done
Event: 1.490 loading class jdk/internal/reflect/MethodAccessorGenerator$1
Event: 1.490 loading class jdk/internal/reflect/MethodAccessorGenerator$1 done
Event: 1.490 loading class jdk/internal/reflect/ClassDefiner
Event: 1.490 loading class jdk/internal/reflect/ClassDefiner done
Event: 1.490 loading class jdk/internal/reflect/ClassDefiner$1
Event: 1.490 loading class jdk/internal/reflect/ClassDefiner$1 done
Event: 1.502 loading class java/util/concurrent/ConcurrentLinkedQueue
Event: 1.503 loading class java/util/concurrent/ConcurrentLinkedQueue done
Event: 1.503 loading class java/util/concurrent/ConcurrentLinkedQueue$Node
Event: 1.503 loading class java/util/concurrent/ConcurrentLinkedQueue$Node done
Event: 1.512 loading class java/lang/FdLibm$Hypot
Event: 1.512 loading class java/lang/FdLibm$Hypot done
Event: 1.512 loading class java/lang/FdLibm
Event: 1.512 loading class java/lang/FdLibm done


Dynamic libraries:
0x000000010252c000 	/Users/husseinel-zein/Library/Java/JavaVirtualMachines/openjdk-17.0.2/Contents/Home/lib/libjli.dylib
0x00000001b7d75000 	/usr/lib/libz.1.dylib
0x00000001b7e25000 	/usr/lib/libSystem.B.dylib
0x00000001b7e1f000 	/usr/lib/system/libcache.dylib
0x00000001b7ddd000 	/usr/lib/system/libcommonCrypto.dylib
0x00000001b7e06000 	/usr/lib/system/libcompiler_rt.dylib
0x00000001b7dfd000 	/usr/lib/system/libcopyfile.dylib
0x00000001ad15e000 	/usr/lib/system/libcorecrypto.dylib
0x00000001ad203000 	/usr/lib/system/libdispatch.dylib
0x00000001ad3cb000 	/usr/lib/system/libdyld.dylib
0x00000001b7e15000 	/usr/lib/system/libkeymgr.dylib
0x00000001b7dbf000 	/usr/lib/system/libmacho.dylib
0x00000001b74bf000 	/usr/lib/system/libquarantine.dylib
0x00000001b7e12000 	/usr/lib/system/libremovefile.dylib
0x00000001b255d000 	/usr/lib/system/libsystem_asl.dylib
0x00000001ad108000 	/usr/lib/system/libsystem_blocks.dylib
0x00000001ad289000 	/usr/lib/system/libsystem_c.dylib
0x00000001b7e0a000 	/usr/lib/system/libsystem_collections.dylib
0x00000001b697e000 	/usr/lib/system/libsystem_configuration.dylib
0x00000001b5c02000 	/usr/lib/system/libsystem_containermanager.dylib
0x00000001b7b26000 	/usr/lib/system/libsystem_coreservices.dylib
0x00000001afaef000 	/usr/lib/system/libsystem_darwin.dylib
0x00000001b7e16000 	/usr/lib/system/libsystem_dnssd.dylib
0x00000001ad286000 	/usr/lib/system/libsystem_featureflags.dylib
0x00000001ad3e0000 	/usr/lib/system/libsystem_info.dylib
0x00000001b7d87000 	/usr/lib/system/libsystem_m.dylib
0x00000001ad1d8000 	/usr/lib/system/libsystem_malloc.dylib
0x00000001b24ee000 	/usr/lib/system/libsystem_networkextension.dylib
0x00000001aff43000 	/usr/lib/system/libsystem_notify.dylib
0x00000001be029000 	/usr/lib/system/libsystem_product_info_filter.dylib
0x00000001b6983000 	/usr/lib/system/libsystem_sandbox.dylib
0x00000001b7e0f000 	/usr/lib/system/libsystem_secinit.dylib
0x00000001ad388000 	/usr/lib/system/libsystem_kernel.dylib
0x00000001ad3d8000 	/usr/lib/system/libsystem_platform.dylib
0x00000001ad3be000 	/usr/lib/system/libsystem_pthread.dylib
0x00000001b3c9a000 	/usr/lib/system/libsystem_symptoms.dylib
0x00000001ad144000 	/usr/lib/system/libsystem_trace.dylib
0x00000001b7dea000 	/usr/lib/system/libunwind.dylib
0x00000001ad10a000 	/usr/lib/system/libxpc.dylib
0x00000001ad36e000 	/usr/lib/libc++abi.dylib
0x00000001ad24a000 	/usr/lib/libobjc.A.dylib
0x00000001b7df5000 	/usr/lib/liboah.dylib
0x00000001ad30a000 	/usr/lib/libc++.1.dylib
0x00000001c3a2a000 	/System/Library/Frameworks/Cocoa.framework/Versions/A/Cocoa
0x00000001affa3000 	/System/Library/Frameworks/AppKit.framework/Versions/C/AppKit
0x00000001b34d9000 	/System/Library/Frameworks/CoreData.framework/Versions/A/CoreData
0x00000001ae300000 	/System/Library/Frameworks/Foundation.framework/Versions/C/Foundation
0x00000001b0e5a000 	/System/Library/PrivateFrameworks/UIFoundation.framework/Versions/A/UIFoundation
0x00000001bdd23000 	/System/Library/PrivateFrameworks/RemoteViewServices.framework/Versions/A/RemoteViewServices
0x00000001b633c000 	/System/Library/PrivateFrameworks/XCTTargetBootstrap.framework/Versions/A/XCTTargetBootstrap
0x00000001b9b26000 	/System/Library/PrivateFrameworks/InternationalSupport.framework/Versions/A/InternationalSupport
0x00000001b9baf000 	/System/Library/PrivateFrameworks/UserActivity.framework/Versions/A/UserActivity
0x00000001b9054000 	/usr/lib/libspindump.dylib
0x00000001b10ca000 	/System/Library/Frameworks/UniformTypeIdentifiers.framework/Versions/A/UniformTypeIdentifiers
0x00000001b48c9000 	/usr/lib/libapp_launch_measurement.dylib
0x00000001b3e41000 	/System/Library/PrivateFrameworks/CoreAnalytics.framework/Versions/A/CoreAnalytics
0x00000001b48cc000 	/System/Library/PrivateFrameworks/CoreAutoLayout.framework/Versions/A/CoreAutoLayout
0x00000001b5c3f000 	/System/Library/Frameworks/Metal.framework/Versions/A/Metal
0x00000001b698e000 	/usr/lib/liblangid.dylib
0x00000001b6340000 	/System/Library/PrivateFrameworks/CoreSVG.framework/Versions/A/CoreSVG
0x00000001b2591000 	/System/Library/PrivateFrameworks/SkyLight.framework/Versions/A/SkyLight
0x00000001b295e000 	/System/Library/Frameworks/CoreGraphics.framework/Versions/A/CoreGraphics
0x00000001be3a1000 	/System/Library/Frameworks/Accelerate.framework/Versions/A/Accelerate
0x00000001b8ac8000 	/System/Library/PrivateFrameworks/IconServices.framework/Versions/A/IconServices
0x00000001b5c21000 	/System/Library/Frameworks/IOSurface.framework/Versions/A/IOSurface
0x00000001b3e71000 	/usr/lib/libDiagnosticMessagesClient.dylib
0x00000001c17ea000 	/System/Library/Frameworks/ApplicationServices.framework/Versions/A/ApplicationServices
0x00000001b6324000 	/System/Library/PrivateFrameworks/DFRFoundation.framework/Versions/A/DFRFoundation
0x00000001af844000 	/usr/lib/libicucore.A.dylib
0x00000001ba927000 	/System/Library/Frameworks/AudioToolbox.framework/Versions/A/AudioToolbox
0x00000001b9b32000 	/System/Library/PrivateFrameworks/DataDetectorsCore.framework/Versions/A/DataDetectorsCore
0x00000001cfc80000 	/System/Library/PrivateFrameworks/TextInput.framework/Versions/A/TextInput
0x00000001b2508000 	/usr/lib/libMobileGestalt.dylib
0x00000001b5ff4000 	/System/Library/Frameworks/Carbon.framework/Versions/A/Frameworks/HIToolbox.framework/Versions/A/HIToolbox
0x00000001b42d2000 	/System/Library/Frameworks/QuartzCore.framework/Versions/A/QuartzCore
0x00000001af4c1000 	/System/Library/Frameworks/Security.framework/Versions/A/Security
0x00000001bdd63000 	/System/Library/Frameworks/Carbon.framework/Versions/A/Frameworks/SpeechRecognition.framework/Versions/A/SpeechRecognition
0x00000001b4620000 	/System/Library/PrivateFrameworks/CoreUI.framework/Versions/A/CoreUI
0x00000001aed92000 	/System/Library/Frameworks/CoreAudio.framework/Versions/A/CoreAudio
0x00000001b3f65000 	/System/Library/Frameworks/DiskArbitration.framework/Versions/A/DiskArbitration
0x00000001b9439000 	/System/Library/PrivateFrameworks/MultitouchSupport.framework/Versions/A/MultitouchSupport
0x00000001b2506000 	/usr/lib/libenergytrace.dylib
0x00000001afe6d000 	/System/Library/Frameworks/IOKit.framework/Versions/A/IOKit
0x00000001be14c000 	/System/Library/Frameworks/CoreServices.framework/Versions/A/CoreServices
0x00000001b4859000 	/System/Library/PrivateFrameworks/PerformanceAnalysis.framework/Versions/A/PerformanceAnalysis
0x000000020e82d000 	/System/Library/Frameworks/OpenGL.framework/Versions/A/OpenGL
0x00000001b73df000 	/System/Library/PrivateFrameworks/MobileKeyBag.framework/Versions/A/MobileKeyBag
0x00000001b2f6e000 	/System/Library/Frameworks/ColorSync.framework/Versions/A/ColorSync
0x00000001ad40c000 	/System/Library/Frameworks/CoreFoundation.framework/Versions/A/CoreFoundation
0x00000001b65c1000 	/System/Library/Frameworks/CoreImage.framework/Versions/A/CoreImage
0x00000001aebb5000 	/System/Library/Frameworks/CoreText.framework/Versions/A/CoreText
0x00000001b6370000 	/System/Library/Frameworks/ImageIO.framework/Versions/A/ImageIO
0x00000001b7e2b000 	/System/Library/PrivateFrameworks/SoftLinking.framework/Versions/A/SoftLinking
0x00000001b4916000 	/usr/lib/libxml2.2.dylib
0x00000001b80c4000 	/usr/lib/libcompression.dylib
0x00000001b9a7f000 	/System/Library/PrivateFrameworks/TextureIO.framework/Versions/A/TextureIO
0x00000001b87e2000 	/usr/lib/libate.dylib
0x00000001b86aa000 	/usr/lib/liblzma.5.dylib
0x00000001adff4000 	/System/Library/Frameworks/SystemConfiguration.framework/Versions/A/SystemConfiguration
0x00000001b7e27000 	/usr/lib/libfakelink.dylib
0x00000001b2035000 	/System/Library/Frameworks/CFNetwork.framework/Versions/A/CFNetwork
0x00000001b7f6e000 	/usr/lib/libarchive.2.dylib
0x00000001b698a000 	/System/Library/PrivateFrameworks/AppleSystemInfo.framework/Versions/A/AppleSystemInfo
0x00000001b74ea000 	/usr/lib/libbsm.0.dylib
0x00000001b156d000 	/usr/lib/libnetwork.dylib
0x00000001b7dc5000 	/usr/lib/system/libkxld.dylib
0x00000001b7101000 	/System/Library/PrivateFrameworks/IOMobileFramebuffer.framework/Versions/A/IOMobileFramebuffer
0x000000022a65e000 	/usr/lib/libCoreEntitlements.dylib
0x00000001b7b08000 	/System/Library/PrivateFrameworks/AppleFSCompression.framework/Versions/A/AppleFSCompression
0x00000001b74d2000 	/usr/lib/libcoretls.dylib
0x00000001b86c3000 	/usr/lib/libcoretls_cfhelpers.dylib
0x00000001b80bf000 	/usr/lib/libpam.2.dylib
0x00000001b38c2000 	/usr/lib/libsqlite3.dylib
0x00000001b872b000 	/usr/lib/libxar.1.dylib
0x00000001b7b19000 	/usr/lib/libbz2.1.0.dylib
0x00000001b7e2c000 	/usr/lib/libpcap.A.dylib
0x00000001b3c91000 	/usr/lib/libdns_services.dylib
0x00000001b8092000 	/usr/lib/libapple_nghttp2.dylib
0x00000001b7e69000 	/usr/lib/libiconv.2.dylib
0x00000001b7dbe000 	/usr/lib/libcharset.1.dylib
0x00000001b4895000 	/System/Library/Frameworks/CoreServices.framework/Versions/A/Frameworks/FSEvents.framework/Versions/A/FSEvents
0x00000001afafa000 	/System/Library/Frameworks/CoreServices.framework/Versions/A/Frameworks/CarbonCore.framework/Versions/A/CarbonCore
0x00000001b3ec8000 	/System/Library/Frameworks/CoreServices.framework/Versions/A/Frameworks/Metadata.framework/Versions/A/Metadata
0x00000001b7b2c000 	/System/Library/Frameworks/CoreServices.framework/Versions/A/Frameworks/OSServices.framework/Versions/A/OSServices
0x00000001b7ff4000 	/System/Library/Frameworks/CoreServices.framework/Versions/A/Frameworks/SearchKit.framework/Versions/A/SearchKit
0x00000001b3c1f000 	/System/Library/Frameworks/CoreServices.framework/Versions/A/Frameworks/AE.framework/Versions/A/AE
0x00000001ad950000 	/System/Library/Frameworks/CoreServices.framework/Versions/A/Frameworks/LaunchServices.framework/Versions/A/LaunchServices
0x00000001b8653000 	/System/Library/Frameworks/CoreServices.framework/Versions/A/Frameworks/DictionaryServices.framework/Versions/A/DictionaryServices
0x00000001b48a2000 	/System/Library/Frameworks/CoreServices.framework/Versions/A/Frameworks/SharedFileList.framework/Versions/A/SharedFileList
0x00000001b74c2000 	/usr/lib/libCheckFix.dylib
0x00000001b2575000 	/System/Library/PrivateFrameworks/TCC.framework/Versions/A/TCC
0x00000001b6990000 	/System/Library/PrivateFrameworks/CoreNLP.framework/Versions/A/CoreNLP
0x00000001b3e74000 	/System/Library/PrivateFrameworks/MetadataUtilities.framework/Versions/A/MetadataUtilities
0x00000001ae0ad000 	/usr/lib/libmecabra.dylib
0x00000001b74fb000 	/usr/lib/libmecab.dylib
0x00000001ae079000 	/usr/lib/libCRFSuite.dylib
0x00000001b7559000 	/usr/lib/libgermantok.dylib
0x00000001b806b000 	/usr/lib/libThaiTokenizer.dylib
0x00000001b3f6d000 	/System/Library/Frameworks/Accelerate.framework/Versions/A/Frameworks/vImage.framework/Versions/A/vImage
0x00000001be123000 	/System/Library/Frameworks/Accelerate.framework/Versions/A/Frameworks/vecLib.framework/Versions/A/vecLib
0x00000001b876f000 	/System/Library/Frameworks/Accelerate.framework/Versions/A/Frameworks/vecLib.framework/Versions/A/libvMisc.dylib
0x00000001b700b000 	/System/Library/Frameworks/Accelerate.framework/Versions/A/Frameworks/vecLib.framework/Versions/A/libvDSP.dylib
0x00000001adcd3000 	/System/Library/Frameworks/Accelerate.framework/Versions/A/Frameworks/vecLib.framework/Versions/A/libBLAS.dylib
0x00000001b8193000 	/System/Library/Frameworks/Accelerate.framework/Versions/A/Frameworks/vecLib.framework/Versions/A/libLAPACK.dylib
0x00000001b755c000 	/System/Library/Frameworks/Accelerate.framework/Versions/A/Frameworks/vecLib.framework/Versions/A/libLinearAlgebra.dylib
0x00000001b80aa000 	/System/Library/Frameworks/Accelerate.framework/Versions/A/Frameworks/vecLib.framework/Versions/A/libSparseBLAS.dylib
0x00000001b818e000 	/System/Library/Frameworks/Accelerate.framework/Versions/A/Frameworks/vecLib.framework/Versions/A/libQuadrature.dylib
0x00000001b6a87000 	/System/Library/Frameworks/Accelerate.framework/Versions/A/Frameworks/vecLib.framework/Versions/A/libBNNS.dylib
0x00000001adf91000 	/System/Library/Frameworks/Accelerate.framework/Versions/A/Frameworks/vecLib.framework/Versions/A/libSparse.dylib
0x00000001b6a7f000 	/System/Library/PrivateFrameworks/LinguisticData.framework/Versions/A/LinguisticData
0x00000001adf47000 	/System/Library/PrivateFrameworks/Lexicon.framework/Versions/A/Lexicon
0x00000001b8767000 	/usr/lib/libChineseTokenizer.dylib
0x00000001ae6ee000 	/System/Library/PrivateFrameworks/LanguageModeling.framework/Versions/A/LanguageModeling
0x00000001b806d000 	/System/Library/PrivateFrameworks/AppleSauce.framework/Versions/A/AppleSauce
0x00000001b70ee000 	/System/Library/PrivateFrameworks/CoreEmoji.framework/Versions/A/CoreEmoji
0x00000001b7f5c000 	/usr/lib/libcmph.dylib
0x00000001b4875000 	/System/Library/Frameworks/OpenDirectory.framework/Versions/A/Frameworks/CFOpenDirectory.framework/Versions/A/CFOpenDirectory
0x00000001b4865000 	/System/Library/Frameworks/OpenDirectory.framework/Versions/A/OpenDirectory
0x00000001b86c5000 	/System/Library/PrivateFrameworks/APFS.framework/Versions/A/APFS
0x00000001b741a000 	/System/Library/Frameworks/SecurityFoundation.framework/Versions/A/SecurityFoundation
0x00000001b8739000 	/usr/lib/libutil.dylib
0x00000001afe2f000 	/System/Library/PrivateFrameworks/CoreServicesStore.framework/Versions/A/CoreServicesStore
0x00000001b873d000 	/usr/lib/libxslt.1.dylib
0x00000001b74ae000 	/System/Library/PrivateFrameworks/BackgroundTaskManagement.framework/Versions/A/BackgroundTaskManagement
0x00000001b99a0000 	/System/Library/Frameworks/ImageIO.framework/Versions/A/Resources/libRadiance.dylib
0x00000001b99a9000 	/System/Library/Frameworks/ImageIO.framework/Versions/A/Resources/libJPEG.dylib
0x00000001b98fb000 	/System/Library/Frameworks/ImageIO.framework/Versions/A/Resources/libPng.dylib
0x00000001b991d000 	/System/Library/Frameworks/ImageIO.framework/Versions/A/Resources/libTIFF.dylib
0x00000001b9a04000 	/System/Library/Frameworks/ImageIO.framework/Versions/A/Resources/libGIF.dylib
0x00000001b9349000 	/System/Library/Frameworks/ImageIO.framework/Versions/A/Resources/libJP2.dylib
0x00000001b8a8e000 	/usr/lib/libexpat.1.dylib
0x00000001b9304000 	/System/Library/PrivateFrameworks/AppleJPEG.framework/Versions/A/AppleJPEG
0x00000001b5eb3000 	/System/Library/PrivateFrameworks/FontServices.framework/libFontParser.dylib
0x00000001b3bc4000 	/System/Library/PrivateFrameworks/RunningBoardServices.framework/Versions/A/RunningBoardServices
0x00000001c40a0000 	/System/Library/PrivateFrameworks/IOSurfaceAccelerator.framework/Versions/A/IOSurfaceAccelerator
0x00000001b9435000 	/System/Library/PrivateFrameworks/WatchdogClient.framework/Versions/A/WatchdogClient
0x00000001ae7f2000 	/System/Library/Frameworks/CoreDisplay.framework/Versions/A/CoreDisplay
0x00000001b5da1000 	/System/Library/Frameworks/CoreMedia.framework/Versions/A/CoreMedia
0x00000001b5c35000 	/System/Library/PrivateFrameworks/IOAccelerator.framework/Versions/A/IOAccelerator
0x00000001b4a03000 	/System/Library/Frameworks/CoreVideo.framework/Versions/A/CoreVideo
0x00000001b80bd000 	/System/Library/Frameworks/MetalPerformanceShaders.framework/Versions/A/MetalPerformanceShaders
0x00000001b9472000 	/System/Library/Frameworks/VideoToolbox.framework/Versions/A/VideoToolbox
0x00000001b3b08000 	/System/Library/PrivateFrameworks/BaseBoard.framework/Versions/A/BaseBoard
0x00000001b38a7000 	/System/Library/PrivateFrameworks/ProtocolBuffer.framework/Versions/A/ProtocolBuffer
0x00000001b999b000 	/System/Library/PrivateFrameworks/GPUWrangler.framework/Versions/A/GPUWrangler
0x00000001b997a000 	/System/Library/PrivateFrameworks/IOPresentment.framework/Versions/A/IOPresentment
0x00000001b99a3000 	/System/Library/PrivateFrameworks/DSExternalDisplay.framework/Versions/A/DSExternalDisplay
0x000000020e820000 	/System/Library/Frameworks/OpenGL.framework/Versions/A/Libraries/libCoreFSCache.dylib
0x000000021800b000 	/System/Library/PrivateFrameworks/GPUCompiler.framework/Versions/31001/Libraries/libGPUCompilerUtils.dylib
0x00000001b9a09000 	/System/Library/PrivateFrameworks/CMCaptureCore.framework/Versions/A/CMCaptureCore
0x00000001b9042000 	/System/Library/PrivateFrameworks/AppServerSupport.framework/Versions/A/AppServerSupport
0x00000001bb1e2000 	/System/Library/PrivateFrameworks/perfdata.framework/Versions/A/perfdata
0x00000001ae912000 	/System/Library/PrivateFrameworks/AudioToolboxCore.framework/Versions/A/AudioToolboxCore
0x00000001b5d79000 	/System/Library/PrivateFrameworks/caulk.framework/Versions/A/caulk
0x00000001baad7000 	/usr/lib/libAudioStatistics.dylib
0x00000001cc3f4000 	/System/Library/PrivateFrameworks/SystemPolicy.framework/Versions/A/SystemPolicy
0x00000001bad37000 	/usr/lib/libSMC.dylib
0x00000001c390c000 	/System/Library/Frameworks/CoreMIDI.framework/Versions/A/CoreMIDI
0x00000001b98c9000 	/usr/lib/libAudioToolboxUtility.dylib
0x00000001c8821000 	/System/Library/PrivateFrameworks/OSAServicesClient.framework/Versions/A/OSAServicesClient
0x00000001bb1ef000 	/usr/lib/libperfcheck.dylib
0x00000001ccefb000 	/usr/lib/libmis.dylib
0x000000020e881000 	/System/Library/Frameworks/OpenGL.framework/Versions/A/Libraries/libGLU.dylib
0x000000020e840000 	/System/Library/Frameworks/OpenGL.framework/Versions/A/Libraries/libGFXShared.dylib
0x000000020ea2a000 	/System/Library/Frameworks/OpenGL.framework/Versions/A/Libraries/libGL.dylib
0x000000020e849000 	/System/Library/Frameworks/OpenGL.framework/Versions/A/Libraries/libGLImage.dylib
0x000000020e83d000 	/System/Library/Frameworks/OpenGL.framework/Versions/A/Libraries/libCVMSPluginSupport.dylib
0x000000020e827000 	/System/Library/Frameworks/OpenGL.framework/Versions/A/Libraries/libCoreVMClient.dylib
0x00000001b690b000 	/System/Library/Frameworks/MetalPerformanceShaders.framework/Versions/A/Frameworks/MPSCore.framework/Versions/A/MPSCore
0x00000001b7a7b000 	/System/Library/Frameworks/MetalPerformanceShaders.framework/Versions/A/Frameworks/MPSImage.framework/Versions/A/MPSImage
0x00000001b7571000 	/System/Library/Frameworks/MetalPerformanceShaders.framework/Versions/A/Frameworks/MPSNeuralNetwork.framework/Versions/A/MPSNeuralNetwork
0x00000001b79ae000 	/System/Library/Frameworks/MetalPerformanceShaders.framework/Versions/A/Frameworks/MPSMatrix.framework/Versions/A/MPSMatrix
0x00000001b7789000 	/System/Library/Frameworks/MetalPerformanceShaders.framework/Versions/A/Frameworks/MPSRayIntersector.framework/Versions/A/MPSRayIntersector
0x00000001b79df000 	/System/Library/Frameworks/MetalPerformanceShaders.framework/Versions/A/Frameworks/MPSNDArray.framework/Versions/A/MPSNDArray
0x0000000210558000 	/System/Library/Frameworks/MetalPerformanceShaders.framework/Versions/A/Frameworks/MPSFunctions.framework/Versions/A/MPSFunctions
0x00000001adbb1000 	/System/Library/PrivateFrameworks/MetalTools.framework/Versions/A/MetalTools
0x00000001b6988000 	/System/Library/PrivateFrameworks/AggregateDictionary.framework/Versions/A/AggregateDictionary
0x00000001b8874000 	/usr/lib/libIOReport.dylib
0x00000001c28f3000 	/System/Library/PrivateFrameworks/ASEProcessing.framework/Versions/A/ASEProcessing
0x00000001b8be7000 	/System/Library/PrivateFrameworks/FaceCore.framework/Versions/A/FaceCore
0x00000001b8bd9000 	/System/Library/PrivateFrameworks/GraphVisualizer.framework/Versions/A/GraphVisualizer
0x0000000217f22000 	/System/Library/PrivateFrameworks/FontServices.framework/Versions/A/FontServices
0x00000001b8ffc000 	/System/Library/PrivateFrameworks/OTSVG.framework/Versions/A/OTSVG
0x00000001b45d1000 	/System/Library/Frameworks/ApplicationServices.framework/Versions/A/Frameworks/ATS.framework/Versions/A/Resources/libFontRegistry.dylib
0x00000001b904b000 	/System/Library/PrivateFrameworks/FontServices.framework/libhvf.dylib
0x0000000217f23000 	/System/Library/PrivateFrameworks/FontServices.framework/libXTFontStaticRegistryData.dylib
0x000000020ebcc000 	/System/Library/Frameworks/OpenCL.framework/Versions/A/OpenCL
0x00000001b8a42000 	/System/Library/PrivateFrameworks/AppleVA.framework/Versions/A/AppleVA
0x00000001baaff000 	/System/Library/Frameworks/ApplicationServices.framework/Versions/A/Frameworks/ATS.framework/Versions/A/ATS
0x00000001b306b000 	/System/Library/Frameworks/ApplicationServices.framework/Versions/A/Frameworks/HIServices.framework/Versions/A/HIServices
0x00000001b9a13000 	/System/Library/Frameworks/ApplicationServices.framework/Versions/A/Frameworks/PrintCore.framework/Versions/A/PrintCore
0x00000001bae8a000 	/System/Library/Frameworks/ApplicationServices.framework/Versions/A/Frameworks/QD.framework/Versions/A/QD
0x00000001bae82000 	/System/Library/Frameworks/ApplicationServices.framework/Versions/A/Frameworks/ColorSyncLegacy.framework/Versions/A/ColorSyncLegacy
0x00000001baaeb000 	/System/Library/Frameworks/ApplicationServices.framework/Versions/A/Frameworks/SpeechSynthesis.framework/Versions/A/SpeechSynthesis
0x00000001b99d4000 	/System/Library/Frameworks/ApplicationServices.framework/Versions/A/Frameworks/ATSUI.framework/Versions/A/ATSUI
0x00000001bae17000 	/usr/lib/libcups.2.dylib
0x00000001bb1fd000 	/System/Library/Frameworks/Kerberos.framework/Versions/A/Kerberos
0x00000001bb20e000 	/System/Library/Frameworks/GSS.framework/Versions/A/GSS
0x00000001bab6e000 	/usr/lib/libresolv.9.dylib
0x00000001b9059000 	/System/Library/PrivateFrameworks/Heimdal.framework/Versions/A/Heimdal
0x00000001c1b62000 	/System/Library/Frameworks/Kerberos.framework/Versions/A/Libraries/libHeimdalProxy.dylib
0x00000001b3ca3000 	/System/Library/Frameworks/Network.framework/Versions/A/Network
0x00000001b8aa9000 	/usr/lib/libheimdal-asn1.dylib
0x00000001bb254000 	/System/Library/PrivateFrameworks/CommonAuth.framework/Versions/A/CommonAuth
0x00000001baa65000 	/System/Library/PrivateFrameworks/AudioSession.framework/Versions/A/AudioSession
0x00000001b8b3a000 	/System/Library/PrivateFrameworks/MediaExperience.framework/Versions/A/MediaExperience
0x00000001ba8ed000 	/System/Library/PrivateFrameworks/AudioSession.framework/libSessionUtility.dylib
0x00000001bae96000 	/System/Library/PrivateFrameworks/AudioResourceArbitration.framework/Versions/A/AudioResourceArbitration
0x00000001befa1000 	/System/Library/PrivateFrameworks/PowerLog.framework/Versions/A/PowerLog
0x00000001b8ab2000 	/System/Library/PrivateFrameworks/IconFoundation.framework/Versions/A/IconFoundation
0x00000001bdd4f000 	/System/Library/PrivateFrameworks/SpeechRecognitionCore.framework/Versions/A/SpeechRecognitionCore
0x000000010356c000 	/Users/husseinel-zein/Library/Java/JavaVirtualMachines/openjdk-17.0.2/Contents/Home/lib/server/libjvm.dylib
0x0000000102590000 	/Users/husseinel-zein/Library/Java/JavaVirtualMachines/openjdk-17.0.2/Contents/Home/lib/libjimage.dylib
0x0000000102678000 	/Users/husseinel-zein/Library/Java/JavaVirtualMachines/openjdk-17.0.2/Contents/Home/lib/libinstrument.dylib
0x00000001026c4000 	/Users/husseinel-zein/Library/Java/JavaVirtualMachines/openjdk-17.0.2/Contents/Home/lib/libjava.dylib
0x00000001026a8000 	/Users/husseinel-zein/Library/Java/JavaVirtualMachines/openjdk-17.0.2/Contents/Home/lib/libzip.dylib
0x0000000103530000 	/Users/husseinel-zein/Library/Java/JavaVirtualMachines/openjdk-17.0.2/Contents/Home/lib/libnio.dylib
0x0000000120ce8000 	/Users/husseinel-zein/Library/Java/JavaVirtualMachines/openjdk-17.0.2/Contents/Home/lib/libnet.dylib
0x0000000103510000 	/Users/husseinel-zein/Library/Java/JavaVirtualMachines/openjdk-17.0.2/Contents/Home/lib/libextnet.dylib
0x0000000103550000 	/Users/husseinel-zein/.openjfx/cache/17/libprism_es2.dylib
0x00000001afdf2000 	/System/Library/PrivateFrameworks/CoreServicesInternal.framework/Versions/A/CoreServicesInternal
0x000000020ea34000 	/System/Library/Frameworks/OpenGL.framework/Versions/A/Resources/GLEngine.bundle/GLEngine
0x000000020e8bb000 	/System/Library/Frameworks/OpenGL.framework/Versions/A/Libraries/libGLProgrammability.dylib
0x0000000120ec8000 	/System/Library/Extensions/AppleMetalOpenGLRenderer.bundle/Contents/MacOS/AppleMetalOpenGLRenderer
0x000000020eba3000 	/System/Library/Frameworks/OpenGL.framework/Versions/A/Resources/GLRendererFloat.bundle/GLRendererFloat
0x000000020ec44000 	/System/Library/Extensions/AGXMetal13_3.bundle/Contents/MacOS/AGXMetal13_3
0x00000001ccf17000 	/System/Library/PrivateFrameworks/GPURawCounter.framework/Versions/A/GPURawCounter
0x00000001c79a5000 	/System/Library/PrivateFrameworks/IOGPU.framework/Versions/A/IOGPU
0x0000000123a04000 	/Users/husseinel-zein/.openjfx/cache/17/libglass.dylib
0x00000001bf1f5000 	/System/Library/Frameworks/FileProvider.framework/Versions/A/FileProvider
0x00000001b3a70000 	/System/Library/Frameworks/Accounts.framework/Versions/A/Accounts
0x00000001bf375000 	/System/Library/PrivateFrameworks/GenerationalStorage.framework/Versions/A/GenerationalStorage
0x00000001bff2b000 	/System/Library/PrivateFrameworks/CoreSymbolication.framework/Versions/A/CoreSymbolication
0x00000001bef95000 	/System/Library/PrivateFrameworks/SymptomDiagnosticReporter.framework/Versions/A/SymptomDiagnosticReporter
0x00000001b10de000 	/System/Library/PrivateFrameworks/DesktopServicesPriv.framework/Versions/A/DesktopServicesPriv
0x00000001aff52000 	/usr/lib/libsandbox.1.dylib
0x00000001b4a90000 	/System/Library/PrivateFrameworks/UserManagement.framework/Versions/A/UserManagement
0x00000001bfeec000 	/System/Library/PrivateFrameworks/DebugSymbols.framework/Versions/A/DebugSymbols
0x00000001bae75000 	/System/Library/PrivateFrameworks/NetAuth.framework/Versions/A/NetAuth
0x00000001bbd78000 	/System/Library/PrivateFrameworks/Sharing.framework/Versions/A/Sharing
0x00000001b4a60000 	/System/Library/PrivateFrameworks/login.framework/Versions/A/Frameworks/loginsupport.framework/Versions/A/loginsupport
0x00000001c10a4000 	/System/Library/PrivateFrameworks/Apple80211.framework/Versions/A/Apple80211
0x00000001b7b5f000 	/System/Library/PrivateFrameworks/AuthKit.framework/Versions/A/AuthKit
0x00000001b71ed000 	/System/Library/PrivateFrameworks/CoreUtils.framework/Versions/A/CoreUtils
0x00000001b710d000 	/System/Library/Frameworks/CoreWLAN.framework/Versions/A/CoreWLAN
0x00000001bbee2000 	/System/Library/Frameworks/IOBluetooth.framework/Versions/A/IOBluetooth
0x00000001c1104000 	/System/Library/PrivateFrameworks/CoreWiFi.framework/Versions/A/CoreWiFi
0x00000001bfad3000 	/System/Library/PrivateFrameworks/FrontBoardServices.framework/Versions/A/FrontBoardServices
0x00000001bfb6b000 	/System/Library/PrivateFrameworks/BoardServices.framework/Versions/A/BoardServices
0x00000001b7408000 	/System/Library/PrivateFrameworks/AssertionServices.framework/Versions/A/AssertionServices
0x00000001c1272000 	/System/Library/PrivateFrameworks/BackBoardServices.framework/Versions/A/BackBoardServices
0x00000001bb2e7000 	/System/Library/PrivateFrameworks/CorePhoneNumbers.framework/Versions/A/CorePhoneNumbers
0x00000001bf0c5000 	/System/Library/PrivateFrameworks/DiskManagement.framework/Versions/A/DiskManagement
0x00000001befc8000 	/System/Library/PrivateFrameworks/AppleIDAuthSupport.framework/Versions/A/AppleIDAuthSupport
0x0000000212842000 	/System/Library/PrivateFrameworks/AAAFoundation.framework/Versions/A/AAAFoundation
0x00000001bb2c6000 	/System/Library/PrivateFrameworks/KeychainCircle.framework/Versions/A/KeychainCircle
0x00000001bf091000 	/System/Library/PrivateFrameworks/MediaKit.framework/Versions/A/MediaKit
0x00000001befd5000 	/System/Library/Frameworks/DiscRecording.framework/Versions/A/DiscRecording
0x00000001b89be000 	/usr/lib/libCoreStorage.dylib
0x00000001c156e000 	/usr/lib/libcsfde.dylib
0x00000001bbfb7000 	/System/Library/PrivateFrameworks/ProtectedCloudStorage.framework/Versions/A/ProtectedCloudStorage
0x00000001c1566000 	/System/Library/PrivateFrameworks/EFILogin.framework/Versions/A/EFILogin
0x00000001bf39c000 	/System/Library/PrivateFrameworks/OctagonTrust.framework/Versions/A/OctagonTrust
0x000000021716e000 	/System/Library/PrivateFrameworks/CoreUtilsExtras.framework/Versions/A/CoreUtilsExtras
0x00000001bef0a000 	/System/Library/Frameworks/CoreBluetooth.framework/Versions/A/CoreBluetooth
0x00000001c1be7000 	/System/Library/Frameworks/AudioUnit.framework/Versions/A/AudioUnit
0x00000001b89b6000 	/usr/lib/libMatch.1.dylib
0x00000001d120d000 	/System/Library/Frameworks/Accelerate.framework/Versions/A/Frameworks/vImage.framework/Versions/A/Libraries/libCGInterfaces.dylib
0x000000012551c000 	/usr/lib/libobjc-trampolines.dylib
0x000000022a7d8000 	/usr/lib/libRosetta.dylib
0x00000001b475d000 	/System/Library/PrivateFrameworks/ViewBridge.framework/Versions/A/ViewBridge
0x0000000127b00000 	/Users/husseinel-zein/.openjfx/cache/17/libjavafx_font.dylib
0x00000001b9107000 	/System/Library/PrivateFrameworks/login.framework/Versions/A/login
0x0000000212ee1000 	/System/Library/PrivateFrameworks/AccessibilityBundles.framework/Versions/A/AccessibilityBundles


VM Arguments:
jvm_args: -javaagent:/Applications/IntelliJ IDEA.app/Contents/lib/idea_rt.jar=50661:/Applications/IntelliJ IDEA.app/Contents/bin -Dfile.encoding=UTF-8 
java_command: dk.dtu.compute.se.pisd.roborally.StartRoboRally
java_class_path (initial): /Users/husseinel-zein/Desktop/master-a6dce03ec01d1fa86c2178aa3081d9469937ac66/RoboRally/roborally-1.0.0-java17/roborally-initial/target/classes:/Users/husseinel-zein/.m2/repository/org/jetbrains/annotations/13.0/annotations-13.0.jar:/Users/husseinel-zein/.m2/repository/mysql/mysql-connector-java/8.0.11/mysql-connector-java-8.0.11.jar:/Users/husseinel-zein/.m2/repository/com/google/protobuf/protobuf-java/2.6.0/protobuf-java-2.6.0.jar:/Users/husseinel-zein/.m2/repository/com/google/code/gson/gson/2.8.2/gson-2.8.2.jar:/Users/husseinel-zein/.m2/repository/com/google/guava/guava/19.0/guava-19.0.jar:/Users/husseinel-zein/.m2/repository/org/openjfx/javafx-controls/17/javafx-controls-17.jar:/Users/husseinel-zein/.m2/repository/org/openjfx/javafx-controls/17/javafx-controls-17-mac-aarch64.jar:/Users/husseinel-zein/.m2/repository/org/openjfx/javafx-graphics/17/javafx-graphics-17.jar:/Users/husseinel-zein/.m2/repository/org/openjfx/javafx-graphics/17/javafx-graphics-17-mac-aarch64.jar:/Users/husseinel-zein/.m2/repository/org/openjfx/javafx-base/17/javafx-base-17.jar:/Users/husseinel-zein/.m2/repository/org/openjfx/javafx-base/17/javafx-base-17-mac-aarch64.jar:/Users/husseinel-zein/.m2/repository/org/openjfx/javafx-fxml/17/javafx-fxml-17.jar:/Users/husseinel-zein/.m2/repository/org/openjfx/javafx-fxml/17/javafx-fxml-17-mac-aarch64.jar
Launcher Type: SUN_STANDARD

[Global flags]
     intx CICompilerCount                          = 4                                         {product} {ergonomic}
     uint ConcGCThreads                            = 2                                         {product} {ergonomic}
     uint G1ConcRefinementThreads                  = 8                                         {product} {ergonomic}
   size_t G1HeapRegionSize                         = 1048576                                   {product} {ergonomic}
    uintx GCDrainStackTargetSize                   = 64                                        {product} {ergonomic}
   size_t InitialHeapSize                          = 134217728                                 {product} {ergonomic}
   size_t MarkStackSize                            = 4194304                                   {product} {ergonomic}
   size_t MaxHeapSize                              = 2147483648                                {product} {ergonomic}
   size_t MaxNewSize                               = 1287651328                                {product} {ergonomic}
   size_t MinHeapDeltaBytes                        = 1048576                                   {product} {ergonomic}
   size_t MinHeapSize                              = 8388608                                   {product} {ergonomic}
    uintx NonNMethodCodeHeapSize                   = 5839564                                {pd product} {ergonomic}
    uintx NonProfiledCodeHeapSize                  = 122909338                              {pd product} {ergonomic}
    uintx ProfiledCodeHeapSize                     = 122909338                              {pd product} {ergonomic}
    uintx ReservedCodeCacheSize                    = 251658240                              {pd product} {ergonomic}
     bool SegmentedCodeCache                       = true                                      {product} {ergonomic}
   size_t SoftMaxHeapSize                          = 2147483648                             {manageable} {ergonomic}
     bool UseCompressedClassPointers               = true                           {product lp64_product} {ergonomic}
     bool UseCompressedOops                        = true                           {product lp64_product} {ergonomic}
     bool UseG1GC                                  = true                                      {product} {ergonomic}
     bool UseNUMA                                  = false                                     {product} {ergonomic}
     bool UseNUMAInterleaving                      = false                                     {product} {ergonomic}

Logging:
Log output configuration:
 #0: stdout all=warning uptime,level,tags
 #1: stderr all=off uptime,level,tags

Environment Variables:
PATH=/opt/local/bin:/opt/local/sbin:/opt/homebrew/bin:/opt/homebrew/sbin:/usr/local/bin:/usr/bin:/bin:/usr/sbin:/sbin
SHELL=/bin/zsh
LC_CTYPE=en_DK.UTF-8

Signal Handlers:
   SIGSEGV: _ZL13crash_handleriP9__siginfoPv in libjvm.dylib, mask=11100110000111110111111111111111, flags=SA_RESTART|SA_SIGINFO
    SIGBUS: _ZL13crash_handleriP9__siginfoPv in libjvm.dylib, mask=11100110000111110111111111111111, flags=SA_RESTART|SA_SIGINFO
    SIGFPE: _ZL13crash_handleriP9__siginfoPv in libjvm.dylib, mask=11100110000111110111111111111111, flags=SA_RESTART|SA_SIGINFO
   SIGPIPE: _ZL17javaSignalHandleriP9__siginfoPv in libjvm.dylib, mask=11100110000111110111111111111111, flags=SA_RESTART|SA_SIGINFO
   SIGXFSZ: _ZL17javaSignalHandleriP9__siginfoPv in libjvm.dylib, mask=11100110000111110111111111111111, flags=SA_RESTART|SA_SIGINFO
    SIGILL: _ZL13crash_handleriP9__siginfoPv in libjvm.dylib, mask=11100110000111110111111111111111, flags=SA_RESTART|SA_SIGINFO
   SIGUSR2: _ZL10SR_handleriP9__siginfoP17__darwin_ucontext in libjvm.dylib, mask=00100000000000000000000000000000, flags=SA_RESTART|SA_SIGINFO
    SIGHUP: _ZL11UserHandleriPvS_ in libjvm.dylib, mask=11100110000111110111111111111111, flags=SA_RESTART|SA_SIGINFO
    SIGINT: _ZL11UserHandleriPvS_ in libjvm.dylib, mask=11100110000111110111111111111111, flags=SA_RESTART|SA_SIGINFO
   SIGTERM: _ZL11UserHandleriPvS_ in libjvm.dylib, mask=11100110000111110111111111111111, flags=SA_RESTART|SA_SIGINFO
   SIGQUIT: _ZL11UserHandleriPvS_ in libjvm.dylib, mask=11100110000111110111111111111111, flags=SA_RESTART|SA_SIGINFO
   SIGTRAP: _ZL13crash_handleriP9__siginfoPv in libjvm.dylib, mask=11100110000111110111111111111111, flags=SA_RESTART|SA_SIGINFO


---------------  S Y S T E M  ---------------

OS:
uname: Darwin 21.3.0 Darwin Kernel Version 21.3.0: Wed Jan  5 21:37:58 PST 2022; root:xnu-8019.80.24~20/RELEASE_ARM64_T8101 arm64
OS uptime: 9 days 5:30 hours
rlimit (soft/hard): STACK 8176k/65520k , CORE 0k/infinity , NPROC 1333/2000 , NOFILE 10240/infinity , AS infinity/infinity , CPU infinity/infinity , DATA infinity/infinity , FSIZE infinity/infinity , MEMLOCK infinity/infinity , RSS infinity/infinity
load average: 1.21 1.45 1.48

CPU: total 8 (initial active 8) 0x61:0x0:0x1b588bb3:0, fp, simd, crc, lse

Memory: 16k page, physical 8388608k(67936k free), swap 1048576k(1012480k free)

vm_info: OpenJDK 64-Bit Server VM (17.0.2+8-86) for bsd-aarch64 JRE (17.0.2+8-86), built on Dec  7 2021 21:45:06 by "mach5one" with clang Apple LLVM 12.0.0 (clang-1200.0.32.29)

END.
