#
# A fatal error has been detected by the Java Runtime Environment:
#
#  SIGBUS (0xa) at pc=0x000000010c60d4f0, pid=8413, tid=30223
#
# JRE version: OpenJDK Runtime Environment (17.0.2+8) (build 17.0.2+8-86)
# Java VM: OpenJDK 64-Bit Server VM (17.0.2+8-86, mixed mode, sharing, tiered, compressed oops, compressed class ptrs, g1 gc, bsd-aarch64)
# Problematic frame:
# v  ~StubRoutines::SafeFetchN
#
# No core dump will be written. Core dumps have been disabled. To enable core dumping, try "ulimit -c unlimited" before starting Java again
#
# If you would like to submit a bug report, please visit:
#   https://bugreport.java.com/bugreport/crash.jsp
# The crash happened outside the Java Virtual Machine in native code.
# See problematic frame for where to report the bug.
#

---------------  S U M M A R Y ------------

Command Line: -javaagent:/Applications/IntelliJ IDEA.app/Contents/lib/idea_rt.jar=50669:/Applications/IntelliJ IDEA.app/Contents/bin -Dfile.encoding=UTF-8 dk.dtu.compute.se.pisd.roborally.StartRoboRally

Host: "MacBookAir10,1" arm64 1 MHz, 8 cores, 8G, Darwin 21.3.0, macOS 12.2.1 (21D62)
Time: Thu Apr 21 15:57:32 2022 CEST elapsed time: 15.665653 seconds (0d 0h 0m 15s)

---------------  T H R E A D  ---------------

Current thread (0x000000012584e200):  JavaThread "InvokeLaterDispatcher" daemon [_thread_in_native, id=30223, stack(0x000000016fcc4000,0x000000016fec7000)]

Stack: [0x000000016fcc4000,0x000000016fec7000],  sp=0x000000016fec6780,  free space=2057k
Native frames: (J=compiled Java code, j=interpreted, Vv=VM code, C=native code)
v  ~StubRoutines::SafeFetchN
V  [libjvm.dylib+0x7a6bcc]  _ZN10OopStorage7releaseEPKP7oopDesc+0x20
V  [libjvm.dylib+0x4ba824]  jni_DeleteGlobalRef+0xd8
C  [libglass.dylib+0xab08]  -[GlassRunnable dealloc]+0x34
C  [Foundation+0x84c7c]  -[_NSThreadPerformInfo dealloc]+0x30
C  [Foundation+0x51578]  -[NSObject(NSThreadPerformAdditions) performSelectorOnMainThread:withObject:waitUntilDone:]+0x88
C  0xc91700010c6158ac
j  com.sun.glass.ui.mac.MacApplication.submitForLaterInvocation(Ljava/lang/Runnable;)V+2
j  com.sun.glass.ui.InvokeLaterDispatcher.run()V+82
v  ~StubRoutines::call_stub
V  [libjvm.dylib+0x461d08]  _ZN9JavaCalls11call_helperEP9JavaValueRK12methodHandleP17JavaCallArgumentsP10JavaThread+0x38c
V  [libjvm.dylib+0x460d24]  _ZN9JavaCalls12call_virtualEP9JavaValueP5KlassP6SymbolS5_P17JavaCallArgumentsP10JavaThread+0x11c
V  [libjvm.dylib+0x460df0]  _ZN9JavaCalls12call_virtualEP9JavaValue6HandleP5KlassP6SymbolS6_P10JavaThread+0x64
V  [libjvm.dylib+0x515f04]  _ZL12thread_entryP10JavaThreadS0_+0xc4
V  [libjvm.dylib+0x9071ac]  _ZN10JavaThread17thread_main_innerEv+0x13c
V  [libjvm.dylib+0x9058c0]  _ZN6Thread8call_runEv+0x128
V  [libjvm.dylib+0x7ad7c8]  _ZL19thread_native_entryP6Thread+0x158
C  [libsystem_pthread.dylib+0x7240]  _pthread_start+0x94

Java frames: (J=compiled Java code, j=interpreted, Vv=VM code)
j  com.sun.glass.ui.mac.MacApplication._submitForLaterInvocation(Ljava/lang/Runnable;)V+0
j  com.sun.glass.ui.mac.MacApplication.submitForLaterInvocation(Ljava/lang/Runnable;)V+2
j  com.sun.glass.ui.InvokeLaterDispatcher.run()V+82
v  ~StubRoutines::call_stub

siginfo: si_signo: 10 (SIGBUS), si_code: 1 (BUS_ADRALN), si_addr: 0x000000010c60d4f0

Register to memory mapping:

 x0=0x0000000121b062c8 points into unknown readable memory: 0x0000000000000000 | 00 00 00 00 00 00 00 00
 x1=0x0 is NULL
 x2=0x00000007876bf610 is an oop: com.sun.glass.ui.InvokeLaterDispatcher$Future 
{0x00000007876bf610} - klass: 'com/sun/glass/ui/InvokeLaterDispatcher$Future'
 - ---- fields (total size 3 words):
 - private 'done' 'Z' @12  true
 - private final 'runnable' 'Ljava/lang/Runnable;' @16  a 'com/sun/javafx/application/PlatformImpl$$Lambda$102+0x0000000800c8c228'{0x0000000787551b90} (f0eaa372)
 - final synthetic 'this$0' 'Lcom/sun/glass/ui/InvokeLaterDispatcher;' @20  a 'com/sun/glass/ui/InvokeLaterDispatcher'{0x00000007801e65f8} (f003ccbf)
 x3=0x0 is NULL
 x4=0x00000000000130a8 is an unknown value
 x5=0x0 is NULL
 x6=0x0 is NULL
 x7=0x0 is NULL
 x8=0x000000010c60d4ec is at begin+0 in a stub
StubRoutines::SafeFetchN [0x000000010c60d4ec, 0x000000010c60d4f8] (12 bytes)
 x9=0x0 is NULL
x10=0x2010000030300000 is an unknown value
x11=0x0000000000000007 is an unknown value
x12=0x0000000000000007 is an unknown value
x13=0x00006000012757e0 points into unknown readable memory: 0x36488001ae351738 | 38 17 35 ae 01 80 48 36
x14=0x0000000000000001 is an unknown value
x15=0x0000000122699f98: OBJC_CLASS_$_GlassRunnable+0 in /Users/husseinel-zein/.openjfx/cache/17/libglass.dylib at 0x0000000122654000
x16=0x00000001ad3c0094: pthread_getspecific+0 in /usr/lib/system/libsystem_pthread.dylib at 0x00000001ad3be000
x17=0x0000600001859620 points into unknown readable memory: 0xfffffffffffffffe | fe ff ff ff ff ff ff ff
x18=0x0 is NULL
x19=0x00006000017504d0 points into unknown readable memory: 0x0000600003e51340 | 40 13 e5 03 00 60 00 00
x20=0x0000000121b060c0 points into unknown readable memory: 0x00000000000014c0 | c0 14 00 00 00 00 00 00
x21=0x0000000121b062c8 points into unknown readable memory: 0x0000000000000000 | 00 00 00 00 00 00 00 00
x22=0x000000012584e200 is a thread
x23=0x0000000000000001 is an unknown value
x24=0x0000000121b06280 is a global jni handle
x25=0x0000000104acd5e8: _ZN12StubRoutines17_safefetchN_entryE+0 in /Users/husseinel-zein/Library/Java/JavaVirtualMachines/openjdk-17.0.2/Contents/Home/lib/server/libjvm.dylib at 0x0000000103f1c000
x26=0x000000012215a488 is pointing into metadata
x27=0x0 is NULL
x28=0x000000012584e200 is a thread


Registers:
 x0=0x0000000121b062c8  x1=0x0000000000000000  x2=0x00000007876bf610  x3=0x0000000000000000
 x4=0x00000000000130a8  x5=0x0000000000000000  x6=0x0000000000000000  x7=0x0000000000000000
 x8=0x000000010c60d4ec  x9=0x0000000000000000 x10=0x2010000030300000 x11=0x0000000000000007
x12=0x0000000000000007 x13=0x00006000012757e0 x14=0x0000000000000001 x15=0x0000000122699f98
x16=0x00000001ad3c0094 x17=0x0000600001859620 x18=0x0000000000000000 x19=0x00006000017504d0
x20=0x0000000121b060c0 x21=0x0000000121b062c8 x22=0x000000012584e200 x23=0x0000000000000001
x24=0x0000000121b06280 x25=0x0000000104acd5e8 x26=0x000000012215a488 x27=0x0000000000000000
x28=0x000000012584e200  fp=0x000000016fec67c0  lr=0x00000001046c199c  sp=0x000000016fec6780
pc=0x000000010c60d4f0 cpsr=0x0000000060001000
Top of Stack: (sp=0x000000016fec6780)
0x000000016fec6780:   000000012215a488 0000000000000001
0x000000016fec6790:   000000016fec6988 0000000000000000
0x000000016fec67a0:   000000012594d2a8 0000000121b06280
0x000000016fec67b0:   0000000121b06280 00006000017504d0
0x000000016fec67c0:   000000016fec6800 00000001046c2bcc
0x000000016fec67d0:   0000000000000001 0000000121b06280
0x000000016fec67e0:   000000012594d2a8 0000000121b06280
0x000000016fec67f0:   0000000000000001 000000012594d000
0x000000016fec6800:   000000016fec6840 00000001043d6824
0x000000016fec6810:   000000016fec6988 0000600003e4c9e0
0x000000016fec6820:   0000600003e4d740 00000001f793a9e3
0x000000016fec6830:   0000000000000000 0000600003e4d740
0x000000016fec6840:   000000016fec6870 000000012265eb08
0x000000016fec6850:   3b2a6395a8cb0050 0000000000000000
0x000000016fec6860:   0000000000000000 000060000299a140
0x000000016fec6870:   000000016fec68b0 00000001ae384c7c
0x000000016fec6880:   000000016fec6988 0000600003e4c9e0
0x000000016fec6890:   0000600003e4d740 3b2a6395a8cb0050
0x000000016fec68a0:   0000000000000000 0000000000000000
0x000000016fec68b0:   000000016fec68f0 2a168001ae351578
0x000000016fec68c0:   000000016fec6988 000000010c6147c0
0x000000016fec68d0:   0000000000000000 0000000104ad4fa8
0x000000016fec68e0:   000000016fec6900 000000010c613730
0x000000016fec68f0:   000000016fec6960 c91700010c6158ac
0x000000016fec6900:   0000000000000000 00000007801efd48
0x000000016fec6910:   000000016fec6910 0000000000000000
0x000000016fec6920:   000000016fec6988 000000012215a488
0x000000016fec6930:   000000078045c650 0000000000000000
0x000000016fec6940:   0000000000000000 0000000122133978
0x000000016fec6950:   0000000000000000 000000016fec6960
0x000000016fec6960:   000000016fec69e0 000000010c611fc8
0x000000016fec6970:   0000000000000000 0000000000000000 

Instructions: (pc=0x000000010c60d4f0)
0x000000010c60d3f0:   f2a09529 f2c00029 6d425935 1e640886
0x000000010c60d400:   0c402d31 1e6408c7 1f5654d0 1e6c1017
0x000000010c60d410:   1f5050d0 1f504cd0 1f5048d0 1e650af6
0x000000010c60d420:   1f50d8f6 1f5694d6 1f5158f6 1e762880
0x000000010c60d430:   36000501 1e614000 14000026 2e251ca5
0x000000010c60d440:   d2943009 f2a09529 f2c00029 6d425d36
0x000000010c60d450:   1e600806 0c402d32 1f5758c7 1e6c101a
0x000000010c60d460:   1f4754c7 1e650805 1f4750c7 d2866668
0x000000010c60d470:   f2a7fa68 1f474cc7 1e6608c0 1f4748c7
0x000000010c60d480:   1e6e1019 eb08007f 540000ac 1f479400
0x000000010c60d490:   1f460340 1e603b20 1400000e d2a7fd29
0x000000010c60d4a0:   eb09007f 540000ac 51480069 d3607d29
0x000000010c60d4b0:   9e670121 14000002 1e6a5001 1f679417
0x000000010c60d4c0:   1f668742 1e613b23 1e773857 1e773860
0x000000010c60d4d0:   a8c17ff3 910003bf a8c17bfd d65f03c0
0x000000010c60d4e0:   b9400001 aa0103e0 d65f03c0 f9400001
0x000000010c60d4f0:   aa0103e0 d65f03c0 00000000 00000000
0x000000010c60d500:   00000000 00000000 00000000 00000000
0x000000010c60d510:   00000000 00000000 00000000 00000000
0x000000010c60d520:   00000000 00000000 00000000 00000000
0x000000010c60d530:   00000000 00000000 00000000 00000000
0x000000010c60d540:   00000000 00000000 00000000 00000000
0x000000010c60d550:   00000000 00000000 00000000 00000000
0x000000010c60d560:   00000000 00000000 00000000 00000000
0x000000010c60d570:   00000000 00000000 00000000 00000000
0x000000010c60d580:   00000000 00000000 00000000 00000000
0x000000010c60d590:   00000000 00000000 00000000 00000000
0x000000010c60d5a0:   00000000 00000000 00000000 00000000
0x000000010c60d5b0:   00000000 00000000 00000000 00000000
0x000000010c60d5c0:   00000000 00000000 00000000 00000000
0x000000010c60d5d0:   00000000 00000000 00000000 00000000
0x000000010c60d5e0:   00000000 00000000 00000000 00000000 


Stack slot to memory mapping:
stack at sp + 0 slots: 0x000000012215a488 is pointing into metadata
stack at sp + 1 slots: 0x0000000000000001 is an unknown value
stack at sp + 2 slots: 0x000000016fec6988 is pointing into the stack for thread: 0x000000012584e200
stack at sp + 3 slots: 0x0 is NULL
stack at sp + 4 slots: 0x000000012594d2a8 points into unknown readable memory: 0x0000000104a8a738 | 38 a7 a8 04 01 00 00 00
stack at sp + 5 slots: 0x0000000121b06280 is a global jni handle
stack at sp + 6 slots: 0x0000000121b06280 is a global jni handle
stack at sp + 7 slots: 0x00006000017504d0 points into unknown readable memory: 0x0000600003e51340 | 40 13 e5 03 00 60 00 00

StubRoutines::SafeFetchN [0x000000010c60d4ec, 0x000000010c60d4f8] (12 bytes)
[MachCode]
  0x000000010c60d4ec: 0100 40f9 | e003 01aa | c003 5fd6 
[/MachCode]

---------------  P R O C E S S  ---------------

Threads class SMR info:
_java_thread_list=0x0000600003c4b320, length=20, elements={
0x0000000126808200, 0x0000000125849000, 0x000000012584b800, 0x000000012686aa00,
0x000000012380a400, 0x000000012500f000, 0x000000012686d200, 0x000000012500f600,
0x0000000124018200, 0x000000012584d200, 0x000000012300c800, 0x0000000123008800,
0x000000012280a400, 0x0000000126863e00, 0x000000012584e200, 0x000000012594d000,
0x0000000125961a00, 0x0000000126a3a600, 0x0000000125bb5400, 0x0000000122808e00
}

Java Threads: ( => current thread )
  0x0000000126808200 JavaThread "main" [_thread_blocked, id=5635, stack(0x000000016d0b0000,0x000000016d2b3000)]
  0x0000000125849000 JavaThread "Reference Handler" daemon [_thread_blocked, id=16899, stack(0x000000016df04000,0x000000016e107000)]
  0x000000012584b800 JavaThread "Finalizer" daemon [_thread_blocked, id=16643, stack(0x000000016e110000,0x000000016e313000)]
  0x000000012686aa00 JavaThread "Signal Dispatcher" daemon [_thread_blocked, id=22531, stack(0x000000016e434000,0x000000016e637000)]
  0x000000012380a400 JavaThread "Service Thread" daemon [_thread_blocked, id=23043, stack(0x000000016e640000,0x000000016e843000)]
  0x000000012500f000 JavaThread "Monitor Deflation Thread" daemon [_thread_blocked, id=23555, stack(0x000000016e84c000,0x000000016ea4f000)]
  0x000000012686d200 JavaThread "C2 CompilerThread0" daemon [_thread_blocked, id=24067, stack(0x000000016ea58000,0x000000016ec5b000)]
  0x000000012500f600 JavaThread "C1 CompilerThread0" daemon [_thread_blocked, id=24579, stack(0x000000016ec64000,0x000000016ee67000)]
  0x0000000124018200 JavaThread "Sweeper thread" daemon [_thread_blocked, id=41731, stack(0x000000016ee70000,0x000000016f073000)]
  0x000000012584d200 JavaThread "Common-Cleaner" daemon [_thread_blocked, id=41475, stack(0x000000016f07c000,0x000000016f27f000)]
  0x000000012300c800 JavaThread "Monitor Ctrl-Break" daemon [_thread_in_native, id=40963, stack(0x000000016f288000,0x000000016f48b000)]
  0x0000000123008800 JavaThread "Notification Thread" daemon [_thread_blocked, id=40707, stack(0x000000016f494000,0x000000016f697000)]
  0x000000012280a400 JavaThread "JavaFX-Launcher" [_thread_blocked, id=25859, stack(0x000000016f8ac000,0x000000016faaf000)]
  0x0000000126863e00 JavaThread "QuantumRenderer-0" daemon [_thread_blocked, id=40195, stack(0x000000016fab8000,0x000000016fcbb000)]
=>0x000000012584e200 JavaThread "InvokeLaterDispatcher" daemon [_thread_in_native, id=30223, stack(0x000000016fcc4000,0x000000016fec7000)]
  0x000000012594d000 JavaThread "JavaFX Application Thread" [_thread_in_vm, id=259, stack(0x000000016c828000,0x000000016d024000)]
  0x0000000125961a00 JavaThread "Prism Font Disposer" daemon [_thread_blocked, id=59503, stack(0x00000001711c8000,0x00000001713cb000)]
  0x0000000126a3a600 JavaThread "Attach Listener" daemon [_thread_blocked, id=1311, stack(0x00000001713d4000,0x00000001715d7000)]
  0x0000000125bb5400 JavaThread "Cleaner-0" daemon [_thread_blocked, id=67347, stack(0x000000017166c000,0x000000017186f000)]
  0x0000000122808e00 JavaThread "PulseTimer-CVDisplayLink thread" daemon [_thread_in_native, id=65575, stack(0x000000016fed0000,0x000000016ff53000)]

Other Threads:
  0x000000012600a5f0 VMThread "VM Thread" [stack: 0x000000016dcf8000,0x000000016defb000] [id=15107]
  0x000000012181e110 WatcherThread [stack: 0x000000016f6a0000,0x000000016f8a3000] [id=40451]
  0x0000000126006640 GCTaskThread "GC Thread#0" [stack: 0x000000016d2bc000,0x000000016d4bf000] [id=19971]
  0x0000000124f193a0 GCTaskThread "GC Thread#1" [stack: 0x0000000170168000,0x000000017036b000] [id=54787]
  0x0000000121a06190 GCTaskThread "GC Thread#2" [stack: 0x0000000170374000,0x0000000170577000] [id=55299]
  0x0000000121a06440 GCTaskThread "GC Thread#3" [stack: 0x0000000170580000,0x0000000170783000] [id=79363]
  0x0000000121a06cb0 GCTaskThread "GC Thread#4" [stack: 0x000000017078c000,0x000000017098f000] [id=56067]
  0x0000000121a07520 GCTaskThread "GC Thread#5" [stack: 0x0000000170998000,0x0000000170b9b000] [id=79107]
  0x0000000126041e40 GCTaskThread "GC Thread#6" [stack: 0x0000000171878000,0x0000000171a7b000] [id=173835]
  0x0000000121851dd0 GCTaskThread "GC Thread#7" [stack: 0x0000000171a84000,0x0000000171c87000] [id=87811]
  0x0000000124e05cf0 ConcurrentGCThread "G1 Main Marker" [stack: 0x000000016d4c8000,0x000000016d6cb000] [id=12803]
  0x0000000124e06570 ConcurrentGCThread "G1 Conc#0" [stack: 0x000000016d6d4000,0x000000016d8d7000] [id=19203]
  0x0000000126006ac0 ConcurrentGCThread "G1 Refine#0" [stack: 0x000000016d8e0000,0x000000016dae3000] [id=13571]
  0x0000000121a07d90 ConcurrentGCThread "G1 Refine#1" [stack: 0x0000000170ba4000,0x0000000170da7000] [id=57091]
  0x0000000121a08350 ConcurrentGCThread "G1 Refine#2" [stack: 0x0000000170db0000,0x0000000170fb3000] [id=78595]
  0x0000000124f19f90 ConcurrentGCThread "G1 Refine#3" [stack: 0x0000000170fbc000,0x00000001711bf000] [id=57859]
  0x0000000124f056b0 ConcurrentGCThread "G1 Service" [stack: 0x000000016daec000,0x000000016dcef000] [id=14083]

Threads with active compile tasks:

VM state: not at safepoint (normal execution)

VM Mutex/Monitor currently owned by a thread: None

Heap address: 0x0000000780000000, size: 2048 MB, Compressed Oops mode: Zero based, Oop shift amount: 3

CDS archive(s) mapped at: [0x0000000800000000-0x0000000800bd4000-0x0000000800bd4000), size 12402688, SharedBaseAddress: 0x0000000800000000, ArchiveRelocationMode: 0.
Compressed class space mapped at: 0x0000000800c00000-0x0000000840c00000, reserved size: 1073741824
Narrow klass base: 0x0000000800000000, Narrow klass shift: 0, Narrow klass range: 0x100000000

GC Precious Log:
 CPUs: 8 total, 8 available
 Memory: 8192M
 Large Page Support: Disabled
 NUMA Support: Disabled
 Compressed Oops: Enabled (Zero based)
 Heap Region Size: 1M
 Heap Min Capacity: 8M
 Heap Initial Capacity: 128M
 Heap Max Capacity: 2G
 Pre-touch: Disabled
 Parallel Workers: 8
 Concurrent Workers: 2
 Concurrent Refinement Workers: 8
 Periodic GC: Disabled

Heap:
 garbage-first heap   total 133120K, used 21424K [0x0000000780000000, 0x0000000800000000)
  region size 1024K, 15 young (15360K), 4 survivors (4096K)
 Metaspace       used 17490K, committed 17728K, reserved 1064960K
  class space    used 2670K, committed 2816K, reserved 1048576K

Heap Regions: E=young(eden), S=young(survivor), O=old, HS=humongous(starts), HC=humongous(continues), CS=collection set, F=free, OA=open archive, CA=closed archive, TAMS=top-at-mark-start (previous, next)
|   0|0x0000000780000000, 0x0000000780100000, 0x0000000780100000|100%| O|  |TAMS 0x0000000780000000, 0x0000000780000000| Untracked 
|   1|0x0000000780100000, 0x0000000780200000, 0x0000000780200000|100%| O|  |TAMS 0x0000000780100000, 0x0000000780100000| Untracked 
|   2|0x0000000780200000, 0x0000000780300000, 0x0000000780300000|100%|HS|  |TAMS 0x0000000780200000, 0x0000000780200000| Complete 
|   3|0x0000000780300000, 0x0000000780400000, 0x0000000780400000|100%|HC|  |TAMS 0x0000000780300000, 0x0000000780300000| Complete 
|   4|0x0000000780400000, 0x0000000780500000, 0x0000000780500000|100%| O|  |TAMS 0x0000000780400000, 0x0000000780400000| Untracked 
|   5|0x0000000780500000, 0x0000000780600000, 0x0000000780600000|100%| O|  |TAMS 0x0000000780500000, 0x0000000780500000| Untracked 
|   6|0x0000000780600000, 0x00000007806dbc00, 0x0000000780700000| 85%| O|  |TAMS 0x0000000780600000, 0x0000000780600000| Untracked 
|   7|0x0000000780700000, 0x0000000780700000, 0x0000000780800000|  0%| F|  |TAMS 0x0000000780700000, 0x0000000780700000| Untracked 
|   8|0x0000000780800000, 0x0000000780800000, 0x0000000780900000|  0%| F|  |TAMS 0x0000000780800000, 0x0000000780800000| Untracked 
|   9|0x0000000780900000, 0x0000000780900000, 0x0000000780a00000|  0%| F|  |TAMS 0x0000000780900000, 0x0000000780900000| Untracked 
|  10|0x0000000780a00000, 0x0000000780a00000, 0x0000000780b00000|  0%| F|  |TAMS 0x0000000780a00000, 0x0000000780a00000| Untracked 
|  11|0x0000000780b00000, 0x0000000780b00000, 0x0000000780c00000|  0%| F|  |TAMS 0x0000000780b00000, 0x0000000780b00000| Untracked 
|  12|0x0000000780c00000, 0x0000000780c00000, 0x0000000780d00000|  0%| F|  |TAMS 0x0000000780c00000, 0x0000000780c00000| Untracked 
|  13|0x0000000780d00000, 0x0000000780d00000, 0x0000000780e00000|  0%| F|  |TAMS 0x0000000780d00000, 0x0000000780d00000| Untracked 
|  14|0x0000000780e00000, 0x0000000780e00000, 0x0000000780f00000|  0%| F|  |TAMS 0x0000000780e00000, 0x0000000780e00000| Untracked 
|  15|0x0000000780f00000, 0x0000000780f00000, 0x0000000781000000|  0%| F|  |TAMS 0x0000000780f00000, 0x0000000780f00000| Untracked 
|  16|0x0000000781000000, 0x0000000781000000, 0x0000000781100000|  0%| F|  |TAMS 0x0000000781000000, 0x0000000781000000| Untracked 
|  17|0x0000000781100000, 0x0000000781100000, 0x0000000781200000|  0%| F|  |TAMS 0x0000000781100000, 0x0000000781100000| Untracked 
|  18|0x0000000781200000, 0x0000000781200000, 0x0000000781300000|  0%| F|  |TAMS 0x0000000781200000, 0x0000000781200000| Untracked 
|  19|0x0000000781300000, 0x0000000781300000, 0x0000000781400000|  0%| F|  |TAMS 0x0000000781300000, 0x0000000781300000| Untracked 
|  20|0x0000000781400000, 0x0000000781400000, 0x0000000781500000|  0%| F|  |TAMS 0x0000000781400000, 0x0000000781400000| Untracked 
|  21|0x0000000781500000, 0x0000000781500000, 0x0000000781600000|  0%| F|  |TAMS 0x0000000781500000, 0x0000000781500000| Untracked 
|  22|0x0000000781600000, 0x0000000781600000, 0x0000000781700000|  0%| F|  |TAMS 0x0000000781600000, 0x0000000781600000| Untracked 
|  23|0x0000000781700000, 0x0000000781700000, 0x0000000781800000|  0%| F|  |TAMS 0x0000000781700000, 0x0000000781700000| Untracked 
|  24|0x0000000781800000, 0x0000000781800000, 0x0000000781900000|  0%| F|  |TAMS 0x0000000781800000, 0x0000000781800000| Untracked 
|  25|0x0000000781900000, 0x0000000781900000, 0x0000000781a00000|  0%| F|  |TAMS 0x0000000781900000, 0x0000000781900000| Untracked 
|  26|0x0000000781a00000, 0x0000000781a00000, 0x0000000781b00000|  0%| F|  |TAMS 0x0000000781a00000, 0x0000000781a00000| Untracked 
|  27|0x0000000781b00000, 0x0000000781b00000, 0x0000000781c00000|  0%| F|  |TAMS 0x0000000781b00000, 0x0000000781b00000| Untracked 
|  28|0x0000000781c00000, 0x0000000781c00000, 0x0000000781d00000|  0%| F|  |TAMS 0x0000000781c00000, 0x0000000781c00000| Untracked 
|  29|0x0000000781d00000, 0x0000000781d00000, 0x0000000781e00000|  0%| F|  |TAMS 0x0000000781d00000, 0x0000000781d00000| Untracked 
|  30|0x0000000781e00000, 0x0000000781e00000, 0x0000000781f00000|  0%| F|  |TAMS 0x0000000781e00000, 0x0000000781e00000| Untracked 
|  31|0x0000000781f00000, 0x0000000781f00000, 0x0000000782000000|  0%| F|  |TAMS 0x0000000781f00000, 0x0000000781f00000| Untracked 
|  32|0x0000000782000000, 0x0000000782000000, 0x0000000782100000|  0%| F|  |TAMS 0x0000000782000000, 0x0000000782000000| Untracked 
|  33|0x0000000782100000, 0x0000000782100000, 0x0000000782200000|  0%| F|  |TAMS 0x0000000782100000, 0x0000000782100000| Untracked 
|  34|0x0000000782200000, 0x0000000782200000, 0x0000000782300000|  0%| F|  |TAMS 0x0000000782200000, 0x0000000782200000| Untracked 
|  35|0x0000000782300000, 0x0000000782300000, 0x0000000782400000|  0%| F|  |TAMS 0x0000000782300000, 0x0000000782300000| Untracked 
|  36|0x0000000782400000, 0x0000000782400000, 0x0000000782500000|  0%| F|  |TAMS 0x0000000782400000, 0x0000000782400000| Untracked 
|  37|0x0000000782500000, 0x0000000782500000, 0x0000000782600000|  0%| F|  |TAMS 0x0000000782500000, 0x0000000782500000| Untracked 
|  38|0x0000000782600000, 0x0000000782600000, 0x0000000782700000|  0%| F|  |TAMS 0x0000000782600000, 0x0000000782600000| Untracked 
|  39|0x0000000782700000, 0x0000000782700000, 0x0000000782800000|  0%| F|  |TAMS 0x0000000782700000, 0x0000000782700000| Untracked 
|  40|0x0000000782800000, 0x0000000782800000, 0x0000000782900000|  0%| F|  |TAMS 0x0000000782800000, 0x0000000782800000| Untracked 
|  41|0x0000000782900000, 0x0000000782900000, 0x0000000782a00000|  0%| F|  |TAMS 0x0000000782900000, 0x0000000782900000| Untracked 
|  42|0x0000000782a00000, 0x0000000782a00000, 0x0000000782b00000|  0%| F|  |TAMS 0x0000000782a00000, 0x0000000782a00000| Untracked 
|  43|0x0000000782b00000, 0x0000000782b00000, 0x0000000782c00000|  0%| F|  |TAMS 0x0000000782b00000, 0x0000000782b00000| Untracked 
|  44|0x0000000782c00000, 0x0000000782c00000, 0x0000000782d00000|  0%| F|  |TAMS 0x0000000782c00000, 0x0000000782c00000| Untracked 
|  45|0x0000000782d00000, 0x0000000782d00000, 0x0000000782e00000|  0%| F|  |TAMS 0x0000000782d00000, 0x0000000782d00000| Untracked 
|  46|0x0000000782e00000, 0x0000000782e00000, 0x0000000782f00000|  0%| F|  |TAMS 0x0000000782e00000, 0x0000000782e00000| Untracked 
|  47|0x0000000782f00000, 0x0000000782f00000, 0x0000000783000000|  0%| F|  |TAMS 0x0000000782f00000, 0x0000000782f00000| Untracked 
|  48|0x0000000783000000, 0x0000000783000000, 0x0000000783100000|  0%| F|  |TAMS 0x0000000783000000, 0x0000000783000000| Untracked 
|  49|0x0000000783100000, 0x0000000783100000, 0x0000000783200000|  0%| F|  |TAMS 0x0000000783100000, 0x0000000783100000| Untracked 
|  50|0x0000000783200000, 0x0000000783200000, 0x0000000783300000|  0%| F|  |TAMS 0x0000000783200000, 0x0000000783200000| Untracked 
|  51|0x0000000783300000, 0x0000000783300000, 0x0000000783400000|  0%| F|  |TAMS 0x0000000783300000, 0x0000000783300000| Untracked 
|  52|0x0000000783400000, 0x0000000783400000, 0x0000000783500000|  0%| F|  |TAMS 0x0000000783400000, 0x0000000783400000| Untracked 
|  53|0x0000000783500000, 0x0000000783500000, 0x0000000783600000|  0%| F|  |TAMS 0x0000000783500000, 0x0000000783500000| Untracked 
|  54|0x0000000783600000, 0x0000000783600000, 0x0000000783700000|  0%| F|  |TAMS 0x0000000783600000, 0x0000000783600000| Untracked 
|  55|0x0000000783700000, 0x0000000783700000, 0x0000000783800000|  0%| F|  |TAMS 0x0000000783700000, 0x0000000783700000| Untracked 
|  56|0x0000000783800000, 0x0000000783800000, 0x0000000783900000|  0%| F|  |TAMS 0x0000000783800000, 0x0000000783800000| Untracked 
|  57|0x0000000783900000, 0x0000000783900000, 0x0000000783a00000|  0%| F|  |TAMS 0x0000000783900000, 0x0000000783900000| Untracked 
|  58|0x0000000783a00000, 0x0000000783a00000, 0x0000000783b00000|  0%| F|  |TAMS 0x0000000783a00000, 0x0000000783a00000| Untracked 
|  59|0x0000000783b00000, 0x0000000783b00000, 0x0000000783c00000|  0%| F|  |TAMS 0x0000000783b00000, 0x0000000783b00000| Untracked 
|  60|0x0000000783c00000, 0x0000000783c00000, 0x0000000783d00000|  0%| F|  |TAMS 0x0000000783c00000, 0x0000000783c00000| Untracked 
|  61|0x0000000783d00000, 0x0000000783d00000, 0x0000000783e00000|  0%| F|  |TAMS 0x0000000783d00000, 0x0000000783d00000| Untracked 
|  62|0x0000000783e00000, 0x0000000783e00000, 0x0000000783f00000|  0%| F|  |TAMS 0x0000000783e00000, 0x0000000783e00000| Untracked 
|  63|0x0000000783f00000, 0x0000000783f00000, 0x0000000784000000|  0%| F|  |TAMS 0x0000000783f00000, 0x0000000783f00000| Untracked 
|  64|0x0000000784000000, 0x0000000784000000, 0x0000000784100000|  0%| F|  |TAMS 0x0000000784000000, 0x0000000784000000| Untracked 
|  65|0x0000000784100000, 0x0000000784100000, 0x0000000784200000|  0%| F|  |TAMS 0x0000000784100000, 0x0000000784100000| Untracked 
|  66|0x0000000784200000, 0x0000000784200000, 0x0000000784300000|  0%| F|  |TAMS 0x0000000784200000, 0x0000000784200000| Untracked 
|  67|0x0000000784300000, 0x0000000784300000, 0x0000000784400000|  0%| F|  |TAMS 0x0000000784300000, 0x0000000784300000| Untracked 
|  68|0x0000000784400000, 0x0000000784400000, 0x0000000784500000|  0%| F|  |TAMS 0x0000000784400000, 0x0000000784400000| Untracked 
|  69|0x0000000784500000, 0x0000000784500000, 0x0000000784600000|  0%| F|  |TAMS 0x0000000784500000, 0x0000000784500000| Untracked 
|  70|0x0000000784600000, 0x0000000784600000, 0x0000000784700000|  0%| F|  |TAMS 0x0000000784600000, 0x0000000784600000| Untracked 
|  71|0x0000000784700000, 0x0000000784700000, 0x0000000784800000|  0%| F|  |TAMS 0x0000000784700000, 0x0000000784700000| Untracked 
|  72|0x0000000784800000, 0x0000000784800000, 0x0000000784900000|  0%| F|  |TAMS 0x0000000784800000, 0x0000000784800000| Untracked 
|  73|0x0000000784900000, 0x0000000784900000, 0x0000000784a00000|  0%| F|  |TAMS 0x0000000784900000, 0x0000000784900000| Untracked 
|  74|0x0000000784a00000, 0x0000000784a00000, 0x0000000784b00000|  0%| F|  |TAMS 0x0000000784a00000, 0x0000000784a00000| Untracked 
|  75|0x0000000784b00000, 0x0000000784b00000, 0x0000000784c00000|  0%| F|  |TAMS 0x0000000784b00000, 0x0000000784b00000| Untracked 
|  76|0x0000000784c00000, 0x0000000784c00000, 0x0000000784d00000|  0%| F|  |TAMS 0x0000000784c00000, 0x0000000784c00000| Untracked 
|  77|0x0000000784d00000, 0x0000000784d00000, 0x0000000784e00000|  0%| F|  |TAMS 0x0000000784d00000, 0x0000000784d00000| Untracked 
|  78|0x0000000784e00000, 0x0000000784e00000, 0x0000000784f00000|  0%| F|  |TAMS 0x0000000784e00000, 0x0000000784e00000| Untracked 
|  79|0x0000000784f00000, 0x0000000784f00000, 0x0000000785000000|  0%| F|  |TAMS 0x0000000784f00000, 0x0000000784f00000| Untracked 
|  80|0x0000000785000000, 0x0000000785000000, 0x0000000785100000|  0%| F|  |TAMS 0x0000000785000000, 0x0000000785000000| Untracked 
|  81|0x0000000785100000, 0x0000000785100000, 0x0000000785200000|  0%| F|  |TAMS 0x0000000785100000, 0x0000000785100000| Untracked 
|  82|0x0000000785200000, 0x0000000785200000, 0x0000000785300000|  0%| F|  |TAMS 0x0000000785200000, 0x0000000785200000| Untracked 
|  83|0x0000000785300000, 0x0000000785300000, 0x0000000785400000|  0%| F|  |TAMS 0x0000000785300000, 0x0000000785300000| Untracked 
|  84|0x0000000785400000, 0x0000000785400000, 0x0000000785500000|  0%| F|  |TAMS 0x0000000785400000, 0x0000000785400000| Untracked 
|  85|0x0000000785500000, 0x0000000785500000, 0x0000000785600000|  0%| F|  |TAMS 0x0000000785500000, 0x0000000785500000| Untracked 
|  86|0x0000000785600000, 0x0000000785600000, 0x0000000785700000|  0%| F|  |TAMS 0x0000000785600000, 0x0000000785600000| Untracked 
|  87|0x0000000785700000, 0x0000000785700000, 0x0000000785800000|  0%| F|  |TAMS 0x0000000785700000, 0x0000000785700000| Untracked 
|  88|0x0000000785800000, 0x0000000785800000, 0x0000000785900000|  0%| F|  |TAMS 0x0000000785800000, 0x0000000785800000| Untracked 
|  89|0x0000000785900000, 0x0000000785900000, 0x0000000785a00000|  0%| F|  |TAMS 0x0000000785900000, 0x0000000785900000| Untracked 
|  90|0x0000000785a00000, 0x0000000785a00000, 0x0000000785b00000|  0%| F|  |TAMS 0x0000000785a00000, 0x0000000785a00000| Untracked 
|  91|0x0000000785b00000, 0x0000000785b00000, 0x0000000785c00000|  0%| F|  |TAMS 0x0000000785b00000, 0x0000000785b00000| Untracked 
|  92|0x0000000785c00000, 0x0000000785c00000, 0x0000000785d00000|  0%| F|  |TAMS 0x0000000785c00000, 0x0000000785c00000| Untracked 
|  93|0x0000000785d00000, 0x0000000785d00000, 0x0000000785e00000|  0%| F|  |TAMS 0x0000000785d00000, 0x0000000785d00000| Untracked 
|  94|0x0000000785e00000, 0x0000000785e184a0, 0x0000000785f00000|  9%| S|CS|TAMS 0x0000000785e00000, 0x0000000785e00000| Complete 
|  95|0x0000000785f00000, 0x0000000786000000, 0x0000000786000000|100%| S|CS|TAMS 0x0000000785f00000, 0x0000000785f00000| Complete 
|  96|0x0000000786000000, 0x0000000786100000, 0x0000000786100000|100%| S|CS|TAMS 0x0000000786000000, 0x0000000786000000| Complete 
|  97|0x0000000786100000, 0x0000000786200000, 0x0000000786200000|100%| S|CS|TAMS 0x0000000786100000, 0x0000000786100000| Complete 
|  98|0x0000000786200000, 0x0000000786200000, 0x0000000786300000|  0%| F|  |TAMS 0x0000000786200000, 0x0000000786200000| Untracked 
|  99|0x0000000786300000, 0x0000000786300000, 0x0000000786400000|  0%| F|  |TAMS 0x0000000786300000, 0x0000000786300000| Untracked 
| 100|0x0000000786400000, 0x0000000786400000, 0x0000000786500000|  0%| F|  |TAMS 0x0000000786400000, 0x0000000786400000| Untracked 
| 101|0x0000000786500000, 0x0000000786500000, 0x0000000786600000|  0%| F|  |TAMS 0x0000000786500000, 0x0000000786500000| Untracked 
| 102|0x0000000786600000, 0x0000000786600000, 0x0000000786700000|  0%| F|  |TAMS 0x0000000786600000, 0x0000000786600000| Untracked 
| 103|0x0000000786700000, 0x0000000786700000, 0x0000000786800000|  0%| F|  |TAMS 0x0000000786700000, 0x0000000786700000| Untracked 
| 104|0x0000000786800000, 0x0000000786800000, 0x0000000786900000|  0%| F|  |TAMS 0x0000000786800000, 0x0000000786800000| Untracked 
| 105|0x0000000786900000, 0x0000000786900000, 0x0000000786a00000|  0%| F|  |TAMS 0x0000000786900000, 0x0000000786900000| Untracked 
| 106|0x0000000786a00000, 0x0000000786a00000, 0x0000000786b00000|  0%| F|  |TAMS 0x0000000786a00000, 0x0000000786a00000| Untracked 
| 107|0x0000000786b00000, 0x0000000786b00000, 0x0000000786c00000|  0%| F|  |TAMS 0x0000000786b00000, 0x0000000786b00000| Untracked 
| 108|0x0000000786c00000, 0x0000000786c00000, 0x0000000786d00000|  0%| F|  |TAMS 0x0000000786c00000, 0x0000000786c00000| Untracked 
| 109|0x0000000786d00000, 0x0000000786d00000, 0x0000000786e00000|  0%| F|  |TAMS 0x0000000786d00000, 0x0000000786d00000| Untracked 
| 110|0x0000000786e00000, 0x0000000786e00000, 0x0000000786f00000|  0%| F|  |TAMS 0x0000000786e00000, 0x0000000786e00000| Untracked 
| 111|0x0000000786f00000, 0x0000000786f00000, 0x0000000787000000|  0%| F|  |TAMS 0x0000000786f00000, 0x0000000786f00000| Untracked 
| 112|0x0000000787000000, 0x0000000787000000, 0x0000000787100000|  0%| F|  |TAMS 0x0000000787000000, 0x0000000787000000| Untracked 
| 113|0x0000000787100000, 0x0000000787100000, 0x0000000787200000|  0%| F|  |TAMS 0x0000000787100000, 0x0000000787100000| Untracked 
| 114|0x0000000787200000, 0x0000000787200000, 0x0000000787300000|  0%| F|  |TAMS 0x0000000787200000, 0x0000000787200000| Untracked 
| 115|0x0000000787300000, 0x0000000787300000, 0x0000000787400000|  0%| F|  |TAMS 0x0000000787300000, 0x0000000787300000| Untracked 
| 116|0x0000000787400000, 0x0000000787400000, 0x0000000787500000|  0%| F|  |TAMS 0x0000000787400000, 0x0000000787400000| Untracked 
| 117|0x0000000787500000, 0x00000007875be078, 0x0000000787600000| 74%| E|  |TAMS 0x0000000787500000, 0x0000000787500000| Complete 
| 118|0x0000000787600000, 0x0000000787700000, 0x0000000787700000|100%| E|CS|TAMS 0x0000000787600000, 0x0000000787600000| Complete 
| 119|0x0000000787700000, 0x0000000787800000, 0x0000000787800000|100%| E|CS|TAMS 0x0000000787700000, 0x0000000787700000| Complete 
| 120|0x0000000787800000, 0x0000000787900000, 0x0000000787900000|100%| E|CS|TAMS 0x0000000787800000, 0x0000000787800000| Complete 
| 121|0x0000000787900000, 0x0000000787a00000, 0x0000000787a00000|100%| E|CS|TAMS 0x0000000787900000, 0x0000000787900000| Complete 
| 122|0x0000000787a00000, 0x0000000787b00000, 0x0000000787b00000|100%| E|CS|TAMS 0x0000000787a00000, 0x0000000787a00000| Complete 
| 123|0x0000000787b00000, 0x0000000787c00000, 0x0000000787c00000|100%| E|CS|TAMS 0x0000000787b00000, 0x0000000787b00000| Complete 
| 124|0x0000000787c00000, 0x0000000787d00000, 0x0000000787d00000|100%| E|CS|TAMS 0x0000000787c00000, 0x0000000787c00000| Complete 
| 125|0x0000000787d00000, 0x0000000787e00000, 0x0000000787e00000|100%| E|CS|TAMS 0x0000000787d00000, 0x0000000787d00000| Complete 
| 126|0x0000000787e00000, 0x0000000787f00000, 0x0000000787f00000|100%| E|CS|TAMS 0x0000000787e00000, 0x0000000787e00000| Complete 
| 127|0x0000000787f00000, 0x0000000788000000, 0x0000000788000000|100%| E|CS|TAMS 0x0000000787f00000, 0x0000000787f00000| Complete 
|2046|0x00000007ffe00000, 0x00000007ffe78000, 0x00000007fff00000| 46%|OA|  |TAMS 0x00000007ffe00000, 0x00000007ffe00000| Untracked 
|2047|0x00000007fff00000, 0x00000007fff80000, 0x0000000800000000| 50%|CA|  |TAMS 0x00000007fff00000, 0x00000007fff00000| Untracked 

Card table byte_map: [0x00000001036ec000,0x0000000103aec000] _byte_map_base: 0x00000000ffaec000

Marking Bits (Prev, Next): (CMBitMap*) 0x0000000125014c10, (CMBitMap*) 0x0000000125014c50
 Prev Bits: [0x000000011b60c000, 0x000000011d60c000)
 Next Bits: [0x000000011d60c000, 0x000000011f60c000)

Polling page: 0x0000000103014000

Metaspace:

Usage:
  Non-class:     14.47 MB used.
      Class:      2.61 MB used.
       Both:     17.08 MB used.

Virtual space:
  Non-class space:       16.00 MB reserved,      14.56 MB ( 91%) committed,  2 nodes.
      Class space:        1.00 GB reserved,       2.75 MB ( <1%) committed,  1 nodes.
             Both:        1.02 GB reserved,      17.31 MB (  2%) committed. 

Chunk freelists:
   Non-Class:  1.06 MB
       Class:  1.17 MB
        Both:  2.23 MB

MaxMetaspaceSize: unlimited
CompressedClassSpaceSize: 1.00 GB
Initial GC threshold: 21.00 MB
Current GC threshold: 21.00 MB
CDS: on
MetaspaceReclaimPolicy: balanced
 - commit_granule_bytes: 65536.
 - commit_granule_words: 8192.
 - virtual_space_node_default_size: 1048576.
 - enlarge_chunks_in_place: 1.
 - new_chunks_are_fully_committed: 0.
 - uncommit_free_chunks: 1.
 - use_allocation_guard: 0.
 - handle_deallocations: 1.


Internal statistics:

num_allocs_failed_limit: 0.
num_arena_births: 192.
num_arena_deaths: 0.
num_vsnodes_births: 3.
num_vsnodes_deaths: 0.
num_space_committed: 277.
num_space_uncommitted: 0.
num_chunks_returned_to_freelist: 0.
num_chunks_taken_from_freelist: 770.
num_chunk_merges: 0.
num_chunk_splits: 562.
num_chunks_enlarged: 462.
num_purges: 0.
num_inconsistent_stats: 0.

CodeHeap 'non-profiled nmethods': size=120032Kb used=1254Kb max_used=1254Kb free=118777Kb
 bounds [0x00000001140d4000, 0x0000000114344000, 0x000000011b60c000]
CodeHeap 'profiled nmethods': size=120016Kb used=7251Kb max_used=7251Kb free=112764Kb
 bounds [0x000000010cba0000, 0x000000010d2c0000, 0x00000001140d4000]
CodeHeap 'non-nmethods': size=5712Kb used=1396Kb max_used=1445Kb free=4315Kb
 bounds [0x000000010c60c000, 0x000000010c87c000, 0x000000010cba0000]
 total_blobs=3984 nmethods=3194 adapters=705
 compilation: enabled
              stopped_count=0, restarted_count=0
 full_count=0

Compilation events (20 events):
Event: 15.535 Thread 0x000000012500f600 3226       3       com.sun.javafx.geom.transform.AffineBase::transform (365 bytes)
Event: 15.535 Thread 0x000000012500f600 nmethod 3226 0x000000010d2a0110 code [0x000000010d2a0340, 0x000000010d2a0ad8]
Event: 15.657 Thread 0x000000012500f600 3227       3       com.sun.javafx.geom.PickRay::computeParallelPickRay (66 bytes)
Event: 15.658 Thread 0x000000012500f600 nmethod 3227 0x000000010d2a0e10 code [0x000000010d2a1080, 0x000000010d2a1568]
Event: 15.658 Thread 0x000000012500f600 3228       3       com.sun.javafx.geom.PickRay::<init> (39 bytes)
Event: 15.659 Thread 0x000000012500f600 nmethod 3228 0x000000010d2a1890 code [0x000000010d2a1ac0, 0x000000010d2a1f68]
Event: 15.659 Thread 0x000000012500f600 3229       3       com.sun.javafx.geom.PickRay::set (30 bytes)
Event: 15.659 Thread 0x000000012500f600 nmethod 3229 0x000000010d2a2110 code [0x000000010d2a22c0, 0x000000010d2a2508]
Event: 15.659 Thread 0x000000012500f600 3230       3       com.sun.javafx.geom.PickRay::transform (27 bytes)
Event: 15.659 Thread 0x000000012500f600 nmethod 3230 0x000000010d2a2610 code [0x000000010d2a27c0, 0x000000010d2a2b08]
Event: 15.659 Thread 0x000000012500f600 3231       3       com.sun.javafx.geom.transform.Affine3D::deltaTransform (126 bytes)
Event: 15.659 Thread 0x000000012500f600 nmethod 3231 0x000000010d2a2c10 code [0x000000010d2a2e00, 0x000000010d2a31d8]
Event: 15.660 Thread 0x000000012500f600 3232       3       com.sun.javafx.geom.transform.AffineBase::deltaTransform (204 bytes)
Event: 15.660 Thread 0x000000012500f600 nmethod 3232 0x000000010d2a3390 code [0x000000010d2a3580, 0x000000010d2a3b98]
Event: 15.660 Thread 0x000000012500f600 3234       3       java.util.ArrayList::indexOf (11 bytes)
Event: 15.660 Thread 0x000000012500f600 nmethod 3234 0x000000010d2a3e10 code [0x000000010d2a3fc0, 0x000000010d2a4158]
Event: 15.660 Thread 0x000000012500f600 3233       1       javafx.scene.paint.Paint::acc_isMutable (2 bytes)
Event: 15.660 Thread 0x000000012500f600 nmethod 3233 0x000000011420c710 code [0x000000011420c880, 0x000000011420c968]
Event: 15.662 Thread 0x000000012500f600 3235       3       javafx.scene.control.Control::computeMaxHeight (51 bytes)
Event: 15.663 Thread 0x000000012686d200 3236       4       javafx.scene.layout.GridPane::getNodeColumnIndex (18 bytes)

GC Heap History (4 events):
Event: 0.368 GC heap before
{Heap before GC invocations=0 (full 0):
 garbage-first heap   total 133120K, used 24544K [0x0000000780000000, 0x0000000800000000)
  region size 1024K, 23 young (23552K), 0 survivors (0K)
 Metaspace       used 7626K, committed 7808K, reserved 1064960K
  class space    used 1014K, committed 1088K, reserved 1048576K
}
Event: 0.371 GC heap after
{Heap after GC invocations=1 (full 0):
 garbage-first heap   total 133120K, used 5945K [0x0000000780000000, 0x0000000800000000)
  region size 1024K, 3 young (3072K), 3 survivors (3072K)
 Metaspace       used 7626K, committed 7808K, reserved 1064960K
  class space    used 1014K, committed 1088K, reserved 1048576K
}
Event: 2.497 GC heap before
{Heap before GC invocations=1 (full 0):
 garbage-first heap   total 133120K, used 34617K [0x0000000780000000, 0x0000000800000000)
  region size 1024K, 30 young (30720K), 3 survivors (3072K)
 Metaspace       used 15675K, committed 15936K, reserved 1064960K
  class space    used 2457K, committed 2560K, reserved 1048576K
}
Event: 2.500 GC heap after
{Heap after GC invocations=2 (full 0):
 garbage-first heap   total 133120K, used 11184K [0x0000000780000000, 0x0000000800000000)
  region size 1024K, 4 young (4096K), 4 survivors (4096K)
 Metaspace       used 15675K, committed 15936K, reserved 1064960K
  class space    used 2457K, committed 2560K, reserved 1048576K
}

Deoptimization events (20 events):
Event: 14.146 Thread 0x0000000126863e00 DEOPT PACKING pc=0x000000010d253534 sp=0x000000016fcb70c0
Event: 14.146 Thread 0x0000000126863e00 DEOPT UNPACKING pc=0x000000010c64ab7c sp=0x000000016fcb6d20 mode 0
Event: 14.146 Thread 0x0000000126863e00 DEOPT PACKING pc=0x000000010d253534 sp=0x000000016fcb70c0
Event: 14.146 Thread 0x0000000126863e00 DEOPT UNPACKING pc=0x000000010c64ab7c sp=0x000000016fcb6d20 mode 0
Event: 14.147 Thread 0x0000000126863e00 DEOPT PACKING pc=0x000000010d253534 sp=0x000000016fcb70c0
Event: 14.147 Thread 0x0000000126863e00 DEOPT UNPACKING pc=0x000000010c64ab7c sp=0x000000016fcb6d20 mode 0
Event: 14.147 Thread 0x0000000126863e00 DEOPT PACKING pc=0x000000010d253534 sp=0x000000016fcb70c0
Event: 14.147 Thread 0x0000000126863e00 DEOPT UNPACKING pc=0x000000010c64ab7c sp=0x000000016fcb6d20 mode 0
Event: 14.658 Thread 0x000000012594d000 Uncommon trap: trap_request=0xffffffd6 fr.pc=0x00000001141c07bc relative=0x0000000000001fbc
Event: 14.658 Thread 0x000000012594d000 Uncommon trap: reason=array_check action=maybe_recompile pc=0x00000001141c07bc method=javafx.css.SimpleSelector.applies(Ljavafx/css/Styleable;[Ljava/util/Set;I)Z @ 37 c2
Event: 14.658 Thread 0x000000012594d000 DEOPT PACKING pc=0x00000001141c07bc sp=0x000000016d01dc00
Event: 14.658 Thread 0x000000012594d000 DEOPT UNPACKING pc=0x000000010c64ad1c sp=0x000000016d01db50 mode 2
Event: 15.192 Thread 0x000000012594d000 Uncommon trap: trap_request=0xffffffd6 fr.pc=0x00000001141c07bc relative=0x0000000000001fbc
Event: 15.192 Thread 0x000000012594d000 Uncommon trap: reason=array_check action=maybe_recompile pc=0x00000001141c07bc method=javafx.css.SimpleSelector.applies(Ljavafx/css/Styleable;[Ljava/util/Set;I)Z @ 37 c2
Event: 15.192 Thread 0x000000012594d000 DEOPT PACKING pc=0x00000001141c07bc sp=0x000000016d01dc00
Event: 15.192 Thread 0x000000012594d000 DEOPT UNPACKING pc=0x000000010c64ad1c sp=0x000000016d01db50 mode 2
Event: 15.658 Thread 0x000000012594d000 Uncommon trap: trap_request=0xffffffd6 fr.pc=0x00000001141c830c relative=0x00000000000007cc
Event: 15.658 Thread 0x000000012594d000 Uncommon trap: reason=array_check action=maybe_recompile pc=0x00000001141c830c method=javafx.css.SimpleSelector.applies(Ljavafx/css/Styleable;[Ljava/util/Set;I)Z @ 37 c2
Event: 15.658 Thread 0x000000012594d000 DEOPT PACKING pc=0x00000001141c830c sp=0x000000016d01db40
Event: 15.658 Thread 0x000000012594d000 DEOPT UNPACKING pc=0x000000010c64ad1c sp=0x000000016d01db10 mode 2

Classes unloaded (0 events):
No events

Classes redefined (0 events):
No events

Internal exceptions (20 events):
Event: 0.414 Thread 0x000000012594d000 Exception <a 'java/lang/NoSuchMethodError'{0x0000000787de2118}: 'int java.lang.invoke.DirectMethodHandle$Holder.invokeStaticInit(java.lang.Object, java.lang.Object)'> (0x0000000787de2118) 
thrown [open/src/hotspot/share/interpreter/linkResolver.cpp, line 766]
Event: 0.418 Thread 0x000000012594d000 Exception <a 'java/lang/NoSuchMethodError'{0x0000000787c2e840}: 'void java.lang.invoke.DirectMethodHandle$Holder.invokeSpecial(java.lang.Object, java.lang.Object, java.lang.Object, java.lang.Object, java.lang.Object)'> (0x0000000787c2e840) 
thrown [open/src/hotspot/share/interpreter/linkResolver.cpp, line 766]
Event: 0.441 Thread 0x000000012594d000 Exception <a 'java/lang/NoSuchMethodError'{0x000000078799e158}: 'java.lang.Object java.lang.invoke.DirectMethodHandle$Holder.invokeInterface(java.lang.Object, java.lang.Object, java.lang.Object)'> (0x000000078799e158) 
thrown [open/src/hotspot/share/interpreter/linkResolver.cpp, line 766]
Event: 0.441 Thread 0x000000012594d000 Exception <a 'java/lang/IncompatibleClassChangeError'{0x00000007879a1ae0}: Found class java.lang.Object, but interface was expected> (0x00000007879a1ae0) 
thrown [open/src/hotspot/share/interpreter/linkResolver.cpp, line 833]
Event: 0.529 Thread 0x000000012594d000 Exception <a 'java/lang/NoSuchMethodError'{0x00000007876a5c90}: 'java.lang.Object java.lang.invoke.DirectMethodHandle$Holder.newInvokeSpecial(java.lang.Object, java.lang.Object, int)'> (0x00000007876a5c90) 
thrown [open/src/hotspot/share/interpreter/linkResolver.cpp, line 766]
Event: 1.736 Thread 0x000000012594d000 Exception <a 'java/lang/NoSuchMethodError'{0x0000000787262ad8}: 'long java.lang.invoke.DirectMethodHandle$Holder.invokeStatic(java.lang.Object, java.lang.Object)'> (0x0000000787262ad8) 
thrown [open/src/hotspot/share/interpreter/linkResolver.cpp, line 766]
Event: 1.789 Thread 0x000000012594d000 Exception <a 'java/lang/NoSuchMethodError'{0x00000007870ae5a8}: 'long java.lang.invoke.DirectMethodHandle$Holder.invokeStatic(java.lang.Object, java.lang.Object, java.lang.Object)'> (0x00000007870ae5a8) 
thrown [open/src/hotspot/share/interpreter/linkResolver.cpp, line 766]
Event: 1.789 Thread 0x000000012594d000 Exception <a 'java/lang/NoSuchMethodError'{0x00000007870b1d50}: 'long java.lang.invoke.DirectMethodHandle$Holder.invokeStaticInit(java.lang.Object, java.lang.Object, java.lang.Object)'> (0x00000007870b1d50) 
thrown [open/src/hotspot/share/interpreter/linkResolver.cpp, line 766]
Event: 1.790 Thread 0x000000012594d000 Exception <a 'java/lang/NoSuchMethodError'{0x00000007870c9958}: 'java.lang.Object java.lang.invoke.DirectMethodHandle$Holder.newInvokeSpecial(java.lang.Object, java.lang.Object, long)'> (0x00000007870c9958) 
thrown [open/src/hotspot/share/interpreter/linkResolver.cpp, line 766]
Event: 1.790 Thread 0x000000012594d000 Exception <a 'java/lang/NoSuchMethodError'{0x00000007870cd220}: 'java.lang.Object java.lang.invoke.Invokers$Holder.linkToTargetMethod(java.lang.Object, long, java.lang.Object)'> (0x00000007870cd220) 
thrown [open/src/hotspot/share/interpreter/linkResolver.cpp, line 766]
Event: 1.798 Thread 0x0000000126863e00 Exception <a 'java/lang/NoSuchMethodError'{0x0000000786f994d8}: 'java.lang.Object java.lang.invoke.DirectMethodHandle$Holder.invokeStaticInit(java.lang.Object, int)'> (0x0000000786f994d8) 
thrown [open/src/hotspot/share/interpreter/linkResolver.cpp, line 766]
Event: 1.798 Thread 0x000000012594d000 Exception <a 'java/lang/NoSuchMethodError'{0x0000000786f5b0e0}: 'java.lang.Object java.lang.invoke.DirectMethodHandle$Holder.newInvokeSpecial(java.lang.Object, java.lang.Object, int, int, int, int, int, java.lang.Object)'> (0x0000000786f5b0e0) 
thrown [open/src/hotspot/share/interpreter/linkResolver.cpp, line 766]
Event: 1.799 Thread 0x000000012594d000 Exception <a 'java/lang/NoSuchMethodError'{0x0000000786f6e0c0}: 'java.lang.Object java.lang.invoke.DirectMethodHandle$Holder.newInvokeSpecial(java.lang.Object, java.lang.Object, java.lang.Object, int, int, int, int, int)'> (0x0000000786f6e0c0) 
thrown [open/src/hotspot/share/interpreter/linkResolver.cpp, line 766]
Event: 1.799 Thread 0x000000012594d000 Exception <a 'java/lang/NoSuchMethodError'{0x0000000786f75920}: 'java.lang.Object java.lang.invoke.Invokers$Holder.linkToTargetMethod(java.lang.Object, java.lang.Object, int, int, int, int, int, java.lang.Object)'> (0x0000000786f75920) 
thrown [open/src/hotspot/share/interpreter/linkResolver.cpp, line 766]
Event: 2.435 Thread 0x000000012594d000 Exception <a 'java/lang/NoSuchMethodError'{0x0000000786aef8f8}: 'void java.lang.invoke.DirectMethodHandle$Holder.invokeSpecialIFC(java.lang.Object, java.lang.Object, java.lang.Object, java.lang.Object)'> (0x0000000786aef8f8) 
thrown [open/src/hotspot/share/interpreter/linkResolver.cpp, line 766]
Event: 2.446 Thread 0x000000012594d000 Exception <a 'java/lang/NoSuchMethodError'{0x00000007865912b0}: 'int java.lang.invoke.DirectMethodHandle$Holder.invokeSpecial(java.lang.Object, java.lang.Object, int)'> (0x00000007865912b0) 
thrown [open/src/hotspot/share/interpreter/linkResolver.cpp, line 766]
Event: 3.460 Thread 0x000000012594d000 Exception <a 'java/lang/NoSuchMethodError'{0x0000000787c00cb0}: 'java.lang.Object java.lang.invoke.DirectMethodHandle$Holder.invokeSpecial(java.lang.Object, java.lang.Object, java.lang.Object, java.lang.Object, int)'> (0x0000000787c00cb0) 
thrown [open/src/hotspot/share/interpreter/linkResolver.cpp, line 766]
Event: 3.460 Thread 0x000000012594d000 Exception <a 'java/lang/NoSuchMethodError'{0x0000000787c04b20}: 'java.lang.Object java.lang.invoke.Invokers$Holder.linkToTargetMethod(java.lang.Object, java.lang.Object, int, java.lang.Object)'> (0x0000000787c04b20) 
thrown [open/src/hotspot/share/interpreter/linkResolver.cpp, line 766]
Event: 3.465 Thread 0x000000012594d000 Implicit null exception at 0x00000001141965b8 to 0x0000000114196c10
Event: 4.380 Thread 0x000000012594d000 Exception <a 'java/lang/NoSuchMethodError'{0x000000078784ff70}: 'int java.lang.invoke.DirectMethodHandle$Holder.invokeStatic(java.lang.Object, long)'> (0x000000078784ff70) 
thrown [open/src/hotspot/share/interpreter/linkResolver.cpp, line 766]

VM Operations (20 events):
Event: 2.497 Executing VM operation: G1CollectForAllocation
Event: 2.500 Executing VM operation: G1CollectForAllocation done
Event: 3.477 Executing VM operation: ICBufferFull
Event: 3.477 Executing VM operation: ICBufferFull done
Event: 3.800 Executing VM operation: ICBufferFull
Event: 3.801 Executing VM operation: ICBufferFull done
Event: 4.801 Executing VM operation: Cleanup
Event: 4.801 Executing VM operation: Cleanup done
Event: 5.803 Executing VM operation: Cleanup
Event: 5.803 Executing VM operation: Cleanup done
Event: 10.829 Executing VM operation: Cleanup
Event: 10.829 Executing VM operation: Cleanup done
Event: 12.837 Executing VM operation: Cleanup
Event: 12.837 Executing VM operation: Cleanup done
Event: 13.376 Executing VM operation: ICBufferFull
Event: 13.376 Executing VM operation: ICBufferFull done
Event: 14.144 Executing VM operation: ICBufferFull
Event: 14.144 Executing VM operation: ICBufferFull done
Event: 15.149 Executing VM operation: Cleanup
Event: 15.150 Executing VM operation: Cleanup done

Events (20 events):
Event: 4.381 loading class java/util/stream/SpinedBuffer$OfLong done
Event: 4.382 loading class java/util/stream/Nodes$LongSpinedNodeBuilder done
Event: 4.382 loading class java/util/stream/LongPipeline$9$1
Event: 4.382 loading class java/util/stream/Sink$ChainedLong
Event: 4.382 loading class java/util/stream/Sink$ChainedLong done
Event: 4.382 loading class java/util/stream/LongPipeline$9$1 done
Event: 10.744 Protecting memory [0x000000016fed0000,0x000000016fedc000] with protection modes 0
Event: 10.744 Thread 0x0000000125957200 Thread added: 0x0000000125957200
Event: 11.027 Protecting memory [0x000000016fed0000,0x000000016fedc000] with protection modes 3
Event: 11.028 Thread 0x0000000125957200 Thread exited: 0x0000000125957200
Event: 12.494 Protecting memory [0x000000016fed0000,0x000000016fedc000] with protection modes 0
Event: 12.494 Thread 0x0000000125a02c00 Thread added: 0x0000000125a02c00
Event: 12.777 Protecting memory [0x000000016fed0000,0x000000016fedc000] with protection modes 3
Event: 12.777 Thread 0x0000000125a02c00 Thread exited: 0x0000000125a02c00
Event: 12.844 Protecting memory [0x000000016fed0000,0x000000016fedc000] with protection modes 0
Event: 12.844 Thread 0x0000000125317800 Thread added: 0x0000000125317800
Event: 15.477 Protecting memory [0x000000016fed0000,0x000000016fedc000] with protection modes 3
Event: 15.478 Thread 0x0000000125317800 Thread exited: 0x0000000125317800
Event: 15.611 Protecting memory [0x000000016fed0000,0x000000016fedc000] with protection modes 0
Event: 15.611 Thread 0x0000000122808e00 Thread added: 0x0000000122808e00


Dynamic libraries:
0x0000000102f10000 	/Users/husseinel-zein/Library/Java/JavaVirtualMachines/openjdk-17.0.2/Contents/Home/lib/libjli.dylib
0x00000001b7d75000 	/usr/lib/libz.1.dylib
0x00000001b7e25000 	/usr/lib/libSystem.B.dylib
0x00000001b7e1f000 	/usr/lib/system/libcache.dylib
0x00000001b7ddd000 	/usr/lib/system/libcommonCrypto.dylib
0x00000001b7e06000 	/usr/lib/system/libcompiler_rt.dylib
0x00000001b7dfd000 	/usr/lib/system/libcopyfile.dylib
0x00000001ad15e000 	/usr/lib/system/libcorecrypto.dylib
0x00000001ad203000 	/usr/lib/system/libdispatch.dylib
0x00000001ad3cb000 	/usr/lib/system/libdyld.dylib
0x00000001b7e15000 	/usr/lib/system/libkeymgr.dylib
0x00000001b7dbf000 	/usr/lib/system/libmacho.dylib
0x00000001b74bf000 	/usr/lib/system/libquarantine.dylib
0x00000001b7e12000 	/usr/lib/system/libremovefile.dylib
0x00000001b255d000 	/usr/lib/system/libsystem_asl.dylib
0x00000001ad108000 	/usr/lib/system/libsystem_blocks.dylib
0x00000001ad289000 	/usr/lib/system/libsystem_c.dylib
0x00000001b7e0a000 	/usr/lib/system/libsystem_collections.dylib
0x00000001b697e000 	/usr/lib/system/libsystem_configuration.dylib
0x00000001b5c02000 	/usr/lib/system/libsystem_containermanager.dylib
0x00000001b7b26000 	/usr/lib/system/libsystem_coreservices.dylib
0x00000001afaef000 	/usr/lib/system/libsystem_darwin.dylib
0x00000001b7e16000 	/usr/lib/system/libsystem_dnssd.dylib
0x00000001ad286000 	/usr/lib/system/libsystem_featureflags.dylib
0x00000001ad3e0000 	/usr/lib/system/libsystem_info.dylib
0x00000001b7d87000 	/usr/lib/system/libsystem_m.dylib
0x00000001ad1d8000 	/usr/lib/system/libsystem_malloc.dylib
0x00000001b24ee000 	/usr/lib/system/libsystem_networkextension.dylib
0x00000001aff43000 	/usr/lib/system/libsystem_notify.dylib
0x00000001be029000 	/usr/lib/system/libsystem_product_info_filter.dylib
0x00000001b6983000 	/usr/lib/system/libsystem_sandbox.dylib
0x00000001b7e0f000 	/usr/lib/system/libsystem_secinit.dylib
0x00000001ad388000 	/usr/lib/system/libsystem_kernel.dylib
0x00000001ad3d8000 	/usr/lib/system/libsystem_platform.dylib
0x00000001ad3be000 	/usr/lib/system/libsystem_pthread.dylib
0x00000001b3c9a000 	/usr/lib/system/libsystem_symptoms.dylib
0x00000001ad144000 	/usr/lib/system/libsystem_trace.dylib
0x00000001b7dea000 	/usr/lib/system/libunwind.dylib
0x00000001ad10a000 	/usr/lib/system/libxpc.dylib
0x00000001ad36e000 	/usr/lib/libc++abi.dylib
0x00000001ad24a000 	/usr/lib/libobjc.A.dylib
0x00000001b7df5000 	/usr/lib/liboah.dylib
0x00000001ad30a000 	/usr/lib/libc++.1.dylib
0x00000001c3a2a000 	/System/Library/Frameworks/Cocoa.framework/Versions/A/Cocoa
0x00000001affa3000 	/System/Library/Frameworks/AppKit.framework/Versions/C/AppKit
0x00000001b34d9000 	/System/Library/Frameworks/CoreData.framework/Versions/A/CoreData
0x00000001ae300000 	/System/Library/Frameworks/Foundation.framework/Versions/C/Foundation
0x00000001b0e5a000 	/System/Library/PrivateFrameworks/UIFoundation.framework/Versions/A/UIFoundation
0x00000001bdd23000 	/System/Library/PrivateFrameworks/RemoteViewServices.framework/Versions/A/RemoteViewServices
0x00000001b633c000 	/System/Library/PrivateFrameworks/XCTTargetBootstrap.framework/Versions/A/XCTTargetBootstrap
0x00000001b9b26000 	/System/Library/PrivateFrameworks/InternationalSupport.framework/Versions/A/InternationalSupport
0x00000001b9baf000 	/System/Library/PrivateFrameworks/UserActivity.framework/Versions/A/UserActivity
0x00000001b9054000 	/usr/lib/libspindump.dylib
0x00000001b10ca000 	/System/Library/Frameworks/UniformTypeIdentifiers.framework/Versions/A/UniformTypeIdentifiers
0x00000001b48c9000 	/usr/lib/libapp_launch_measurement.dylib
0x00000001b3e41000 	/System/Library/PrivateFrameworks/CoreAnalytics.framework/Versions/A/CoreAnalytics
0x00000001b48cc000 	/System/Library/PrivateFrameworks/CoreAutoLayout.framework/Versions/A/CoreAutoLayout
0x00000001b5c3f000 	/System/Library/Frameworks/Metal.framework/Versions/A/Metal
0x00000001b698e000 	/usr/lib/liblangid.dylib
0x00000001b6340000 	/System/Library/PrivateFrameworks/CoreSVG.framework/Versions/A/CoreSVG
0x00000001b2591000 	/System/Library/PrivateFrameworks/SkyLight.framework/Versions/A/SkyLight
0x00000001b295e000 	/System/Library/Frameworks/CoreGraphics.framework/Versions/A/CoreGraphics
0x00000001be3a1000 	/System/Library/Frameworks/Accelerate.framework/Versions/A/Accelerate
0x00000001b8ac8000 	/System/Library/PrivateFrameworks/IconServices.framework/Versions/A/IconServices
0x00000001b5c21000 	/System/Library/Frameworks/IOSurface.framework/Versions/A/IOSurface
0x00000001b3e71000 	/usr/lib/libDiagnosticMessagesClient.dylib
0x00000001c17ea000 	/System/Library/Frameworks/ApplicationServices.framework/Versions/A/ApplicationServices
0x00000001b6324000 	/System/Library/PrivateFrameworks/DFRFoundation.framework/Versions/A/DFRFoundation
0x00000001af844000 	/usr/lib/libicucore.A.dylib
0x00000001ba927000 	/System/Library/Frameworks/AudioToolbox.framework/Versions/A/AudioToolbox
0x00000001b9b32000 	/System/Library/PrivateFrameworks/DataDetectorsCore.framework/Versions/A/DataDetectorsCore
0x00000001cfc80000 	/System/Library/PrivateFrameworks/TextInput.framework/Versions/A/TextInput
0x00000001b2508000 	/usr/lib/libMobileGestalt.dylib
0x00000001b5ff4000 	/System/Library/Frameworks/Carbon.framework/Versions/A/Frameworks/HIToolbox.framework/Versions/A/HIToolbox
0x00000001b42d2000 	/System/Library/Frameworks/QuartzCore.framework/Versions/A/QuartzCore
0x00000001af4c1000 	/System/Library/Frameworks/Security.framework/Versions/A/Security
0x00000001bdd63000 	/System/Library/Frameworks/Carbon.framework/Versions/A/Frameworks/SpeechRecognition.framework/Versions/A/SpeechRecognition
0x00000001b4620000 	/System/Library/PrivateFrameworks/CoreUI.framework/Versions/A/CoreUI
0x00000001aed92000 	/System/Library/Frameworks/CoreAudio.framework/Versions/A/CoreAudio
0x00000001b3f65000 	/System/Library/Frameworks/DiskArbitration.framework/Versions/A/DiskArbitration
0x00000001b9439000 	/System/Library/PrivateFrameworks/MultitouchSupport.framework/Versions/A/MultitouchSupport
0x00000001b2506000 	/usr/lib/libenergytrace.dylib
0x00000001afe6d000 	/System/Library/Frameworks/IOKit.framework/Versions/A/IOKit
0x00000001be14c000 	/System/Library/Frameworks/CoreServices.framework/Versions/A/CoreServices
0x00000001b4859000 	/System/Library/PrivateFrameworks/PerformanceAnalysis.framework/Versions/A/PerformanceAnalysis
0x000000020e82d000 	/System/Library/Frameworks/OpenGL.framework/Versions/A/OpenGL
0x00000001b73df000 	/System/Library/PrivateFrameworks/MobileKeyBag.framework/Versions/A/MobileKeyBag
0x00000001b2f6e000 	/System/Library/Frameworks/ColorSync.framework/Versions/A/ColorSync
0x00000001ad40c000 	/System/Library/Frameworks/CoreFoundation.framework/Versions/A/CoreFoundation
0x00000001b65c1000 	/System/Library/Frameworks/CoreImage.framework/Versions/A/CoreImage
0x00000001aebb5000 	/System/Library/Frameworks/CoreText.framework/Versions/A/CoreText
0x00000001b6370000 	/System/Library/Frameworks/ImageIO.framework/Versions/A/ImageIO
0x00000001b7e2b000 	/System/Library/PrivateFrameworks/SoftLinking.framework/Versions/A/SoftLinking
0x00000001b4916000 	/usr/lib/libxml2.2.dylib
0x00000001b80c4000 	/usr/lib/libcompression.dylib
0x00000001b9a7f000 	/System/Library/PrivateFrameworks/TextureIO.framework/Versions/A/TextureIO
0x00000001b87e2000 	/usr/lib/libate.dylib
0x00000001b86aa000 	/usr/lib/liblzma.5.dylib
0x00000001adff4000 	/System/Library/Frameworks/SystemConfiguration.framework/Versions/A/SystemConfiguration
0x00000001b7e27000 	/usr/lib/libfakelink.dylib
0x00000001b2035000 	/System/Library/Frameworks/CFNetwork.framework/Versions/A/CFNetwork
0x00000001b7f6e000 	/usr/lib/libarchive.2.dylib
0x00000001b698a000 	/System/Library/PrivateFrameworks/AppleSystemInfo.framework/Versions/A/AppleSystemInfo
0x00000001b74ea000 	/usr/lib/libbsm.0.dylib
0x00000001b156d000 	/usr/lib/libnetwork.dylib
0x00000001b7dc5000 	/usr/lib/system/libkxld.dylib
0x00000001b7101000 	/System/Library/PrivateFrameworks/IOMobileFramebuffer.framework/Versions/A/IOMobileFramebuffer
0x000000022a65e000 	/usr/lib/libCoreEntitlements.dylib
0x00000001b7b08000 	/System/Library/PrivateFrameworks/AppleFSCompression.framework/Versions/A/AppleFSCompression
0x00000001b74d2000 	/usr/lib/libcoretls.dylib
0x00000001b86c3000 	/usr/lib/libcoretls_cfhelpers.dylib
0x00000001b80bf000 	/usr/lib/libpam.2.dylib
0x00000001b38c2000 	/usr/lib/libsqlite3.dylib
0x00000001b872b000 	/usr/lib/libxar.1.dylib
0x00000001b7b19000 	/usr/lib/libbz2.1.0.dylib
0x00000001b7e2c000 	/usr/lib/libpcap.A.dylib
0x00000001b3c91000 	/usr/lib/libdns_services.dylib
0x00000001b8092000 	/usr/lib/libapple_nghttp2.dylib
0x00000001b7e69000 	/usr/lib/libiconv.2.dylib
0x00000001b7dbe000 	/usr/lib/libcharset.1.dylib
0x00000001b4895000 	/System/Library/Frameworks/CoreServices.framework/Versions/A/Frameworks/FSEvents.framework/Versions/A/FSEvents
0x00000001afafa000 	/System/Library/Frameworks/CoreServices.framework/Versions/A/Frameworks/CarbonCore.framework/Versions/A/CarbonCore
0x00000001b3ec8000 	/System/Library/Frameworks/CoreServices.framework/Versions/A/Frameworks/Metadata.framework/Versions/A/Metadata
0x00000001b7b2c000 	/System/Library/Frameworks/CoreServices.framework/Versions/A/Frameworks/OSServices.framework/Versions/A/OSServices
0x00000001b7ff4000 	/System/Library/Frameworks/CoreServices.framework/Versions/A/Frameworks/SearchKit.framework/Versions/A/SearchKit
0x00000001b3c1f000 	/System/Library/Frameworks/CoreServices.framework/Versions/A/Frameworks/AE.framework/Versions/A/AE
0x00000001ad950000 	/System/Library/Frameworks/CoreServices.framework/Versions/A/Frameworks/LaunchServices.framework/Versions/A/LaunchServices
0x00000001b8653000 	/System/Library/Frameworks/CoreServices.framework/Versions/A/Frameworks/DictionaryServices.framework/Versions/A/DictionaryServices
0x00000001b48a2000 	/System/Library/Frameworks/CoreServices.framework/Versions/A/Frameworks/SharedFileList.framework/Versions/A/SharedFileList
0x00000001b74c2000 	/usr/lib/libCheckFix.dylib
0x00000001b2575000 	/System/Library/PrivateFrameworks/TCC.framework/Versions/A/TCC
0x00000001b6990000 	/System/Library/PrivateFrameworks/CoreNLP.framework/Versions/A/CoreNLP
0x00000001b3e74000 	/System/Library/PrivateFrameworks/MetadataUtilities.framework/Versions/A/MetadataUtilities
0x00000001ae0ad000 	/usr/lib/libmecabra.dylib
0x00000001b74fb000 	/usr/lib/libmecab.dylib
0x00000001ae079000 	/usr/lib/libCRFSuite.dylib
0x00000001b7559000 	/usr/lib/libgermantok.dylib
0x00000001b806b000 	/usr/lib/libThaiTokenizer.dylib
0x00000001b3f6d000 	/System/Library/Frameworks/Accelerate.framework/Versions/A/Frameworks/vImage.framework/Versions/A/vImage
0x00000001be123000 	/System/Library/Frameworks/Accelerate.framework/Versions/A/Frameworks/vecLib.framework/Versions/A/vecLib
0x00000001b876f000 	/System/Library/Frameworks/Accelerate.framework/Versions/A/Frameworks/vecLib.framework/Versions/A/libvMisc.dylib
0x00000001b700b000 	/System/Library/Frameworks/Accelerate.framework/Versions/A/Frameworks/vecLib.framework/Versions/A/libvDSP.dylib
0x00000001adcd3000 	/System/Library/Frameworks/Accelerate.framework/Versions/A/Frameworks/vecLib.framework/Versions/A/libBLAS.dylib
0x00000001b8193000 	/System/Library/Frameworks/Accelerate.framework/Versions/A/Frameworks/vecLib.framework/Versions/A/libLAPACK.dylib
0x00000001b755c000 	/System/Library/Frameworks/Accelerate.framework/Versions/A/Frameworks/vecLib.framework/Versions/A/libLinearAlgebra.dylib
0x00000001b80aa000 	/System/Library/Frameworks/Accelerate.framework/Versions/A/Frameworks/vecLib.framework/Versions/A/libSparseBLAS.dylib
0x00000001b818e000 	/System/Library/Frameworks/Accelerate.framework/Versions/A/Frameworks/vecLib.framework/Versions/A/libQuadrature.dylib
0x00000001b6a87000 	/System/Library/Frameworks/Accelerate.framework/Versions/A/Frameworks/vecLib.framework/Versions/A/libBNNS.dylib
0x00000001adf91000 	/System/Library/Frameworks/Accelerate.framework/Versions/A/Frameworks/vecLib.framework/Versions/A/libSparse.dylib
0x00000001b6a7f000 	/System/Library/PrivateFrameworks/LinguisticData.framework/Versions/A/LinguisticData
0x00000001adf47000 	/System/Library/PrivateFrameworks/Lexicon.framework/Versions/A/Lexicon
0x00000001b8767000 	/usr/lib/libChineseTokenizer.dylib
0x00000001ae6ee000 	/System/Library/PrivateFrameworks/LanguageModeling.framework/Versions/A/LanguageModeling
0x00000001b806d000 	/System/Library/PrivateFrameworks/AppleSauce.framework/Versions/A/AppleSauce
0x00000001b70ee000 	/System/Library/PrivateFrameworks/CoreEmoji.framework/Versions/A/CoreEmoji
0x00000001b7f5c000 	/usr/lib/libcmph.dylib
0x00000001b4875000 	/System/Library/Frameworks/OpenDirectory.framework/Versions/A/Frameworks/CFOpenDirectory.framework/Versions/A/CFOpenDirectory
0x00000001b4865000 	/System/Library/Frameworks/OpenDirectory.framework/Versions/A/OpenDirectory
0x00000001b86c5000 	/System/Library/PrivateFrameworks/APFS.framework/Versions/A/APFS
0x00000001b741a000 	/System/Library/Frameworks/SecurityFoundation.framework/Versions/A/SecurityFoundation
0x00000001b8739000 	/usr/lib/libutil.dylib
0x00000001afe2f000 	/System/Library/PrivateFrameworks/CoreServicesStore.framework/Versions/A/CoreServicesStore
0x00000001b873d000 	/usr/lib/libxslt.1.dylib
0x00000001b74ae000 	/System/Library/PrivateFrameworks/BackgroundTaskManagement.framework/Versions/A/BackgroundTaskManagement
0x00000001b99a0000 	/System/Library/Frameworks/ImageIO.framework/Versions/A/Resources/libRadiance.dylib
0x00000001b99a9000 	/System/Library/Frameworks/ImageIO.framework/Versions/A/Resources/libJPEG.dylib
0x00000001b98fb000 	/System/Library/Frameworks/ImageIO.framework/Versions/A/Resources/libPng.dylib
0x00000001b991d000 	/System/Library/Frameworks/ImageIO.framework/Versions/A/Resources/libTIFF.dylib
0x00000001b9a04000 	/System/Library/Frameworks/ImageIO.framework/Versions/A/Resources/libGIF.dylib
0x00000001b9349000 	/System/Library/Frameworks/ImageIO.framework/Versions/A/Resources/libJP2.dylib
0x00000001b8a8e000 	/usr/lib/libexpat.1.dylib
0x00000001b9304000 	/System/Library/PrivateFrameworks/AppleJPEG.framework/Versions/A/AppleJPEG
0x00000001b5eb3000 	/System/Library/PrivateFrameworks/FontServices.framework/libFontParser.dylib
0x00000001b3bc4000 	/System/Library/PrivateFrameworks/RunningBoardServices.framework/Versions/A/RunningBoardServices
0x00000001c40a0000 	/System/Library/PrivateFrameworks/IOSurfaceAccelerator.framework/Versions/A/IOSurfaceAccelerator
0x00000001b9435000 	/System/Library/PrivateFrameworks/WatchdogClient.framework/Versions/A/WatchdogClient
0x00000001ae7f2000 	/System/Library/Frameworks/CoreDisplay.framework/Versions/A/CoreDisplay
0x00000001b5da1000 	/System/Library/Frameworks/CoreMedia.framework/Versions/A/CoreMedia
0x00000001b5c35000 	/System/Library/PrivateFrameworks/IOAccelerator.framework/Versions/A/IOAccelerator
0x00000001b4a03000 	/System/Library/Frameworks/CoreVideo.framework/Versions/A/CoreVideo
0x00000001b80bd000 	/System/Library/Frameworks/MetalPerformanceShaders.framework/Versions/A/MetalPerformanceShaders
0x00000001b9472000 	/System/Library/Frameworks/VideoToolbox.framework/Versions/A/VideoToolbox
0x00000001b3b08000 	/System/Library/PrivateFrameworks/BaseBoard.framework/Versions/A/BaseBoard
0x00000001b38a7000 	/System/Library/PrivateFrameworks/ProtocolBuffer.framework/Versions/A/ProtocolBuffer
0x00000001b999b000 	/System/Library/PrivateFrameworks/GPUWrangler.framework/Versions/A/GPUWrangler
0x00000001b997a000 	/System/Library/PrivateFrameworks/IOPresentment.framework/Versions/A/IOPresentment
0x00000001b99a3000 	/System/Library/PrivateFrameworks/DSExternalDisplay.framework/Versions/A/DSExternalDisplay
0x000000020e820000 	/System/Library/Frameworks/OpenGL.framework/Versions/A/Libraries/libCoreFSCache.dylib
0x000000021800b000 	/System/Library/PrivateFrameworks/GPUCompiler.framework/Versions/31001/Libraries/libGPUCompilerUtils.dylib
0x00000001b9a09000 	/System/Library/PrivateFrameworks/CMCaptureCore.framework/Versions/A/CMCaptureCore
0x00000001b9042000 	/System/Library/PrivateFrameworks/AppServerSupport.framework/Versions/A/AppServerSupport
0x00000001bb1e2000 	/System/Library/PrivateFrameworks/perfdata.framework/Versions/A/perfdata
0x00000001ae912000 	/System/Library/PrivateFrameworks/AudioToolboxCore.framework/Versions/A/AudioToolboxCore
0x00000001b5d79000 	/System/Library/PrivateFrameworks/caulk.framework/Versions/A/caulk
0x00000001baad7000 	/usr/lib/libAudioStatistics.dylib
0x00000001cc3f4000 	/System/Library/PrivateFrameworks/SystemPolicy.framework/Versions/A/SystemPolicy
0x00000001bad37000 	/usr/lib/libSMC.dylib
0x00000001c390c000 	/System/Library/Frameworks/CoreMIDI.framework/Versions/A/CoreMIDI
0x00000001b98c9000 	/usr/lib/libAudioToolboxUtility.dylib
0x00000001c8821000 	/System/Library/PrivateFrameworks/OSAServicesClient.framework/Versions/A/OSAServicesClient
0x00000001bb1ef000 	/usr/lib/libperfcheck.dylib
0x00000001ccefb000 	/usr/lib/libmis.dylib
0x000000020e881000 	/System/Library/Frameworks/OpenGL.framework/Versions/A/Libraries/libGLU.dylib
0x000000020e840000 	/System/Library/Frameworks/OpenGL.framework/Versions/A/Libraries/libGFXShared.dylib
0x000000020ea2a000 	/System/Library/Frameworks/OpenGL.framework/Versions/A/Libraries/libGL.dylib
0x000000020e849000 	/System/Library/Frameworks/OpenGL.framework/Versions/A/Libraries/libGLImage.dylib
0x000000020e83d000 	/System/Library/Frameworks/OpenGL.framework/Versions/A/Libraries/libCVMSPluginSupport.dylib
0x000000020e827000 	/System/Library/Frameworks/OpenGL.framework/Versions/A/Libraries/libCoreVMClient.dylib
0x00000001b690b000 	/System/Library/Frameworks/MetalPerformanceShaders.framework/Versions/A/Frameworks/MPSCore.framework/Versions/A/MPSCore
0x00000001b7a7b000 	/System/Library/Frameworks/MetalPerformanceShaders.framework/Versions/A/Frameworks/MPSImage.framework/Versions/A/MPSImage
0x00000001b7571000 	/System/Library/Frameworks/MetalPerformanceShaders.framework/Versions/A/Frameworks/MPSNeuralNetwork.framework/Versions/A/MPSNeuralNetwork
0x00000001b79ae000 	/System/Library/Frameworks/MetalPerformanceShaders.framework/Versions/A/Frameworks/MPSMatrix.framework/Versions/A/MPSMatrix
0x00000001b7789000 	/System/Library/Frameworks/MetalPerformanceShaders.framework/Versions/A/Frameworks/MPSRayIntersector.framework/Versions/A/MPSRayIntersector
0x00000001b79df000 	/System/Library/Frameworks/MetalPerformanceShaders.framework/Versions/A/Frameworks/MPSNDArray.framework/Versions/A/MPSNDArray
0x0000000210558000 	/System/Library/Frameworks/MetalPerformanceShaders.framework/Versions/A/Frameworks/MPSFunctions.framework/Versions/A/MPSFunctions
0x00000001adbb1000 	/System/Library/PrivateFrameworks/MetalTools.framework/Versions/A/MetalTools
0x00000001b6988000 	/System/Library/PrivateFrameworks/AggregateDictionary.framework/Versions/A/AggregateDictionary
0x00000001b8874000 	/usr/lib/libIOReport.dylib
0x00000001c28f3000 	/System/Library/PrivateFrameworks/ASEProcessing.framework/Versions/A/ASEProcessing
0x00000001b8be7000 	/System/Library/PrivateFrameworks/FaceCore.framework/Versions/A/FaceCore
0x00000001b8bd9000 	/System/Library/PrivateFrameworks/GraphVisualizer.framework/Versions/A/GraphVisualizer
0x0000000217f22000 	/System/Library/PrivateFrameworks/FontServices.framework/Versions/A/FontServices
0x00000001b8ffc000 	/System/Library/PrivateFrameworks/OTSVG.framework/Versions/A/OTSVG
0x00000001b45d1000 	/System/Library/Frameworks/ApplicationServices.framework/Versions/A/Frameworks/ATS.framework/Versions/A/Resources/libFontRegistry.dylib
0x00000001b904b000 	/System/Library/PrivateFrameworks/FontServices.framework/libhvf.dylib
0x0000000217f23000 	/System/Library/PrivateFrameworks/FontServices.framework/libXTFontStaticRegistryData.dylib
0x000000020ebcc000 	/System/Library/Frameworks/OpenCL.framework/Versions/A/OpenCL
0x00000001b8a42000 	/System/Library/PrivateFrameworks/AppleVA.framework/Versions/A/AppleVA
0x00000001baaff000 	/System/Library/Frameworks/ApplicationServices.framework/Versions/A/Frameworks/ATS.framework/Versions/A/ATS
0x00000001b306b000 	/System/Library/Frameworks/ApplicationServices.framework/Versions/A/Frameworks/HIServices.framework/Versions/A/HIServices
0x00000001b9a13000 	/System/Library/Frameworks/ApplicationServices.framework/Versions/A/Frameworks/PrintCore.framework/Versions/A/PrintCore
0x00000001bae8a000 	/System/Library/Frameworks/ApplicationServices.framework/Versions/A/Frameworks/QD.framework/Versions/A/QD
0x00000001bae82000 	/System/Library/Frameworks/ApplicationServices.framework/Versions/A/Frameworks/ColorSyncLegacy.framework/Versions/A/ColorSyncLegacy
0x00000001baaeb000 	/System/Library/Frameworks/ApplicationServices.framework/Versions/A/Frameworks/SpeechSynthesis.framework/Versions/A/SpeechSynthesis
0x00000001b99d4000 	/System/Library/Frameworks/ApplicationServices.framework/Versions/A/Frameworks/ATSUI.framework/Versions/A/ATSUI
0x00000001bae17000 	/usr/lib/libcups.2.dylib
0x00000001bb1fd000 	/System/Library/Frameworks/Kerberos.framework/Versions/A/Kerberos
0x00000001bb20e000 	/System/Library/Frameworks/GSS.framework/Versions/A/GSS
0x00000001bab6e000 	/usr/lib/libresolv.9.dylib
0x00000001b9059000 	/System/Library/PrivateFrameworks/Heimdal.framework/Versions/A/Heimdal
0x00000001c1b62000 	/System/Library/Frameworks/Kerberos.framework/Versions/A/Libraries/libHeimdalProxy.dylib
0x00000001b3ca3000 	/System/Library/Frameworks/Network.framework/Versions/A/Network
0x00000001b8aa9000 	/usr/lib/libheimdal-asn1.dylib
0x00000001bb254000 	/System/Library/PrivateFrameworks/CommonAuth.framework/Versions/A/CommonAuth
0x00000001baa65000 	/System/Library/PrivateFrameworks/AudioSession.framework/Versions/A/AudioSession
0x00000001b8b3a000 	/System/Library/PrivateFrameworks/MediaExperience.framework/Versions/A/MediaExperience
0x00000001ba8ed000 	/System/Library/PrivateFrameworks/AudioSession.framework/libSessionUtility.dylib
0x00000001bae96000 	/System/Library/PrivateFrameworks/AudioResourceArbitration.framework/Versions/A/AudioResourceArbitration
0x00000001befa1000 	/System/Library/PrivateFrameworks/PowerLog.framework/Versions/A/PowerLog
0x00000001b8ab2000 	/System/Library/PrivateFrameworks/IconFoundation.framework/Versions/A/IconFoundation
0x00000001bdd4f000 	/System/Library/PrivateFrameworks/SpeechRecognitionCore.framework/Versions/A/SpeechRecognitionCore
0x0000000103f1c000 	/Users/husseinel-zein/Library/Java/JavaVirtualMachines/openjdk-17.0.2/Contents/Home/lib/server/libjvm.dylib
0x0000000103028000 	/Users/husseinel-zein/Library/Java/JavaVirtualMachines/openjdk-17.0.2/Contents/Home/lib/libjimage.dylib
0x0000000103054000 	/Users/husseinel-zein/Library/Java/JavaVirtualMachines/openjdk-17.0.2/Contents/Home/lib/libinstrument.dylib
0x00000001030a0000 	/Users/husseinel-zein/Library/Java/JavaVirtualMachines/openjdk-17.0.2/Contents/Home/lib/libjava.dylib
0x0000000103088000 	/Users/husseinel-zein/Library/Java/JavaVirtualMachines/openjdk-17.0.2/Contents/Home/lib/libzip.dylib
0x000000011f674000 	/Users/husseinel-zein/Library/Java/JavaVirtualMachines/openjdk-17.0.2/Contents/Home/lib/libnio.dylib
0x000000011f694000 	/Users/husseinel-zein/Library/Java/JavaVirtualMachines/openjdk-17.0.2/Contents/Home/lib/libnet.dylib
0x0000000103eec000 	/Users/husseinel-zein/Library/Java/JavaVirtualMachines/openjdk-17.0.2/Contents/Home/lib/libextnet.dylib
0x0000000103f00000 	/Users/husseinel-zein/.openjfx/cache/17/libprism_es2.dylib
0x00000001afdf2000 	/System/Library/PrivateFrameworks/CoreServicesInternal.framework/Versions/A/CoreServicesInternal
0x000000020ea34000 	/System/Library/Frameworks/OpenGL.framework/Versions/A/Resources/GLEngine.bundle/GLEngine
0x000000020e8bb000 	/System/Library/Frameworks/OpenGL.framework/Versions/A/Libraries/libGLProgrammability.dylib
0x00000001225bc000 	/System/Library/Extensions/AppleMetalOpenGLRenderer.bundle/Contents/MacOS/AppleMetalOpenGLRenderer
0x000000020eba3000 	/System/Library/Frameworks/OpenGL.framework/Versions/A/Resources/GLRendererFloat.bundle/GLRendererFloat
0x000000020ec44000 	/System/Library/Extensions/AGXMetal13_3.bundle/Contents/MacOS/AGXMetal13_3
0x00000001ccf17000 	/System/Library/PrivateFrameworks/GPURawCounter.framework/Versions/A/GPURawCounter
0x00000001c79a5000 	/System/Library/PrivateFrameworks/IOGPU.framework/Versions/A/IOGPU
0x0000000122654000 	/Users/husseinel-zein/.openjfx/cache/17/libglass.dylib
0x00000001bf1f5000 	/System/Library/Frameworks/FileProvider.framework/Versions/A/FileProvider
0x00000001b3a70000 	/System/Library/Frameworks/Accounts.framework/Versions/A/Accounts
0x00000001bf375000 	/System/Library/PrivateFrameworks/GenerationalStorage.framework/Versions/A/GenerationalStorage
0x00000001bff2b000 	/System/Library/PrivateFrameworks/CoreSymbolication.framework/Versions/A/CoreSymbolication
0x00000001bef95000 	/System/Library/PrivateFrameworks/SymptomDiagnosticReporter.framework/Versions/A/SymptomDiagnosticReporter
0x00000001b10de000 	/System/Library/PrivateFrameworks/DesktopServicesPriv.framework/Versions/A/DesktopServicesPriv
0x00000001aff52000 	/usr/lib/libsandbox.1.dylib
0x00000001b4a90000 	/System/Library/PrivateFrameworks/UserManagement.framework/Versions/A/UserManagement
0x00000001bfeec000 	/System/Library/PrivateFrameworks/DebugSymbols.framework/Versions/A/DebugSymbols
0x00000001bae75000 	/System/Library/PrivateFrameworks/NetAuth.framework/Versions/A/NetAuth
0x00000001bbd78000 	/System/Library/PrivateFrameworks/Sharing.framework/Versions/A/Sharing
0x00000001b4a60000 	/System/Library/PrivateFrameworks/login.framework/Versions/A/Frameworks/loginsupport.framework/Versions/A/loginsupport
0x00000001c10a4000 	/System/Library/PrivateFrameworks/Apple80211.framework/Versions/A/Apple80211
0x00000001b7b5f000 	/System/Library/PrivateFrameworks/AuthKit.framework/Versions/A/AuthKit
0x00000001b71ed000 	/System/Library/PrivateFrameworks/CoreUtils.framework/Versions/A/CoreUtils
0x00000001b710d000 	/System/Library/Frameworks/CoreWLAN.framework/Versions/A/CoreWLAN
0x00000001bbee2000 	/System/Library/Frameworks/IOBluetooth.framework/Versions/A/IOBluetooth
0x00000001c1104000 	/System/Library/PrivateFrameworks/CoreWiFi.framework/Versions/A/CoreWiFi
0x00000001bfad3000 	/System/Library/PrivateFrameworks/FrontBoardServices.framework/Versions/A/FrontBoardServices
0x00000001bfb6b000 	/System/Library/PrivateFrameworks/BoardServices.framework/Versions/A/BoardServices
0x00000001b7408000 	/System/Library/PrivateFrameworks/AssertionServices.framework/Versions/A/AssertionServices
0x00000001c1272000 	/System/Library/PrivateFrameworks/BackBoardServices.framework/Versions/A/BackBoardServices
0x00000001bb2e7000 	/System/Library/PrivateFrameworks/CorePhoneNumbers.framework/Versions/A/CorePhoneNumbers
0x00000001bf0c5000 	/System/Library/PrivateFrameworks/DiskManagement.framework/Versions/A/DiskManagement
0x00000001befc8000 	/System/Library/PrivateFrameworks/AppleIDAuthSupport.framework/Versions/A/AppleIDAuthSupport
0x0000000212842000 	/System/Library/PrivateFrameworks/AAAFoundation.framework/Versions/A/AAAFoundation
0x00000001bb2c6000 	/System/Library/PrivateFrameworks/KeychainCircle.framework/Versions/A/KeychainCircle
0x00000001bf091000 	/System/Library/PrivateFrameworks/MediaKit.framework/Versions/A/MediaKit
0x00000001befd5000 	/System/Library/Frameworks/DiscRecording.framework/Versions/A/DiscRecording
0x00000001b89be000 	/usr/lib/libCoreStorage.dylib
0x00000001c156e000 	/usr/lib/libcsfde.dylib
0x00000001bbfb7000 	/System/Library/PrivateFrameworks/ProtectedCloudStorage.framework/Versions/A/ProtectedCloudStorage
0x00000001c1566000 	/System/Library/PrivateFrameworks/EFILogin.framework/Versions/A/EFILogin
0x00000001bf39c000 	/System/Library/PrivateFrameworks/OctagonTrust.framework/Versions/A/OctagonTrust
0x000000021716e000 	/System/Library/PrivateFrameworks/CoreUtilsExtras.framework/Versions/A/CoreUtilsExtras
0x00000001bef0a000 	/System/Library/Frameworks/CoreBluetooth.framework/Versions/A/CoreBluetooth
0x00000001c1be7000 	/System/Library/Frameworks/AudioUnit.framework/Versions/A/AudioUnit
0x00000001b89b6000 	/usr/lib/libMatch.1.dylib
0x00000001d120d000 	/System/Library/Frameworks/Accelerate.framework/Versions/A/Frameworks/vImage.framework/Versions/A/Libraries/libCGInterfaces.dylib
0x00000001267e4000 	/usr/lib/libobjc-trampolines.dylib
0x00000001b475d000 	/System/Library/PrivateFrameworks/ViewBridge.framework/Versions/A/ViewBridge
0x00000001444cc000 	/Users/husseinel-zein/.openjfx/cache/17/libjavafx_font.dylib
0x00000001b9107000 	/System/Library/PrivateFrameworks/login.framework/Versions/A/login
0x000000022a7d8000 	/usr/lib/libRosetta.dylib
0x0000000212ee1000 	/System/Library/PrivateFrameworks/AccessibilityBundles.framework/Versions/A/AccessibilityBundles


VM Arguments:
jvm_args: -javaagent:/Applications/IntelliJ IDEA.app/Contents/lib/idea_rt.jar=50669:/Applications/IntelliJ IDEA.app/Contents/bin -Dfile.encoding=UTF-8 
java_command: dk.dtu.compute.se.pisd.roborally.StartRoboRally
java_class_path (initial): /Users/husseinel-zein/Desktop/master-a6dce03ec01d1fa86c2178aa3081d9469937ac66/RoboRally/roborally-1.0.0-java17/roborally-initial/target/classes:/Users/husseinel-zein/.m2/repository/org/jetbrains/annotations/13.0/annotations-13.0.jar:/Users/husseinel-zein/.m2/repository/mysql/mysql-connector-java/8.0.11/mysql-connector-java-8.0.11.jar:/Users/husseinel-zein/.m2/repository/com/google/protobuf/protobuf-java/2.6.0/protobuf-java-2.6.0.jar:/Users/husseinel-zein/.m2/repository/com/google/code/gson/gson/2.8.2/gson-2.8.2.jar:/Users/husseinel-zein/.m2/repository/com/google/guava/guava/19.0/guava-19.0.jar:/Users/husseinel-zein/.m2/repository/org/openjfx/javafx-controls/17/javafx-controls-17.jar:/Users/husseinel-zein/.m2/repository/org/openjfx/javafx-controls/17/javafx-controls-17-mac-aarch64.jar:/Users/husseinel-zein/.m2/repository/org/openjfx/javafx-graphics/17/javafx-graphics-17.jar:/Users/husseinel-zein/.m2/repository/org/openjfx/javafx-graphics/17/javafx-graphics-17-mac-aarch64.jar:/Users/husseinel-zein/.m2/repository/org/openjfx/javafx-base/17/javafx-base-17.jar:/Users/husseinel-zein/.m2/repository/org/openjfx/javafx-base/17/javafx-base-17-mac-aarch64.jar:/Users/husseinel-zein/.m2/repository/org/openjfx/javafx-fxml/17/javafx-fxml-17.jar:/Users/husseinel-zein/.m2/repository/org/openjfx/javafx-fxml/17/javafx-fxml-17-mac-aarch64.jar
Launcher Type: SUN_STANDARD

[Global flags]
     intx CICompilerCount                          = 4                                         {product} {ergonomic}
     uint ConcGCThreads                            = 2                                         {product} {ergonomic}
     uint G1ConcRefinementThreads                  = 8                                         {product} {ergonomic}
   size_t G1HeapRegionSize                         = 1048576                                   {product} {ergonomic}
    uintx GCDrainStackTargetSize                   = 64                                        {product} {ergonomic}
   size_t InitialHeapSize                          = 134217728                                 {product} {ergonomic}
   size_t MarkStackSize                            = 4194304                                   {product} {ergonomic}
   size_t MaxHeapSize                              = 2147483648                                {product} {ergonomic}
   size_t MaxNewSize                               = 1287651328                                {product} {ergonomic}
   size_t MinHeapDeltaBytes                        = 1048576                                   {product} {ergonomic}
   size_t MinHeapSize                              = 8388608                                   {product} {ergonomic}
    uintx NonNMethodCodeHeapSize                   = 5839564                                {pd product} {ergonomic}
    uintx NonProfiledCodeHeapSize                  = 122909338                              {pd product} {ergonomic}
    uintx ProfiledCodeHeapSize                     = 122909338                              {pd product} {ergonomic}
    uintx ReservedCodeCacheSize                    = 251658240                              {pd product} {ergonomic}
     bool SegmentedCodeCache                       = true                                      {product} {ergonomic}
   size_t SoftMaxHeapSize                          = 2147483648                             {manageable} {ergonomic}
     bool UseCompressedClassPointers               = true                           {product lp64_product} {ergonomic}
     bool UseCompressedOops                        = true                           {product lp64_product} {ergonomic}
     bool UseG1GC                                  = true                                      {product} {ergonomic}
     bool UseNUMA                                  = false                                     {product} {ergonomic}
     bool UseNUMAInterleaving                      = false                                     {product} {ergonomic}

Logging:
Log output configuration:
 #0: stdout all=warning uptime,level,tags
 #1: stderr all=off uptime,level,tags

Environment Variables:
PATH=/opt/local/bin:/opt/local/sbin:/opt/homebrew/bin:/opt/homebrew/sbin:/usr/local/bin:/usr/bin:/bin:/usr/sbin:/sbin
SHELL=/bin/zsh
LC_CTYPE=en_DK.UTF-8

Signal Handlers:
   SIGSEGV: _ZL13crash_handleriP9__siginfoPv in libjvm.dylib, mask=11100110000111110111111111111111, flags=SA_RESTART|SA_SIGINFO
    SIGBUS: _ZL13crash_handleriP9__siginfoPv in libjvm.dylib, mask=11100110000111110111111111111111, flags=SA_RESTART|SA_SIGINFO
    SIGFPE: _ZL13crash_handleriP9__siginfoPv in libjvm.dylib, mask=11100110000111110111111111111111, flags=SA_RESTART|SA_SIGINFO
   SIGPIPE: _ZL17javaSignalHandleriP9__siginfoPv in libjvm.dylib, mask=11100110000111110111111111111111, flags=SA_RESTART|SA_SIGINFO
   SIGXFSZ: _ZL17javaSignalHandleriP9__siginfoPv in libjvm.dylib, mask=11100110000111110111111111111111, flags=SA_RESTART|SA_SIGINFO
    SIGILL: _ZL13crash_handleriP9__siginfoPv in libjvm.dylib, mask=11100110000111110111111111111111, flags=SA_RESTART|SA_SIGINFO
   SIGUSR2: _ZL10SR_handleriP9__siginfoP17__darwin_ucontext in libjvm.dylib, mask=00100000000000000000000000000000, flags=SA_RESTART|SA_SIGINFO
    SIGHUP: _ZL11UserHandleriPvS_ in libjvm.dylib, mask=11100110000111110111111111111111, flags=SA_RESTART|SA_SIGINFO
    SIGINT: _ZL11UserHandleriPvS_ in libjvm.dylib, mask=11100110000111110111111111111111, flags=SA_RESTART|SA_SIGINFO
   SIGTERM: _ZL11UserHandleriPvS_ in libjvm.dylib, mask=11100110000111110111111111111111, flags=SA_RESTART|SA_SIGINFO
   SIGQUIT: _ZL11UserHandleriPvS_ in libjvm.dylib, mask=11100110000111110111111111111111, flags=SA_RESTART|SA_SIGINFO
   SIGTRAP: _ZL13crash_handleriP9__siginfoPv in libjvm.dylib, mask=11100110000111110111111111111111, flags=SA_RESTART|SA_SIGINFO


---------------  S Y S T E M  ---------------

OS:
uname: Darwin 21.3.0 Darwin Kernel Version 21.3.0: Wed Jan  5 21:37:58 PST 2022; root:xnu-8019.80.24~20/RELEASE_ARM64_T8101 arm64
OS uptime: 9 days 5:42 hours
rlimit (soft/hard): STACK 8176k/65520k , CORE 0k/infinity , NPROC 1333/2000 , NOFILE 10240/infinity , AS infinity/infinity , CPU infinity/infinity , DATA infinity/infinity , FSIZE infinity/infinity , MEMLOCK infinity/infinity , RSS infinity/infinity
load average: 1.77 1.31 1.37

CPU: total 8 (initial active 8) 0x61:0x0:0x1b588bb3:0, fp, simd, crc, lse

Memory: 16k page, physical 8388608k(210432k free), swap 1048576k(1029888k free)

vm_info: OpenJDK 64-Bit Server VM (17.0.2+8-86) for bsd-aarch64 JRE (17.0.2+8-86), built on Dec  7 2021 21:45:06 by "mach5one" with clang Apple LLVM 12.0.0 (clang-1200.0.32.29)

END.
