#
# A fatal error has been detected by the Java Runtime Environment:
#
#  SIGBUS (0xa) at pc=0x000000010e1154f0, pid=8576, tid=33807
#
# JRE version: OpenJDK Runtime Environment (18.0.1+10) (build 18.0.1+10-24)
# Java VM: OpenJDK 64-Bit Server VM (18.0.1+10-24, mixed mode, sharing, tiered, compressed oops, compressed class ptrs, g1 gc, bsd-aarch64)
# Problematic frame:
# v  ~StubRoutines::SafeFetchN
#
# No core dump will be written. Core dumps have been disabled. To enable core dumping, try "ulimit -c unlimited" before starting Java again
#
# If you would like to submit a bug report, please visit:
#   https://bugreport.java.com/bugreport/crash.jsp
# The crash happened outside the Java Virtual Machine in native code.
# See problematic frame for where to report the bug.
#

---------------  S U M M A R Y ------------

Command Line: -javaagent:/Applications/IntelliJ IDEA.app/Contents/lib/idea_rt.jar=50729:/Applications/IntelliJ IDEA.app/Contents/bin -Dfile.encoding=UTF-8 dk.dtu.compute.se.pisd.roborally.StartRoboRally

Host: "MacBookAir10,1" arm64, 8 cores, 8G, Darwin 21.3.0, macOS 12.2.1 (21D62)
Time: Thu Apr 21 16:20:38 2022 CEST elapsed time: 9.575304 seconds (0d 0h 0m 9s)

---------------  T H R E A D  ---------------

Current thread (0x000000014e226800):  JavaThread "InvokeLaterDispatcher" daemon [_thread_in_native, id=33807, stack(0x000000016e4f4000,0x000000016e6f7000)]

Stack: [0x000000016e4f4000,0x000000016e6f7000],  sp=0x000000016e6f6790,  free space=2057k
Native frames: (J=compiled Java code, j=interpreted, Vv=VM code, C=native code)
v  ~StubRoutines::SafeFetchN
V  [libjvm.dylib+0x7cdaa0]  _ZN10OopStorage7releaseEPKP7oopDesc+0x20
V  [libjvm.dylib+0x4f47ec]  jni_DeleteGlobalRef+0xd4
C  [libglass.dylib+0xab08]  -[GlassRunnable dealloc]+0x34
C  [Foundation+0x84c7c]  -[_NSThreadPerformInfo dealloc]+0x30
C  [Foundation+0x51578]  -[NSObject(NSThreadPerformAdditions) performSelectorOnMainThread:withObject:waitUntilDone:]+0x88
C  0xdf0300010e11d8ac
J 3375 c1 com.sun.glass.ui.mac.MacApplication.submitForLaterInvocation(Ljava/lang/Runnable;)V (6 bytes) @ 0x000000010ee0b358 [0x000000010ee0b2c0+0x0000000000000098]
C  0x00000007801d5e90

Java frames: (J=compiled Java code, j=interpreted, Vv=VM code)
j  com.sun.glass.ui.mac.MacApplication._submitForLaterInvocation(Ljava/lang/Runnable;)V+0
J 3375 c1 com.sun.glass.ui.mac.MacApplication.submitForLaterInvocation(Ljava/lang/Runnable;)V (6 bytes) @ 0x000000010ee0b358 [0x000000010ee0b2c0+0x0000000000000098]
j  com.sun.glass.ui.InvokeLaterDispatcher.run()V+82
v  ~StubRoutines::call_stub

siginfo: si_signo: 10 (SIGBUS), si_code: 1 (BUS_ADRALN), si_addr: 0x000000010e1154f0

Register to memory mapping:

 x0=0x00000001232075c8 points into unknown readable memory: 0x0000000000000000 | 00 00 00 00 00 00 00 00
 x1=0x0 is NULL
 x2=0x0000000787f88ba8 is an oop: com.sun.glass.ui.InvokeLaterDispatcher$Future 
{0x0000000787f88ba8} - klass: 'com/sun/glass/ui/InvokeLaterDispatcher$Future'
 - ---- fields (total size 3 words):
 - private 'done' 'Z' @12  true
 - private final 'runnable' 'Ljava/lang/Runnable;' @16  a 'com/sun/javafx/application/PlatformImpl$$Lambda$99+0x0000000800c877b8'{0x00000007876df428} (f0edbe85)
 - final synthetic 'this$0' 'Lcom/sun/glass/ui/InvokeLaterDispatcher;' @20  a 'com/sun/glass/ui/InvokeLaterDispatcher'{0x00000007801d5e90} (f003abd2)
 x3=0x0 is NULL
 x4=0x00000000000130a8 is an unknown value
 x5=0x0 is NULL
 x6=0x0 is NULL
 x7=0x0000000000000003 is an unknown value
 x8=0x000000010e1154ec is at begin+0 in a stub
StubRoutines::SafeFetchN [0x000000010e1154ec, 0x000000010e1154f8] (12 bytes)
 x9=0x0 is NULL
x10=0x2010000030300000 is an unknown value
x11=0x0000000000000007 is an unknown value
x12=0x0000000000000007 is an unknown value
x13=0x0000600003dcc6e0 points into unknown readable memory: 0xa6060001ae351738 | 38 17 35 ae 01 00 06 a6
x14=0x0000000000000001 is an unknown value
x15=0x00000001276cdf98: OBJC_CLASS_$_GlassRunnable+0 in /Users/husseinel-zein/.openjfx/cache/17/libglass.dylib at 0x0000000127688000
x16=0x00000001ad3c0094: pthread_getspecific+0 in /usr/lib/system/libsystem_pthread.dylib at 0x00000001ad3be000
x17=0x0000600003887e90 points into unknown readable memory: 0xfffffffffffffffe | fe ff ff ff ff ff ff ff
x18=0x0 is NULL
x19=0x000060000388d9d0 points into unknown readable memory: 0x00006000011894a0 | a0 94 18 01 00 60 00 00
x20=0x00000001232073c0 points into unknown readable memory: 0x00000007877ab910 | 10 b9 7a 87 07 00 00 00
x21=0x00000001232075c8 points into unknown readable memory: 0x0000000000000000 | 00 00 00 00 00 00 00 00
x22=0x000000014e226800 is a thread
x23=0x0000000000000001 is an unknown value
x24=0x0000000123207580 is a global jni handle
x25=0x00000001064aaca8: _ZN12StubRoutines17_safefetchN_entryE+0 in /Users/husseinel-zein/Library/Java/JavaVirtualMachines/openjdk-18.0.1/Contents/Home/lib/server/libjvm.dylib at 0x00000001058cc000
x26=0x000000012395d770 is pointing into metadata
x27=0x0 is NULL
x28=0x000000014e226800 is a thread


Registers:
 x0=0x00000001232075c8  x1=0x0000000000000000  x2=0x0000000787f88ba8  x3=0x0000000000000000
 x4=0x00000000000130a8  x5=0x0000000000000000  x6=0x0000000000000000  x7=0x0000000000000003
 x8=0x000000010e1154ec  x9=0x0000000000000000 x10=0x2010000030300000 x11=0x0000000000000007
x12=0x0000000000000007 x13=0x0000600003dcc6e0 x14=0x0000000000000001 x15=0x00000001276cdf98
x16=0x00000001ad3c0094 x17=0x0000600003887e90 x18=0x0000000000000000 x19=0x000060000388d9d0
x20=0x00000001232073c0 x21=0x00000001232075c8 x22=0x000000014e226800 x23=0x0000000000000001
x24=0x0000000123207580 x25=0x00000001064aaca8 x26=0x000000012395d770 x27=0x0000000000000000
x28=0x000000014e226800  fp=0x000000016e6f67d0  lr=0x0000000106098894  sp=0x000000016e6f6790
pc=0x000000010e1154f0 cpsr=0x0000000060001000
Top of Stack: (sp=0x000000016e6f6790)
0x000000016e6f6790:   000000012395d770 0000000000000001
0x000000016e6f67a0:   000000016e6f6998 0000000000000000
0x000000016e6f67b0:   000000014f160090 0000000123207590
0x000000016e6f67c0:   0000000123207590 000060000388d9d0
0x000000016e6f67d0:   000000016e6f6810 0000000106099aa0
0x000000016e6f67e0:   0000000000000001 0000000123207590
0x000000016e6f67f0:   000000014f160090 0000000123207590
0x000000016e6f6800:   0000000000000001 000000014f15fe00
0x000000016e6f6810:   000000016e6f6850 0000000105dc07ec
0x000000016e6f6820:   000000016e6f6998 0000600001198ed0
0x000000016e6f6830:   0000600001198eb0 00000001f793a9e3
0x000000016e6f6840:   0000000000000000 0000600001198eb0
0x000000016e6f6850:   000000016e6f6880 0000000127692b08
0x000000016e6f6860:   4145c6a9b7c700a8 0000000000000000
0x000000016e6f6870:   0000000000000000 00006000006478c0
0x000000016e6f6880:   000000016e6f68c0 00000001ae384c7c
0x000000016e6f6890:   000000016e6f6998 0000600001198ed0
0x000000016e6f68a0:   0000600001198eb0 4145c6a9b7c700a8
0x000000016e6f68b0:   0000000000000000 0000000000000000
0x000000016e6f68c0:   000000016e6f6900 a2390001ae351578
0x000000016e6f68d0:   000000016e6f6998 000000010e11c7c0
0x000000016e6f68e0:   0000000000000000 00000001064b2760
0x000000016e6f68f0:   000000016e6f6910 000000010e11b730
0x000000016e6f6900:   000000016e6f6970 df0300010e11d8ac
0x000000016e6f6910:   000000010e11dc24 0000000123938188
0x000000016e6f6920:   000000016e6f6920 0000000000000000
0x000000016e6f6930:   000000016e6f6998 000000012395d770
0x000000016e6f6940:   000000078042c518 0000000000000000
0x000000016e6f6950:   0000000000000000 0000000123938188
0x000000016e6f6960:   0000000000000000 000000016e6f69a0
0x000000016e6f6970:   000000016e6f6a80 000000010ee0b358
0x000000016e6f6980:   0000000000000000 0000000000000000 

Instructions: (pc=0x000000010e1154f0)
0x000000010e1153f0:   f2a0c8e9 f2c00029 6d425935 1e640886
0x000000010e115400:   0c402d31 1e6408c7 1f5654d0 1e6c1017
0x000000010e115410:   1f5050d0 1f504cd0 1f5048d0 1e650af6
0x000000010e115420:   1f50d8f6 1f5694d6 1f5158f6 1e762880
0x000000010e115430:   36000501 1e614000 14000026 2e251ca5
0x000000010e115440:   d28e3009 f2a0c8e9 f2c00029 6d425d36
0x000000010e115450:   1e600806 0c402d32 1f5758c7 1e6c101a
0x000000010e115460:   1f4754c7 1e650805 1f4750c7 d2866668
0x000000010e115470:   f2a7fa68 1f474cc7 1e6608c0 1f4748c7
0x000000010e115480:   1e6e1019 eb08007f 540000ac 1f479400
0x000000010e115490:   1f460340 1e603b20 1400000e d2a7fd29
0x000000010e1154a0:   eb09007f 540000ac 51480069 d3607d29
0x000000010e1154b0:   9e670121 14000002 1e6a5001 1f679417
0x000000010e1154c0:   1f668742 1e613b23 1e773857 1e773860
0x000000010e1154d0:   a8c17ff3 910003bf a8c17bfd d65f03c0
0x000000010e1154e0:   b9400001 aa0103e0 d65f03c0 f9400001
0x000000010e1154f0:   aa0103e0 d65f03c0 00000000 00000000
0x000000010e115500:   00000000 00000000 00000000 00000000
0x000000010e115510:   00000000 00000000 00000000 00000000
0x000000010e115520:   00000000 00000000 00000000 00000000
0x000000010e115530:   00000000 00000000 00000000 00000000
0x000000010e115540:   00000000 00000000 00000000 00000000
0x000000010e115550:   00000000 00000000 00000000 00000000
0x000000010e115560:   00000000 00000000 00000000 00000000
0x000000010e115570:   00000000 00000000 00000000 00000000
0x000000010e115580:   00000000 00000000 00000000 00000000
0x000000010e115590:   00000000 00000000 00000000 00000000
0x000000010e1155a0:   00000000 00000000 00000000 00000000
0x000000010e1155b0:   00000000 00000000 00000000 00000000
0x000000010e1155c0:   00000000 00000000 00000000 00000000
0x000000010e1155d0:   00000000 00000000 00000000 00000000
0x000000010e1155e0:   00000000 00000000 00000000 00000000 


Stack slot to memory mapping:
stack at sp + 0 slots: 0x000000012395d770 is pointing into metadata
stack at sp + 1 slots: 0x0000000000000001 is an unknown value
stack at sp + 2 slots: 0x000000016e6f6998 is pointing into the stack for thread: 0x000000014e226800
stack at sp + 3 slots: 0x0 is NULL
stack at sp + 4 slots: 0x000000014f160090 points into unknown readable memory: 0x0000000106467370 | 70 73 46 06 01 00 00 00
stack at sp + 5 slots: 0x0000000123207590 is a global jni handle
stack at sp + 6 slots: 0x0000000123207590 is a global jni handle
stack at sp + 7 slots: 0x000060000388d9d0 points into unknown readable memory: 0x00006000011894a0 | a0 94 18 01 00 60 00 00

StubRoutines::SafeFetchN [0x000000010e1154ec, 0x000000010e1154f8] (12 bytes)
[MachCode]
  0x000000010e1154ec: 0100 40f9 | e003 01aa | c003 5fd6 
[/MachCode]

Compiled method (c1)    9586 3375       3       com.sun.glass.ui.mac.MacApplication::submitForLaterInvocation (6 bytes)
 total in heap  [0x000000010ee0b110,0x000000010ee0b4d8] = 968
 relocation     [0x000000010ee0b268,0x000000010ee0b2a0] = 56
 main code      [0x000000010ee0b2c0,0x000000010ee0b400] = 320
 stub code      [0x000000010ee0b400,0x000000010ee0b458] = 88
 oops           [0x000000010ee0b458,0x000000010ee0b460] = 8
 metadata       [0x000000010ee0b460,0x000000010ee0b478] = 24
 scopes data    [0x000000010ee0b478,0x000000010ee0b490] = 24
 scopes pcs     [0x000000010ee0b490,0x000000010ee0b4d0] = 64
 dependencies   [0x000000010ee0b4d0,0x000000010ee0b4d8] = 8

[Constant Pool (empty)]

[MachCode]
[Entry Point]
  # {method} {0x0000000123938230} 'submitForLaterInvocation' '(Ljava/lang/Runnable;)V' in 'com/sun/glass/ui/mac/MacApplication'
  # this:     c_rarg1:c_rarg1 
                        = 'com/sun/glass/ui/mac/MacApplication'
  # parm0:    c_rarg2:c_rarg2 
                        = 'java/lang/Runnable'
  #           [sp+0x40]  (sp of caller)
  0x000000010ee0b2c0: 2808 40b9 | 3f01 086b | c001 0054 

  0x000000010ee0b2cc: ;   {runtime_call ic_miss_stub}
  0x000000010ee0b2cc: 089a ffb0 | 0801 0091 | 0001 1fd6 | 1f20 03d5 | 1f20 03d5 | 1f20 03d5 | 1f20 03d5 | 1f20 03d5 
  0x000000010ee0b2ec: 1f20 03d5 | 1f20 03d5 | 1f20 03d5 | 1f20 03d5 | 1f20 03d5 
[Verified Entry Point]
  0x000000010ee0b300: 1f20 03d5 | e953 40d1 | 3f01 00f9 | ff03 01d1 | fd7b 03a9 

  0x000000010ee0b314: ;   {metadata(method data for {method} {0x0000000123938230} 'submitForLaterInvocation' '(Ljava/lang/Runnable;)V' in 'com/sun/glass/ui/mac/MacApplication')}
  0x000000010ee0b314: 00ff 97d2 | 6085 a4f2 | 2000 c0f2 | 03ac 40b9 | 6308 0011 | 03ac 00b9 | 6324 1f12 | 7f00 0071 
  0x000000010ee0b334: e001 0054 | e003 01aa 

  0x000000010ee0b33c: ;   {metadata(method data for {method} {0x0000000123938230} 'submitForLaterInvocation' '(Ljava/lang/Runnable;)V' in 'com/sun/glass/ui/mac/MacApplication')}
  0x000000010ee0b33c: 03ff 97d2 | 6385 a4f2 | 2300 c0f2 | 6878 40f9 | 0805 0091 | 6878 00f9 

  0x000000010ee0b354: ; ImmutableOopMap {}
                      ;*invokevirtual _submitForLaterInvocation {reexecute=0 rethrow=0 return_oop=0}
                      ; - com.sun.glass.ui.mac.MacApplication::submitForLaterInvocation@2 (line 348)
                      ;   {optimized virtual_call}
  0x000000010ee0b354: 2b00 0094 | fd7b 43a9 | ff03 0191 

  0x000000010ee0b360: ;   {poll_return}
  0x000000010ee0b360: 889f 41f9 | ff63 28eb | 8801 0054 | c003 5fd6 

  0x000000010ee0b370: ;   {metadata({method} {0x0000000123938230} 'submitForLaterInvocation' '(Ljava/lang/Runnable;)V' in 'com/sun/glass/ui/mac/MacApplication')}
  0x000000010ee0b370: 0846 90d2 | 6872 a4f2 | 2800 c0f2 | e807 00f9 | 0800 8092 | e803 00f9 

  0x000000010ee0b388: ;   {runtime_call counter_overflow Runtime1 stub}
  0x000000010ee0b388: e89f fff0 | 0801 3891 

  0x000000010ee0b390: ; ImmutableOopMap {c_rarg1=Oop c_rarg2=Oop }
                      ;*synchronization entry
                      ; - com.sun.glass.ui.mac.MacApplication::submitForLaterInvocation@-1 (line 348)
  0x000000010ee0b390: 0001 3fd6 | e9ff ff17 

  0x000000010ee0b398: ;   {internal_word}
  0x000000010ee0b398: 48fe ff10 | 88ab 01f9 

  0x000000010ee0b3a0: ;   {runtime_call SafepointBlob}
  0x000000010ee0b3a0: 289a fff0 | 0801 1891 | 0001 1fd6 | 1f20 03d5 | 1f20 03d5 | 80e7 41f9 | 9fe7 01f9 | 9feb 01f9 
  0x000000010ee0b3c0: fd7b 43a9 | ff03 0191 

  0x000000010ee0b3c8: ;   {runtime_call unwind_exception Runtime1 stub}
  0x000000010ee0b3c8: 489b ffd0 | 0801 0291 | 0001 1fd6 | 0000 0000 | 0000 0000 | 0000 0000 | 0000 0000 | 0000 0000 
  0x000000010ee0b3e8: 0000 0000 | 0000 0000 | 0000 0000 | 0000 0000 | 0000 0000 | 0000 0000 
[Stub Code]
  0x000000010ee0b400: ;   {no_reloc}
  0x000000010ee0b400: df3f 03d5 

  0x000000010ee0b404: ;   {metadata({method} {0x0000000123938188} '_submitForLaterInvocation' '(Ljava/lang/Runnable;)V' in 'com/sun/glass/ui/mac/MacApplication')}
  0x000000010ee0b404: 0c31 90d2 | 6c72 a4f2 | 2c00 c0f2 | 0859 82d2 | a8c2 a1f2 | 2800 c0f2 | 0001 1fd6 

  0x000000010ee0b420: ;   {trampoline_stub}
  0x000000010ee0b420: 4800 0058 | 0001 1fd6 | 00b4 e00e | 0100 0000 
[Exception Handler]
  0x000000010ee0b430: ;   {runtime_call handle_exception_from_callee Runtime1 stub}
  0x000000010ee0b430: e89f ff90 | 0801 3c91 | 0001 3fd6 | c1d5 bbd4 | 6110 2f06 | 0100 0000 
[Deopt Handler Code]
  0x000000010ee0b448: 1e00 0010 

  0x000000010ee0b44c: ;   {runtime_call DeoptimizationBlob}
  0x000000010ee0b44c: 289a fff0 | 0801 2591 | 0001 1fd6 
[/MachCode]


---------------  P R O C E S S  ---------------

Threads class SMR info:
_java_thread_list=0x0000600001337460, length=20, elements={
0x000000014e00d800, 0x000000014e066400, 0x000000014f008e00, 0x000000014f012800,
0x000000014f012e00, 0x000000014f011c00, 0x000000014f012200, 0x000000014f014200,
0x000000014f014800, 0x000000014f014e00, 0x000000014f015400, 0x000000013e008200,
0x000000014e056e00, 0x000000014e057400, 0x000000014e226800, 0x000000014f15fe00,
0x000000014f2ad800, 0x000000013a0ad000, 0x000000014f8b3600, 0x000000013e008e00
}

Java Threads: ( => current thread )
  0x000000014e00d800 JavaThread "main" [_thread_blocked, id=6147, stack(0x000000016b8e0000,0x000000016bae3000)]
  0x000000014e066400 JavaThread "Reference Handler" daemon [_thread_blocked, id=15107, stack(0x000000016c734000,0x000000016c937000)]
  0x000000014f008e00 JavaThread "Finalizer" daemon [_thread_blocked, id=15619, stack(0x000000016c940000,0x000000016cb43000)]
  0x000000014f012800 JavaThread "Signal Dispatcher" daemon [_thread_blocked, id=42243, stack(0x000000016cc64000,0x000000016ce67000)]
  0x000000014f012e00 JavaThread "Service Thread" daemon [_thread_blocked, id=41987, stack(0x000000016ce70000,0x000000016d073000)]
  0x000000014f011c00 JavaThread "Monitor Deflation Thread" daemon [_thread_blocked, id=23043, stack(0x000000016d07c000,0x000000016d27f000)]
  0x000000014f012200 JavaThread "C2 CompilerThread0" daemon [_thread_blocked, id=41219, stack(0x000000016d288000,0x000000016d48b000)]
  0x000000014f014200 JavaThread "C1 CompilerThread0" daemon [_thread_blocked, id=40707, stack(0x000000016d494000,0x000000016d697000)]
  0x000000014f014800 JavaThread "Sweeper thread" daemon [_thread_blocked, id=40195, stack(0x000000016d6a0000,0x000000016d8a3000)]
  0x000000014f014e00 JavaThread "Common-Cleaner" daemon [_thread_blocked, id=23299, stack(0x000000016d8ac000,0x000000016daaf000)]
  0x000000014f015400 JavaThread "Monitor Ctrl-Break" daemon [_thread_in_native, id=39683, stack(0x000000016dab8000,0x000000016dcbb000)]
  0x000000013e008200 JavaThread "Notification Thread" daemon [_thread_blocked, id=24067, stack(0x000000016dcc4000,0x000000016dec7000)]
  0x000000014e056e00 JavaThread "JavaFX-Launcher" [_thread_blocked, id=24323, stack(0x000000016e0dc000,0x000000016e2df000)]
  0x000000014e057400 JavaThread "QuantumRenderer-0" daemon [_thread_blocked, id=38659, stack(0x000000016e2e8000,0x000000016e4eb000)]
=>0x000000014e226800 JavaThread "InvokeLaterDispatcher" daemon [_thread_in_native, id=33807, stack(0x000000016e4f4000,0x000000016e6f7000)]
  0x000000014f15fe00 JavaThread "JavaFX Application Thread" [_thread_in_vm, id=259, stack(0x000000016b058000,0x000000016b854000)]
  0x000000014f2ad800 JavaThread "Prism Font Disposer" daemon [_thread_blocked, id=57091, stack(0x000000016fa84000,0x000000016fc87000)]
  0x000000013a0ad000 JavaThread "Attach Listener" daemon [_thread_blocked, id=52499, stack(0x000000016fc90000,0x000000016fe93000)]
  0x000000014f8b3600 JavaThread "Cleaner-0" daemon [_thread_blocked, id=65815, stack(0x0000000290004000,0x0000000290207000)]
  0x000000013e008e00 JavaThread "PulseTimer-CVDisplayLink thread" daemon [_thread_in_native, id=66075, stack(0x000000016e700000,0x000000016e783000)]

Other Threads:
  0x000000014de18240 VMThread "VM Thread" [stack: 0x000000016c528000,0x000000016c72b000] [id=16643]
  0x0000000127404470 WatcherThread "VM Periodic Task Thread" [stack: 0x000000016ded0000,0x000000016e0d3000] [id=39171]
  0x000000014de07020 WorkerThread "GC Thread#0" [stack: 0x000000016baec000,0x000000016bcef000] [id=19459]
  0x0000000127525950 WorkerThread "GC Thread#1" [stack: 0x000000016ea24000,0x000000016ec27000] [id=76295]
  0x0000000127525dc0 WorkerThread "GC Thread#2" [stack: 0x000000016ec30000,0x000000016ee33000] [id=76035]
  0x0000000127526230 WorkerThread "GC Thread#3" [stack: 0x000000016ee3c000,0x000000016f03f000] [id=55043]
  0x00000001275266a0 WorkerThread "GC Thread#4" [stack: 0x000000016f048000,0x000000016f24b000] [id=75779]
  0x0000000127526b10 WorkerThread "GC Thread#5" [stack: 0x000000016f254000,0x000000016f457000] [id=75523]
  0x000000015805cae0 WorkerThread "GC Thread#6" [stack: 0x0000000290210000,0x0000000290413000] [id=173839]
  0x000000015805cf50 WorkerThread "GC Thread#7" [stack: 0x000000029041c000,0x000000029061f000] [id=173059]
  0x000000014de076c0 ConcurrentGCThread "G1 Main Marker" [stack: 0x000000016bcf8000,0x000000016befb000] [id=12035]
  0x000000014de07f30 WorkerThread "G1 Conc#0" [stack: 0x000000016bf04000,0x000000016c107000] [id=13059]
  0x000000014de13790 ConcurrentGCThread "G1 Refine#0" [stack: 0x000000016c110000,0x000000016c313000] [id=18435]
  0x000000015802f560 ConcurrentGCThread "G1 Refine#1" [stack: 0x000000016f460000,0x000000016f663000] [id=75011]
  0x000000013de07af0 ConcurrentGCThread "G1 Refine#2" [stack: 0x000000016f66c000,0x000000016f86f000] [id=74499]
  0x0000000123317f90 ConcurrentGCThread "G1 Refine#3" [stack: 0x000000016f878000,0x000000016fa7b000] [id=56579]
  0x000000014de14010 ConcurrentGCThread "G1 Service" [stack: 0x000000016c31c000,0x000000016c51f000] [id=18179]

Threads with active compile tasks:

VM state: not at safepoint (normal execution)

VM Mutex/Monitor currently owned by a thread: None

Heap address: 0x0000000780000000, size: 2048 MB, Compressed Oops mode: Zero based, Oop shift amount: 3

CDS archive(s) mapped at: [0x0000000800000000-0x0000000800ba8000-0x0000000800ba8000), size 12222464, SharedBaseAddress: 0x0000000800000000, ArchiveRelocationMode: 0.
Compressed class space mapped at: 0x0000000800c00000-0x0000000840c00000, reserved size: 1073741824
Narrow klass base: 0x0000000800000000, Narrow klass shift: 0, Narrow klass range: 0x100000000

GC Precious Log:
 CardTable entry size: 512
 Card Set container configuration: InlinePtr #cards 5 size 8 Array Of Cards #cards 12 size 40 Howl #buckets 4 coarsen threshold 1843 Howl Bitmap #cards 512 size 80 coarsen threshold 460 Card regions per heap region 1 cards per card region 2048
 CPUs: 8 total, 8 available
 Memory: 8192M
 Large Page Support: Disabled
 NUMA Support: Disabled
 Compressed Oops: Enabled (Zero based)
 Heap Region Size: 1M
 Heap Min Capacity: 8M
 Heap Initial Capacity: 128M
 Heap Max Capacity: 2G
 Pre-touch: Disabled
 Parallel Workers: 8
 Concurrent Workers: 2
 Concurrent Refinement Workers: 8
 Periodic GC: Disabled

Heap:
 garbage-first heap   total 133120K, used 20526K [0x0000000780000000, 0x0000000800000000)
  region size 1024K, 14 young (14336K), 4 survivors (4096K)
 Metaspace       used 17532K, committed 17856K, reserved 1114112K
  class space    used 2587K, committed 2752K, reserved 1048576K

Heap Regions: E=young(eden), S=young(survivor), O=old, HS=humongous(starts), HC=humongous(continues), CS=collection set, F=free, OA=open archive, CA=closed archive, TAMS=top-at-mark-start (previous, next)
|   0|0x0000000780000000, 0x0000000780100000, 0x0000000780100000|100%| O|  |TAMS 0x0000000780000000, 0x0000000780000000| Untracked 
|   1|0x0000000780100000, 0x0000000780200000, 0x0000000780200000|100%| O|  |TAMS 0x0000000780100000, 0x0000000780100000| Untracked 
|   2|0x0000000780200000, 0x0000000780300000, 0x0000000780300000|100%|HS|  |TAMS 0x0000000780200000, 0x0000000780200000| Complete 
|   3|0x0000000780300000, 0x0000000780400000, 0x0000000780400000|100%|HC|  |TAMS 0x0000000780300000, 0x0000000780300000| Complete 
|   4|0x0000000780400000, 0x0000000780500000, 0x0000000780500000|100%| O|  |TAMS 0x0000000780400000, 0x0000000780400000| Untracked 
|   5|0x0000000780500000, 0x0000000780600000, 0x0000000780600000|100%| O|  |TAMS 0x0000000780500000, 0x0000000780500000| Untracked 
|   6|0x0000000780600000, 0x00000007806ed800, 0x0000000780700000| 92%| O|  |TAMS 0x0000000780600000, 0x0000000780600000| Untracked 
|   7|0x0000000780700000, 0x0000000780700000, 0x0000000780800000|  0%| F|  |TAMS 0x0000000780700000, 0x0000000780700000| Untracked 
|   8|0x0000000780800000, 0x0000000780800000, 0x0000000780900000|  0%| F|  |TAMS 0x0000000780800000, 0x0000000780800000| Untracked 
|   9|0x0000000780900000, 0x0000000780900000, 0x0000000780a00000|  0%| F|  |TAMS 0x0000000780900000, 0x0000000780900000| Untracked 
|  10|0x0000000780a00000, 0x0000000780a00000, 0x0000000780b00000|  0%| F|  |TAMS 0x0000000780a00000, 0x0000000780a00000| Untracked 
|  11|0x0000000780b00000, 0x0000000780b00000, 0x0000000780c00000|  0%| F|  |TAMS 0x0000000780b00000, 0x0000000780b00000| Untracked 
|  12|0x0000000780c00000, 0x0000000780c00000, 0x0000000780d00000|  0%| F|  |TAMS 0x0000000780c00000, 0x0000000780c00000| Untracked 
|  13|0x0000000780d00000, 0x0000000780d00000, 0x0000000780e00000|  0%| F|  |TAMS 0x0000000780d00000, 0x0000000780d00000| Untracked 
|  14|0x0000000780e00000, 0x0000000780e00000, 0x0000000780f00000|  0%| F|  |TAMS 0x0000000780e00000, 0x0000000780e00000| Untracked 
|  15|0x0000000780f00000, 0x0000000780f00000, 0x0000000781000000|  0%| F|  |TAMS 0x0000000780f00000, 0x0000000780f00000| Untracked 
|  16|0x0000000781000000, 0x0000000781000000, 0x0000000781100000|  0%| F|  |TAMS 0x0000000781000000, 0x0000000781000000| Untracked 
|  17|0x0000000781100000, 0x0000000781100000, 0x0000000781200000|  0%| F|  |TAMS 0x0000000781100000, 0x0000000781100000| Untracked 
|  18|0x0000000781200000, 0x0000000781200000, 0x0000000781300000|  0%| F|  |TAMS 0x0000000781200000, 0x0000000781200000| Untracked 
|  19|0x0000000781300000, 0x0000000781300000, 0x0000000781400000|  0%| F|  |TAMS 0x0000000781300000, 0x0000000781300000| Untracked 
|  20|0x0000000781400000, 0x0000000781400000, 0x0000000781500000|  0%| F|  |TAMS 0x0000000781400000, 0x0000000781400000| Untracked 
|  21|0x0000000781500000, 0x0000000781500000, 0x0000000781600000|  0%| F|  |TAMS 0x0000000781500000, 0x0000000781500000| Untracked 
|  22|0x0000000781600000, 0x0000000781600000, 0x0000000781700000|  0%| F|  |TAMS 0x0000000781600000, 0x0000000781600000| Untracked 
|  23|0x0000000781700000, 0x0000000781700000, 0x0000000781800000|  0%| F|  |TAMS 0x0000000781700000, 0x0000000781700000| Untracked 
|  24|0x0000000781800000, 0x0000000781800000, 0x0000000781900000|  0%| F|  |TAMS 0x0000000781800000, 0x0000000781800000| Untracked 
|  25|0x0000000781900000, 0x0000000781900000, 0x0000000781a00000|  0%| F|  |TAMS 0x0000000781900000, 0x0000000781900000| Untracked 
|  26|0x0000000781a00000, 0x0000000781a00000, 0x0000000781b00000|  0%| F|  |TAMS 0x0000000781a00000, 0x0000000781a00000| Untracked 
|  27|0x0000000781b00000, 0x0000000781b00000, 0x0000000781c00000|  0%| F|  |TAMS 0x0000000781b00000, 0x0000000781b00000| Untracked 
|  28|0x0000000781c00000, 0x0000000781c00000, 0x0000000781d00000|  0%| F|  |TAMS 0x0000000781c00000, 0x0000000781c00000| Untracked 
|  29|0x0000000781d00000, 0x0000000781d00000, 0x0000000781e00000|  0%| F|  |TAMS 0x0000000781d00000, 0x0000000781d00000| Untracked 
|  30|0x0000000781e00000, 0x0000000781e00000, 0x0000000781f00000|  0%| F|  |TAMS 0x0000000781e00000, 0x0000000781e00000| Untracked 
|  31|0x0000000781f00000, 0x0000000781f00000, 0x0000000782000000|  0%| F|  |TAMS 0x0000000781f00000, 0x0000000781f00000| Untracked 
|  32|0x0000000782000000, 0x0000000782000000, 0x0000000782100000|  0%| F|  |TAMS 0x0000000782000000, 0x0000000782000000| Untracked 
|  33|0x0000000782100000, 0x0000000782100000, 0x0000000782200000|  0%| F|  |TAMS 0x0000000782100000, 0x0000000782100000| Untracked 
|  34|0x0000000782200000, 0x0000000782200000, 0x0000000782300000|  0%| F|  |TAMS 0x0000000782200000, 0x0000000782200000| Untracked 
|  35|0x0000000782300000, 0x0000000782300000, 0x0000000782400000|  0%| F|  |TAMS 0x0000000782300000, 0x0000000782300000| Untracked 
|  36|0x0000000782400000, 0x0000000782400000, 0x0000000782500000|  0%| F|  |TAMS 0x0000000782400000, 0x0000000782400000| Untracked 
|  37|0x0000000782500000, 0x0000000782500000, 0x0000000782600000|  0%| F|  |TAMS 0x0000000782500000, 0x0000000782500000| Untracked 
|  38|0x0000000782600000, 0x0000000782600000, 0x0000000782700000|  0%| F|  |TAMS 0x0000000782600000, 0x0000000782600000| Untracked 
|  39|0x0000000782700000, 0x0000000782700000, 0x0000000782800000|  0%| F|  |TAMS 0x0000000782700000, 0x0000000782700000| Untracked 
|  40|0x0000000782800000, 0x0000000782800000, 0x0000000782900000|  0%| F|  |TAMS 0x0000000782800000, 0x0000000782800000| Untracked 
|  41|0x0000000782900000, 0x0000000782900000, 0x0000000782a00000|  0%| F|  |TAMS 0x0000000782900000, 0x0000000782900000| Untracked 
|  42|0x0000000782a00000, 0x0000000782a00000, 0x0000000782b00000|  0%| F|  |TAMS 0x0000000782a00000, 0x0000000782a00000| Untracked 
|  43|0x0000000782b00000, 0x0000000782b00000, 0x0000000782c00000|  0%| F|  |TAMS 0x0000000782b00000, 0x0000000782b00000| Untracked 
|  44|0x0000000782c00000, 0x0000000782c00000, 0x0000000782d00000|  0%| F|  |TAMS 0x0000000782c00000, 0x0000000782c00000| Untracked 
|  45|0x0000000782d00000, 0x0000000782d00000, 0x0000000782e00000|  0%| F|  |TAMS 0x0000000782d00000, 0x0000000782d00000| Untracked 
|  46|0x0000000782e00000, 0x0000000782e00000, 0x0000000782f00000|  0%| F|  |TAMS 0x0000000782e00000, 0x0000000782e00000| Untracked 
|  47|0x0000000782f00000, 0x0000000782f00000, 0x0000000783000000|  0%| F|  |TAMS 0x0000000782f00000, 0x0000000782f00000| Untracked 
|  48|0x0000000783000000, 0x0000000783000000, 0x0000000783100000|  0%| F|  |TAMS 0x0000000783000000, 0x0000000783000000| Untracked 
|  49|0x0000000783100000, 0x0000000783100000, 0x0000000783200000|  0%| F|  |TAMS 0x0000000783100000, 0x0000000783100000| Untracked 
|  50|0x0000000783200000, 0x0000000783200000, 0x0000000783300000|  0%| F|  |TAMS 0x0000000783200000, 0x0000000783200000| Untracked 
|  51|0x0000000783300000, 0x0000000783300000, 0x0000000783400000|  0%| F|  |TAMS 0x0000000783300000, 0x0000000783300000| Untracked 
|  52|0x0000000783400000, 0x0000000783400000, 0x0000000783500000|  0%| F|  |TAMS 0x0000000783400000, 0x0000000783400000| Untracked 
|  53|0x0000000783500000, 0x0000000783500000, 0x0000000783600000|  0%| F|  |TAMS 0x0000000783500000, 0x0000000783500000| Untracked 
|  54|0x0000000783600000, 0x0000000783600000, 0x0000000783700000|  0%| F|  |TAMS 0x0000000783600000, 0x0000000783600000| Untracked 
|  55|0x0000000783700000, 0x0000000783700000, 0x0000000783800000|  0%| F|  |TAMS 0x0000000783700000, 0x0000000783700000| Untracked 
|  56|0x0000000783800000, 0x0000000783800000, 0x0000000783900000|  0%| F|  |TAMS 0x0000000783800000, 0x0000000783800000| Untracked 
|  57|0x0000000783900000, 0x0000000783900000, 0x0000000783a00000|  0%| F|  |TAMS 0x0000000783900000, 0x0000000783900000| Untracked 
|  58|0x0000000783a00000, 0x0000000783a00000, 0x0000000783b00000|  0%| F|  |TAMS 0x0000000783a00000, 0x0000000783a00000| Untracked 
|  59|0x0000000783b00000, 0x0000000783b00000, 0x0000000783c00000|  0%| F|  |TAMS 0x0000000783b00000, 0x0000000783b00000| Untracked 
|  60|0x0000000783c00000, 0x0000000783c00000, 0x0000000783d00000|  0%| F|  |TAMS 0x0000000783c00000, 0x0000000783c00000| Untracked 
|  61|0x0000000783d00000, 0x0000000783d00000, 0x0000000783e00000|  0%| F|  |TAMS 0x0000000783d00000, 0x0000000783d00000| Untracked 
|  62|0x0000000783e00000, 0x0000000783e00000, 0x0000000783f00000|  0%| F|  |TAMS 0x0000000783e00000, 0x0000000783e00000| Untracked 
|  63|0x0000000783f00000, 0x0000000783f00000, 0x0000000784000000|  0%| F|  |TAMS 0x0000000783f00000, 0x0000000783f00000| Untracked 
|  64|0x0000000784000000, 0x0000000784000000, 0x0000000784100000|  0%| F|  |TAMS 0x0000000784000000, 0x0000000784000000| Untracked 
|  65|0x0000000784100000, 0x0000000784100000, 0x0000000784200000|  0%| F|  |TAMS 0x0000000784100000, 0x0000000784100000| Untracked 
|  66|0x0000000784200000, 0x0000000784200000, 0x0000000784300000|  0%| F|  |TAMS 0x0000000784200000, 0x0000000784200000| Untracked 
|  67|0x0000000784300000, 0x0000000784300000, 0x0000000784400000|  0%| F|  |TAMS 0x0000000784300000, 0x0000000784300000| Untracked 
|  68|0x0000000784400000, 0x0000000784400000, 0x0000000784500000|  0%| F|  |TAMS 0x0000000784400000, 0x0000000784400000| Untracked 
|  69|0x0000000784500000, 0x0000000784500000, 0x0000000784600000|  0%| F|  |TAMS 0x0000000784500000, 0x0000000784500000| Untracked 
|  70|0x0000000784600000, 0x0000000784600000, 0x0000000784700000|  0%| F|  |TAMS 0x0000000784600000, 0x0000000784600000| Untracked 
|  71|0x0000000784700000, 0x0000000784700000, 0x0000000784800000|  0%| F|  |TAMS 0x0000000784700000, 0x0000000784700000| Untracked 
|  72|0x0000000784800000, 0x0000000784800000, 0x0000000784900000|  0%| F|  |TAMS 0x0000000784800000, 0x0000000784800000| Untracked 
|  73|0x0000000784900000, 0x0000000784900000, 0x0000000784a00000|  0%| F|  |TAMS 0x0000000784900000, 0x0000000784900000| Untracked 
|  74|0x0000000784a00000, 0x0000000784a00000, 0x0000000784b00000|  0%| F|  |TAMS 0x0000000784a00000, 0x0000000784a00000| Untracked 
|  75|0x0000000784b00000, 0x0000000784b00000, 0x0000000784c00000|  0%| F|  |TAMS 0x0000000784b00000, 0x0000000784b00000| Untracked 
|  76|0x0000000784c00000, 0x0000000784c00000, 0x0000000784d00000|  0%| F|  |TAMS 0x0000000784c00000, 0x0000000784c00000| Untracked 
|  77|0x0000000784d00000, 0x0000000784d00000, 0x0000000784e00000|  0%| F|  |TAMS 0x0000000784d00000, 0x0000000784d00000| Untracked 
|  78|0x0000000784e00000, 0x0000000784e00000, 0x0000000784f00000|  0%| F|  |TAMS 0x0000000784e00000, 0x0000000784e00000| Untracked 
|  79|0x0000000784f00000, 0x0000000784f00000, 0x0000000785000000|  0%| F|  |TAMS 0x0000000784f00000, 0x0000000784f00000| Untracked 
|  80|0x0000000785000000, 0x0000000785000000, 0x0000000785100000|  0%| F|  |TAMS 0x0000000785000000, 0x0000000785000000| Untracked 
|  81|0x0000000785100000, 0x0000000785100000, 0x0000000785200000|  0%| F|  |TAMS 0x0000000785100000, 0x0000000785100000| Untracked 
|  82|0x0000000785200000, 0x0000000785200000, 0x0000000785300000|  0%| F|  |TAMS 0x0000000785200000, 0x0000000785200000| Untracked 
|  83|0x0000000785300000, 0x0000000785300000, 0x0000000785400000|  0%| F|  |TAMS 0x0000000785300000, 0x0000000785300000| Untracked 
|  84|0x0000000785400000, 0x0000000785400000, 0x0000000785500000|  0%| F|  |TAMS 0x0000000785400000, 0x0000000785400000| Untracked 
|  85|0x0000000785500000, 0x0000000785500000, 0x0000000785600000|  0%| F|  |TAMS 0x0000000785500000, 0x0000000785500000| Untracked 
|  86|0x0000000785600000, 0x0000000785600000, 0x0000000785700000|  0%| F|  |TAMS 0x0000000785600000, 0x0000000785600000| Untracked 
|  87|0x0000000785700000, 0x0000000785700000, 0x0000000785800000|  0%| F|  |TAMS 0x0000000785700000, 0x0000000785700000| Untracked 
|  88|0x0000000785800000, 0x0000000785800000, 0x0000000785900000|  0%| F|  |TAMS 0x0000000785800000, 0x0000000785800000| Untracked 
|  89|0x0000000785900000, 0x0000000785900000, 0x0000000785a00000|  0%| F|  |TAMS 0x0000000785900000, 0x0000000785900000| Untracked 
|  90|0x0000000785a00000, 0x0000000785a00000, 0x0000000785b00000|  0%| F|  |TAMS 0x0000000785a00000, 0x0000000785a00000| Untracked 
|  91|0x0000000785b00000, 0x0000000785b00000, 0x0000000785c00000|  0%| F|  |TAMS 0x0000000785b00000, 0x0000000785b00000| Untracked 
|  92|0x0000000785c00000, 0x0000000785c00000, 0x0000000785d00000|  0%| F|  |TAMS 0x0000000785c00000, 0x0000000785c00000| Untracked 
|  93|0x0000000785d00000, 0x0000000785d00000, 0x0000000785e00000|  0%| F|  |TAMS 0x0000000785d00000, 0x0000000785d00000| Untracked 
|  94|0x0000000785e00000, 0x0000000785e00000, 0x0000000785f00000|  0%| F|  |TAMS 0x0000000785e00000, 0x0000000785e00000| Untracked 
|  95|0x0000000785f00000, 0x0000000785f00000, 0x0000000786000000|  0%| F|  |TAMS 0x0000000785f00000, 0x0000000785f00000| Untracked 
|  96|0x0000000786000000, 0x0000000786036220, 0x0000000786100000| 21%| S|CS|TAMS 0x0000000786000000, 0x0000000786000000| Complete 
|  97|0x0000000786100000, 0x0000000786200000, 0x0000000786200000|100%| S|CS|TAMS 0x0000000786100000, 0x0000000786100000| Complete 
|  98|0x0000000786200000, 0x0000000786300000, 0x0000000786300000|100%| S|CS|TAMS 0x0000000786200000, 0x0000000786200000| Complete 
|  99|0x0000000786300000, 0x0000000786400000, 0x0000000786400000|100%| S|CS|TAMS 0x0000000786300000, 0x0000000786300000| Complete 
| 100|0x0000000786400000, 0x0000000786400000, 0x0000000786500000|  0%| F|  |TAMS 0x0000000786400000, 0x0000000786400000| Untracked 
| 101|0x0000000786500000, 0x0000000786500000, 0x0000000786600000|  0%| F|  |TAMS 0x0000000786500000, 0x0000000786500000| Untracked 
| 102|0x0000000786600000, 0x0000000786600000, 0x0000000786700000|  0%| F|  |TAMS 0x0000000786600000, 0x0000000786600000| Untracked 
| 103|0x0000000786700000, 0x0000000786700000, 0x0000000786800000|  0%| F|  |TAMS 0x0000000786700000, 0x0000000786700000| Untracked 
| 104|0x0000000786800000, 0x0000000786800000, 0x0000000786900000|  0%| F|  |TAMS 0x0000000786800000, 0x0000000786800000| Untracked 
| 105|0x0000000786900000, 0x0000000786900000, 0x0000000786a00000|  0%| F|  |TAMS 0x0000000786900000, 0x0000000786900000| Untracked 
| 106|0x0000000786a00000, 0x0000000786a00000, 0x0000000786b00000|  0%| F|  |TAMS 0x0000000786a00000, 0x0000000786a00000| Untracked 
| 107|0x0000000786b00000, 0x0000000786b00000, 0x0000000786c00000|  0%| F|  |TAMS 0x0000000786b00000, 0x0000000786b00000| Untracked 
| 108|0x0000000786c00000, 0x0000000786c00000, 0x0000000786d00000|  0%| F|  |TAMS 0x0000000786c00000, 0x0000000786c00000| Untracked 
| 109|0x0000000786d00000, 0x0000000786d00000, 0x0000000786e00000|  0%| F|  |TAMS 0x0000000786d00000, 0x0000000786d00000| Untracked 
| 110|0x0000000786e00000, 0x0000000786e00000, 0x0000000786f00000|  0%| F|  |TAMS 0x0000000786e00000, 0x0000000786e00000| Untracked 
| 111|0x0000000786f00000, 0x0000000786f00000, 0x0000000787000000|  0%| F|  |TAMS 0x0000000786f00000, 0x0000000786f00000| Untracked 
| 112|0x0000000787000000, 0x0000000787000000, 0x0000000787100000|  0%| F|  |TAMS 0x0000000787000000, 0x0000000787000000| Untracked 
| 113|0x0000000787100000, 0x0000000787100000, 0x0000000787200000|  0%| F|  |TAMS 0x0000000787100000, 0x0000000787100000| Untracked 
| 114|0x0000000787200000, 0x0000000787200000, 0x0000000787300000|  0%| F|  |TAMS 0x0000000787200000, 0x0000000787200000| Untracked 
| 115|0x0000000787300000, 0x0000000787300000, 0x0000000787400000|  0%| F|  |TAMS 0x0000000787300000, 0x0000000787300000| Untracked 
| 116|0x0000000787400000, 0x0000000787400000, 0x0000000787500000|  0%| F|  |TAMS 0x0000000787400000, 0x0000000787400000| Untracked 
| 117|0x0000000787500000, 0x0000000787500000, 0x0000000787600000|  0%| F|  |TAMS 0x0000000787500000, 0x0000000787500000| Untracked 
| 118|0x0000000787600000, 0x0000000787700000, 0x0000000787700000|100%| E|  |TAMS 0x0000000787600000, 0x0000000787600000| Complete 
| 119|0x0000000787700000, 0x0000000787800000, 0x0000000787800000|100%| E|CS|TAMS 0x0000000787700000, 0x0000000787700000| Complete 
| 120|0x0000000787800000, 0x0000000787900000, 0x0000000787900000|100%| E|CS|TAMS 0x0000000787800000, 0x0000000787800000| Complete 
| 121|0x0000000787900000, 0x0000000787a00000, 0x0000000787a00000|100%| E|CS|TAMS 0x0000000787900000, 0x0000000787900000| Complete 
| 122|0x0000000787a00000, 0x0000000787b00000, 0x0000000787b00000|100%| E|CS|TAMS 0x0000000787a00000, 0x0000000787a00000| Complete 
| 123|0x0000000787b00000, 0x0000000787c00000, 0x0000000787c00000|100%| E|CS|TAMS 0x0000000787b00000, 0x0000000787b00000| Complete 
| 124|0x0000000787c00000, 0x0000000787d00000, 0x0000000787d00000|100%| E|CS|TAMS 0x0000000787c00000, 0x0000000787c00000| Complete 
| 125|0x0000000787d00000, 0x0000000787e00000, 0x0000000787e00000|100%| E|CS|TAMS 0x0000000787d00000, 0x0000000787d00000| Complete 
| 126|0x0000000787e00000, 0x0000000787f00000, 0x0000000787f00000|100%| E|CS|TAMS 0x0000000787e00000, 0x0000000787e00000| Complete 
| 127|0x0000000787f00000, 0x0000000788000000, 0x0000000788000000|100%| E|CS|TAMS 0x0000000787f00000, 0x0000000787f00000| Complete 
|2046|0x00000007ffe00000, 0x00000007ffe74000, 0x00000007fff00000| 45%|OA|  |TAMS 0x00000007ffe00000, 0x00000007ffe00000| Untracked 
|2047|0x00000007fff00000, 0x00000007fff74000, 0x0000000800000000| 45%|CA|  |TAMS 0x00000007fff00000, 0x00000007fff00000| Untracked 

Card table byte_map: [0x0000000104f3c000,0x000000010533c000] _byte_map_base: 0x000000010133c000

Marking Bits (Prev, Next): (CMBitMap*) 0x000000014e033a10, (CMBitMap*) 0x000000014e033a50
 Prev Bits: [0x000000011d114000, 0x000000011f114000)
 Next Bits: [0x000000011f114000, 0x0000000121114000)

Polling page: 0x0000000104730000

Metaspace:

Usage:
  Non-class:     14.60 MB used.
      Class:      2.53 MB used.
       Both:     17.12 MB used.

Virtual space:
  Non-class space:       64.00 MB reserved,      14.75 MB ( 23%) committed,  1 nodes.
      Class space:        1.00 GB reserved,       2.69 MB ( <1%) committed,  1 nodes.
             Both:        1.06 GB reserved,      17.44 MB (  2%) committed. 

Chunk freelists:
   Non-Class:  944.00 KB
       Class:  1.22 MB
        Both:  2.14 MB

MaxMetaspaceSize: unlimited
CompressedClassSpaceSize: 1.00 GB
Initial GC threshold: 21.00 MB
Current GC threshold: 21.00 MB
CDS: on
MetaspaceReclaimPolicy: balanced
 - commit_granule_bytes: 65536.
 - commit_granule_words: 8192.
 - virtual_space_node_default_size: 8388608.
 - enlarge_chunks_in_place: 1.
 - new_chunks_are_fully_committed: 0.
 - uncommit_free_chunks: 1.
 - use_allocation_guard: 0.


Internal statistics:

num_allocs_failed_limit: 0.
num_arena_births: 244.
num_arena_deaths: 0.
num_vsnodes_births: 2.
num_vsnodes_deaths: 0.
num_space_committed: 279.
num_space_uncommitted: 0.
num_chunks_returned_to_freelist: 0.
num_chunks_taken_from_freelist: 826.
num_chunk_merges: 0.
num_chunk_splits: 586.
num_chunks_enlarged: 484.
num_inconsistent_stats: 0.

CodeHeap 'non-profiled nmethods': size=120032Kb used=1346Kb max_used=1346Kb free=118685Kb
 bounds [0x0000000115bdc000, 0x0000000115e4c000, 0x000000011d114000]
CodeHeap 'profiled nmethods': size=120016Kb used=7767Kb max_used=7767Kb free=112248Kb
 bounds [0x000000010e6a8000, 0x000000010ee48000, 0x0000000115bdc000]
CodeHeap 'non-nmethods': size=5712Kb used=1416Kb max_used=1470Kb free=4295Kb
 bounds [0x000000010e114000, 0x000000010e384000, 0x000000010e6a8000]
 total_blobs=4195 nmethods=3400 adapters=709
 compilation: enabled
              stopped_count=0, restarted_count=0
 full_count=0

Compilation events (20 events):
Event: 9.526 Thread 0x000000014f014200 nmethod 3447 0x0000000115d2b510 code [0x0000000115d2b680, 0x0000000115d2b768]
Event: 9.526 Thread 0x000000014f014200 3448       1       com.sun.javafx.sg.prism.NGCamera::setViewWidth (6 bytes)
Event: 9.526 Thread 0x000000014f014200 nmethod 3448 0x0000000115d2b810 code [0x0000000115d2b980, 0x0000000115d2ba68]
Event: 9.526 Thread 0x000000014f014200 3449       1       com.sun.javafx.sg.prism.NGCamera::setViewHeight (6 bytes)
Event: 9.526 Thread 0x000000014f014200 nmethod 3449 0x0000000115d2bb10 code [0x0000000115d2bc80, 0x0000000115d2bd68]
Event: 9.540 Thread 0x000000014f014200 3450       3       java.lang.Object::wait (6 bytes)
Event: 9.540 Thread 0x000000014f014200 nmethod 3450 0x000000010ee38310 code [0x000000010ee384c0, 0x000000010ee38658]
Event: 9.540 Thread 0x000000014f014200 3451   !   3       java.util.concurrent.locks.AbstractQueuedSynchronizer$ConditionObject::await (183 bytes)
Event: 9.542 Thread 0x000000014f014200 nmethod 3451 0x000000010ee38710 code [0x000000010ee38b80, 0x000000010ee3a208]
Event: 9.542 Thread 0x000000014f014200 3452       3       java.util.concurrent.locks.AbstractQueuedSynchronizer$ConditionNode::<init> (5 bytes)
Event: 9.542 Thread 0x000000014f014200 nmethod 3452 0x000000010ee3ab10 code [0x000000010ee3acc0, 0x000000010ee3aee8]
Event: 9.571 Thread 0x000000014f014200 3453       1       javafx.geometry.Bounds::getMinZ (5 bytes)
Event: 9.571 Thread 0x000000014f014200 nmethod 3453 0x0000000115d2be10 code [0x0000000115d2bf80, 0x0000000115d2c068]
Event: 9.571 Thread 0x000000014f014200 3454       1       javafx.geometry.Bounds::getMaxZ (5 bytes)
Event: 9.571 Thread 0x000000014f014200 nmethod 3454 0x0000000115d2c110 code [0x0000000115d2c280, 0x0000000115d2c368]
Event: 9.573 Thread 0x000000014f014200 3455       3       java.util.concurrent.locks.ReentrantLock$NonfairSync::tryAcquire (27 bytes)
Event: 9.573 Thread 0x000000014f014200 nmethod 3455 0x000000010ee3b010 code [0x000000010ee3b1c0, 0x000000010ee3b498]
Event: 9.574 Thread 0x000000014f014200 3456       3       java.util.concurrent.LinkedBlockingDeque$Node::<init> (10 bytes)
Event: 9.574 Thread 0x000000014f014200 nmethod 3456 0x000000010ee3b590 code [0x000000010ee3b740, 0x000000010ee3b928]
Event: 9.574 Thread 0x000000014f014200 3457       3       java.util.concurrent.LinkedBlockingDeque::linkLast (69 bytes)

GC Heap History (4 events):
Event: 0.427 GC heap before
{Heap before GC invocations=0 (full 0):
 garbage-first heap   total 133120K, used 23456K [0x0000000780000000, 0x0000000800000000)
  region size 1024K, 23 young (23552K), 0 survivors (0K)
 Metaspace       used 8300K, committed 8448K, reserved 1114112K
  class space    used 1068K, committed 1152K, reserved 1048576K
}
Event: 0.429 GC heap after
{Heap after GC invocations=1 (full 0):
 garbage-first heap   total 133120K, used 5817K [0x0000000780000000, 0x0000000800000000)
  region size 1024K, 3 young (3072K), 3 survivors (3072K)
 Metaspace       used 8300K, committed 8448K, reserved 1114112K
  class space    used 1068K, committed 1152K, reserved 1048576K
}
Event: 3.908 GC heap before
{Heap before GC invocations=1 (full 0):
 garbage-first heap   total 133120K, used 33465K [0x0000000780000000, 0x0000000800000000)
  region size 1024K, 28 young (28672K), 3 survivors (3072K)
 Metaspace       used 15699K, committed 15936K, reserved 1114112K
  class space    used 2385K, committed 2496K, reserved 1048576K
}
Event: 3.917 GC heap after
{Heap after GC invocations=2 (full 0):
 garbage-first heap   total 133120K, used 11310K [0x0000000780000000, 0x0000000800000000)
  region size 1024K, 4 young (4096K), 4 survivors (4096K)
 Metaspace       used 15699K, committed 15936K, reserved 1114112K
  class space    used 2385K, committed 2496K, reserved 1048576K
}

Deoptimization events (20 events):
Event: 6.104 Thread 0x000000014f15fe00 DEOPT PACKING pc=0x0000000115ccc474 sp=0x000000016b84ddf0
Event: 6.105 Thread 0x000000014f15fe00 DEOPT UNPACKING pc=0x000000010e152d1c sp=0x000000016b84dd10 mode 2
Event: 6.455 Thread 0x000000014f15fe00 Uncommon trap: trap_request=0xffffffd6 fr.pc=0x0000000115ccc474 relative=0x0000000000000eb4
Event: 6.455 Thread 0x000000014f15fe00 Uncommon trap: reason=array_check action=maybe_recompile pc=0x0000000115ccc474 method=javafx.css.SimpleSelector.applies(Ljavafx/css/Styleable;[Ljava/util/Set;I)Z @ 37 c2
Event: 6.455 Thread 0x000000014f15fe00 DEOPT PACKING pc=0x0000000115ccc474 sp=0x000000016b84ddf0
Event: 6.455 Thread 0x000000014f15fe00 DEOPT UNPACKING pc=0x000000010e152d1c sp=0x000000016b84dd10 mode 2
Event: 6.804 Thread 0x000000014f15fe00 Uncommon trap: trap_request=0xffffffd6 fr.pc=0x0000000115ccfcd0 relative=0x0000000000000250
Event: 6.804 Thread 0x000000014f15fe00 Uncommon trap: reason=array_check action=maybe_recompile pc=0x0000000115ccfcd0 method=javafx.css.SimpleSelector.applies(Ljavafx/css/Styleable;[Ljava/util/Set;I)Z @ 37 c2
Event: 6.804 Thread 0x000000014f15fe00 DEOPT PACKING pc=0x0000000115ccfcd0 sp=0x000000016b84dd30
Event: 6.804 Thread 0x000000014f15fe00 DEOPT UNPACKING pc=0x000000010e152d1c sp=0x000000016b84dcd0 mode 2
Event: 7.464 Thread 0x000000014e057400 DEOPT PACKING pc=0x000000010ec2f658 sp=0x000000016e4e7160
Event: 7.464 Thread 0x000000014e057400 DEOPT UNPACKING pc=0x000000010e152b7c sp=0x000000016e4e6e00 mode 0
Event: 7.886 Thread 0x000000014f15fe00 Uncommon trap: trap_request=0xffffff45 fr.pc=0x0000000115d058d0 relative=0x0000000000000590
Event: 7.886 Thread 0x000000014f15fe00 Uncommon trap: reason=unstable_if action=reinterpret pc=0x0000000115d058d0 method=javafx.scene.Node.pickNode(Lcom/sun/javafx/geom/PickRay;Lcom/sun/javafx/scene/input/PickResultChooser;)V @ 11 c2
Event: 7.886 Thread 0x000000014f15fe00 DEOPT PACKING pc=0x0000000115d058d0 sp=0x000000016b84e8e0
Event: 7.886 Thread 0x000000014f15fe00 DEOPT UNPACKING pc=0x000000010e152d1c sp=0x000000016b84e820 mode 2
Event: 8.484 Thread 0x000000014e057400 Uncommon trap: trap_request=0xffffff45 fr.pc=0x0000000115ca57ac relative=0x000000000000066c
Event: 8.484 Thread 0x000000014e057400 Uncommon trap: reason=unstable_if action=reinterpret pc=0x0000000115ca57ac method=com.sun.marlin.MaskMarlinAlphaConsumer.setAndClearRelativeAlphas([I[IIII)V @ 414 c2
Event: 8.484 Thread 0x000000014e057400 DEOPT PACKING pc=0x0000000115ca57ac sp=0x000000016e4e71a0
Event: 8.484 Thread 0x000000014e057400 DEOPT UNPACKING pc=0x000000010e152d1c sp=0x000000016e4e70b0 mode 2

Classes loaded (20 events):
Event: 3.051 Loading class sun/misc/Unsafe
Event: 3.051 Loading class sun/misc/Unsafe done
Event: 3.051 Loading class java/lang/invoke/DirectMethodHandle$StaticAccessor
Event: 3.051 Loading class java/lang/invoke/DirectMethodHandle$StaticAccessor done
Event: 3.990 Loading class java/io/CharArrayReader
Event: 3.990 Loading class java/io/CharArrayReader done
Event: 5.007 Loading class java/util/function/LongPredicate
Event: 5.007 Loading class java/util/function/LongPredicate done
Event: 5.008 Loading class java/util/stream/LongPipeline$9
Event: 5.009 Loading class java/util/stream/LongPipeline$9 done
Event: 5.009 Loading class java/util/stream/Nodes$LongSpinedNodeBuilder
Event: 5.009 Loading class java/util/stream/SpinedBuffer$OfLong
Event: 5.009 Loading class java/util/stream/SpinedBuffer$OfPrimitive
Event: 5.009 Loading class java/util/stream/SpinedBuffer$OfPrimitive done
Event: 5.009 Loading class java/util/stream/SpinedBuffer$OfLong done
Event: 5.009 Loading class java/util/stream/Nodes$LongSpinedNodeBuilder done
Event: 5.009 Loading class java/util/stream/LongPipeline$9$1
Event: 5.009 Loading class java/util/stream/Sink$ChainedLong
Event: 5.009 Loading class java/util/stream/Sink$ChainedLong done
Event: 5.009 Loading class java/util/stream/LongPipeline$9$1 done

Classes unloaded (0 events):
No events

Classes redefined (0 events):
No events

Internal exceptions (20 events):
Event: 0.546 Thread 0x000000014f15fe00 Exception <a 'java/lang/NoSuchMethodError'{0x000000078781f920}: 'int java.lang.invoke.DirectMethodHandle$Holder.invokeSpecial(java.lang.Object, java.lang.Object, int)'> (0x000000078781f920) 
thrown [open/src/hotspot/share/interpreter/linkResolver.cpp, line 766]
Event: 0.547 Thread 0x000000014f15fe00 Exception <a 'java/lang/NoSuchMethodError'{0x0000000787827860}: 'int java.lang.invoke.DirectMethodHandle$Holder.invokeSpecial(java.lang.Object, java.lang.Object, java.lang.Object, int)'> (0x0000000787827860) 
thrown [open/src/hotspot/share/interpreter/linkResolver.cpp, line 766]
Event: 0.547 Thread 0x000000014f15fe00 Exception <a 'java/lang/NoSuchMethodError'{0x000000078783a098}: 'java.lang.Object java.lang.invoke.DirectMethodHandle$Holder.invokeStatic(java.lang.Object, java.lang.Object, java.lang.Object, java.lang.Object, int)'> (0x000000078783a098) 
thrown [open/src/hotspot/share/interpreter/linkResolver.cpp, line 766]
Event: 0.548 Thread 0x000000014f15fe00 Exception <a 'java/lang/NoSuchMethodError'{0x0000000787842708}: 'int java.lang.invoke.DirectMethodHandle$Holder.invokeSpecial(java.lang.Object, java.lang.Object, java.lang.Object)'> (0x0000000787842708) 
thrown [open/src/hotspot/share/interpreter/linkResolver.cpp, line 766]
Event: 0.557 Thread 0x000000014f15fe00 Exception <a 'java/lang/NoSuchMethodError'{0x00000007878b4958}: 'java.lang.Object java.lang.invoke.DirectMethodHandle$Holder.newInvokeSpecial(java.lang.Object, java.lang.Object, int)'> (0x00000007878b4958) 
thrown [open/src/hotspot/share/interpreter/linkResolver.cpp, line 766]
Event: 1.118 Thread 0x000000013a0ad000 Exception <a 'java/lang/NoSuchMethodError'{0x000000078756e798}: 'java.lang.Object java.lang.invoke.Invokers$Holder.invokeExact_MT(java.lang.Object, java.lang.Object, java.lang.Object, java.lang.Object, java.lang.Object, java.lang.Object)'> (0x000000078756e798) 
thrown [open/src/hotspot/share/interpreter/linkResolver.cpp, line 766]
Event: 2.074 Thread 0x000000014f15fe00 Exception <a 'java/lang/NoSuchMethodError'{0x000000078746e3e8}: 'long java.lang.invoke.DirectMethodHandle$Holder.invokeStatic(java.lang.Object, java.lang.Object)'> (0x000000078746e3e8) 
thrown [open/src/hotspot/share/interpreter/linkResolver.cpp, line 766]
Event: 2.088 Thread 0x000000014f15fe00 Exception <a 'java/lang/NoSuchMethodError'{0x0000000787313700}: 'java.lang.Object java.lang.invoke.DirectMethodHandle$Holder.newInvokeSpecial(java.lang.Object, java.lang.Object, int, int, int, int, int, java.lang.Object)'> (0x0000000787313700) 
thrown [open/src/hotspot/share/interpreter/linkResolver.cpp, line 766]
Event: 2.088 Thread 0x000000014f15fe00 Exception <a 'java/lang/NoSuchMethodError'{0x00000007873266e0}: 'java.lang.Object java.lang.invoke.DirectMethodHandle$Holder.newInvokeSpecial(java.lang.Object, java.lang.Object, java.lang.Object, int, int, int, int, int)'> (0x00000007873266e0) 
thrown [open/src/hotspot/share/interpreter/linkResolver.cpp, line 766]
Event: 2.088 Thread 0x000000014f15fe00 Exception <a 'java/lang/NoSuchMethodError'{0x000000078732df48}: 'java.lang.Object java.lang.invoke.Invokers$Holder.linkToTargetMethod(java.lang.Object, java.lang.Object, int, int, int, int, int, java.lang.Object)'> (0x000000078732df48) 
thrown [open/src/hotspot/share/interpreter/linkResolver.cpp, line 766]
Event: 2.107 Thread 0x000000014f15fe00 Exception <a 'java/lang/NoSuchMethodError'{0x0000000787342f68}: 'long java.lang.invoke.DirectMethodHandle$Holder.invokeStatic(java.lang.Object, java.lang.Object, java.lang.Object)'> (0x0000000787342f68) 
thrown [open/src/hotspot/share/interpreter/linkResolver.cpp, line 766]
Event: 2.107 Thread 0x000000014f15fe00 Exception <a 'java/lang/NoSuchMethodError'{0x0000000787346708}: 'long java.lang.invoke.DirectMethodHandle$Holder.invokeStaticInit(java.lang.Object, java.lang.Object, java.lang.Object)'> (0x0000000787346708) 
thrown [open/src/hotspot/share/interpreter/linkResolver.cpp, line 766]
Event: 2.108 Thread 0x000000014f15fe00 Exception <a 'java/lang/NoSuchMethodError'{0x0000000787378d68}: 'java.lang.Object java.lang.invoke.DirectMethodHandle$Holder.newInvokeSpecial(java.lang.Object, java.lang.Object, long)'> (0x0000000787378d68) 
thrown [open/src/hotspot/share/interpreter/linkResolver.cpp, line 766]
Event: 2.109 Thread 0x000000014f15fe00 Exception <a 'java/lang/NoSuchMethodError'{0x000000078737c638}: 'java.lang.Object java.lang.invoke.Invokers$Holder.linkToTargetMethod(java.lang.Object, long, java.lang.Object)'> (0x000000078737c638) 
thrown [open/src/hotspot/share/interpreter/linkResolver.cpp, line 766]
Event: 2.459 Thread 0x000000014e057400 Exception <a 'java/lang/NoSuchMethodError'{0x0000000787672698}: 'java.lang.Object java.lang.invoke.DirectMethodHandle$Holder.invokeStaticInit(java.lang.Object, int)'> (0x0000000787672698) 
thrown [open/src/hotspot/share/interpreter/linkResolver.cpp, line 766]
Event: 3.001 Thread 0x000000014f15fe00 Exception <a 'java/lang/NoSuchMethodError'{0x0000000786c76a18}: 'void java.lang.invoke.DirectMethodHandle$Holder.invokeSpecialIFC(java.lang.Object, java.lang.Object, java.lang.Object, java.lang.Object)'> (0x0000000786c76a18) 
thrown [open/src/hotspot/share/interpreter/linkResolver.cpp, line 766]
Event: 3.988 Thread 0x000000014f15fe00 Exception <a 'java/lang/NoSuchMethodError'{0x0000000787efe988}: 'java.lang.Object java.lang.invoke.DirectMethodHandle$Holder.invokeSpecial(java.lang.Object, java.lang.Object, java.lang.Object, java.lang.Object, int)'> (0x0000000787efe988) 
thrown [open/src/hotspot/share/interpreter/linkResolver.cpp, line 766]
Event: 3.988 Thread 0x000000014f15fe00 Exception <a 'java/lang/NoSuchMethodError'{0x0000000787d02be8}: 'java.lang.Object java.lang.invoke.Invokers$Holder.linkToTargetMethod(java.lang.Object, java.lang.Object, int, java.lang.Object)'> (0x0000000787d02be8) 
thrown [open/src/hotspot/share/interpreter/linkResolver.cpp, line 766]
Event: 3.996 Thread 0x000000014f15fe00 Implicit null exception at 0x0000000115c8e478 to 0x0000000115c8eb1c
Event: 5.008 Thread 0x000000014f15fe00 Exception <a 'java/lang/NoSuchMethodError'{0x0000000787811c18}: 'int java.lang.invoke.DirectMethodHandle$Holder.invokeStatic(java.lang.Object, long)'> (0x0000000787811c18) 
thrown [open/src/hotspot/share/interpreter/linkResolver.cpp, line 766]

VM Operations (20 events):
Event: 3.007 Executing VM operation: ICBufferFull
Event: 3.008 Executing VM operation: ICBufferFull done
Event: 3.056 Executing VM operation: ICBufferFull
Event: 3.056 Executing VM operation: ICBufferFull done
Event: 3.907 Executing VM operation: G1CollectForAllocation
Event: 3.917 Executing VM operation: G1CollectForAllocation done
Event: 4.022 Executing VM operation: ICBufferFull
Event: 4.022 Executing VM operation: ICBufferFull done
Event: 4.444 Executing VM operation: ICBufferFull
Event: 4.444 Executing VM operation: ICBufferFull done
Event: 5.020 Executing VM operation: ICBufferFull
Event: 5.020 Executing VM operation: ICBufferFull done
Event: 6.025 Executing VM operation: Cleanup
Event: 6.025 Executing VM operation: Cleanup done
Event: 7.030 Executing VM operation: Cleanup
Event: 7.031 Executing VM operation: Cleanup done
Event: 8.036 Executing VM operation: Cleanup
Event: 8.036 Executing VM operation: Cleanup done
Event: 9.041 Executing VM operation: Cleanup
Event: 9.042 Executing VM operation: Cleanup done

Events (20 events):
Event: 3.339 Protecting memory [0x000000016e700000,0x000000016e70c000] with protection modes 3
Event: 3.340 Thread 0x000000013a2e0200 Thread exited: 0x000000013a2e0200
Event: 3.373 Protecting memory [0x000000016e700000,0x000000016e70c000] with protection modes 0
Event: 3.373 Thread 0x000000014e85a800 Thread added: 0x000000014e85a800
Event: 3.706 Protecting memory [0x000000016e700000,0x000000016e70c000] with protection modes 3
Event: 3.706 Thread 0x000000014e85a800 Thread exited: 0x000000014e85a800
Event: 3.788 Protecting memory [0x000000016e700000,0x000000016e70c000] with protection modes 0
Event: 3.788 Thread 0x000000013e008800 Thread added: 0x000000013e008800
Event: 4.323 Protecting memory [0x000000016e700000,0x000000016e70c000] with protection modes 3
Event: 4.323 Thread 0x000000013e008800 Thread exited: 0x000000013e008800
Event: 4.389 Protecting memory [0x000000016e700000,0x000000016e70c000] with protection modes 0
Event: 4.389 Thread 0x000000013e008800 Thread added: 0x000000013e008800
Event: 4.890 Protecting memory [0x000000016e700000,0x000000016e70c000] with protection modes 3
Event: 4.890 Thread 0x000000013e008800 Thread exited: 0x000000013e008800
Event: 5.672 Protecting memory [0x000000016e700000,0x000000016e70c000] with protection modes 0
Event: 5.672 Thread 0x000000014e81a800 Thread added: 0x000000014e81a800
Event: 7.740 Protecting memory [0x000000016e700000,0x000000016e70c000] with protection modes 3
Event: 7.740 Thread 0x000000014e81a800 Thread exited: 0x000000014e81a800
Event: 7.956 Protecting memory [0x000000016e700000,0x000000016e70c000] with protection modes 0
Event: 7.956 Thread 0x000000013e008e00 Thread added: 0x000000013e008e00


Dynamic libraries:
0x00000001046e0000 	/Users/husseinel-zein/Library/Java/JavaVirtualMachines/openjdk-18.0.1/Contents/Home/lib/libjli.dylib
0x00000001b7d75000 	/usr/lib/libz.1.dylib
0x00000001b7e25000 	/usr/lib/libSystem.B.dylib
0x00000001b7e1f000 	/usr/lib/system/libcache.dylib
0x00000001b7ddd000 	/usr/lib/system/libcommonCrypto.dylib
0x00000001b7e06000 	/usr/lib/system/libcompiler_rt.dylib
0x00000001b7dfd000 	/usr/lib/system/libcopyfile.dylib
0x00000001ad15e000 	/usr/lib/system/libcorecrypto.dylib
0x00000001ad203000 	/usr/lib/system/libdispatch.dylib
0x00000001ad3cb000 	/usr/lib/system/libdyld.dylib
0x00000001b7e15000 	/usr/lib/system/libkeymgr.dylib
0x00000001b7dbf000 	/usr/lib/system/libmacho.dylib
0x00000001b74bf000 	/usr/lib/system/libquarantine.dylib
0x00000001b7e12000 	/usr/lib/system/libremovefile.dylib
0x00000001b255d000 	/usr/lib/system/libsystem_asl.dylib
0x00000001ad108000 	/usr/lib/system/libsystem_blocks.dylib
0x00000001ad289000 	/usr/lib/system/libsystem_c.dylib
0x00000001b7e0a000 	/usr/lib/system/libsystem_collections.dylib
0x00000001b697e000 	/usr/lib/system/libsystem_configuration.dylib
0x00000001b5c02000 	/usr/lib/system/libsystem_containermanager.dylib
0x00000001b7b26000 	/usr/lib/system/libsystem_coreservices.dylib
0x00000001afaef000 	/usr/lib/system/libsystem_darwin.dylib
0x00000001b7e16000 	/usr/lib/system/libsystem_dnssd.dylib
0x00000001ad286000 	/usr/lib/system/libsystem_featureflags.dylib
0x00000001ad3e0000 	/usr/lib/system/libsystem_info.dylib
0x00000001b7d87000 	/usr/lib/system/libsystem_m.dylib
0x00000001ad1d8000 	/usr/lib/system/libsystem_malloc.dylib
0x00000001b24ee000 	/usr/lib/system/libsystem_networkextension.dylib
0x00000001aff43000 	/usr/lib/system/libsystem_notify.dylib
0x00000001be029000 	/usr/lib/system/libsystem_product_info_filter.dylib
0x00000001b6983000 	/usr/lib/system/libsystem_sandbox.dylib
0x00000001b7e0f000 	/usr/lib/system/libsystem_secinit.dylib
0x00000001ad388000 	/usr/lib/system/libsystem_kernel.dylib
0x00000001ad3d8000 	/usr/lib/system/libsystem_platform.dylib
0x00000001ad3be000 	/usr/lib/system/libsystem_pthread.dylib
0x00000001b3c9a000 	/usr/lib/system/libsystem_symptoms.dylib
0x00000001ad144000 	/usr/lib/system/libsystem_trace.dylib
0x00000001b7dea000 	/usr/lib/system/libunwind.dylib
0x00000001ad10a000 	/usr/lib/system/libxpc.dylib
0x00000001ad36e000 	/usr/lib/libc++abi.dylib
0x00000001ad24a000 	/usr/lib/libobjc.A.dylib
0x00000001b7df5000 	/usr/lib/liboah.dylib
0x00000001ad30a000 	/usr/lib/libc++.1.dylib
0x00000001c3a2a000 	/System/Library/Frameworks/Cocoa.framework/Versions/A/Cocoa
0x00000001affa3000 	/System/Library/Frameworks/AppKit.framework/Versions/C/AppKit
0x00000001b34d9000 	/System/Library/Frameworks/CoreData.framework/Versions/A/CoreData
0x00000001ae300000 	/System/Library/Frameworks/Foundation.framework/Versions/C/Foundation
0x00000001b0e5a000 	/System/Library/PrivateFrameworks/UIFoundation.framework/Versions/A/UIFoundation
0x00000001bdd23000 	/System/Library/PrivateFrameworks/RemoteViewServices.framework/Versions/A/RemoteViewServices
0x00000001b633c000 	/System/Library/PrivateFrameworks/XCTTargetBootstrap.framework/Versions/A/XCTTargetBootstrap
0x00000001b9b26000 	/System/Library/PrivateFrameworks/InternationalSupport.framework/Versions/A/InternationalSupport
0x00000001b9baf000 	/System/Library/PrivateFrameworks/UserActivity.framework/Versions/A/UserActivity
0x00000001b9054000 	/usr/lib/libspindump.dylib
0x00000001b10ca000 	/System/Library/Frameworks/UniformTypeIdentifiers.framework/Versions/A/UniformTypeIdentifiers
0x00000001b48c9000 	/usr/lib/libapp_launch_measurement.dylib
0x00000001b3e41000 	/System/Library/PrivateFrameworks/CoreAnalytics.framework/Versions/A/CoreAnalytics
0x00000001b48cc000 	/System/Library/PrivateFrameworks/CoreAutoLayout.framework/Versions/A/CoreAutoLayout
0x00000001b5c3f000 	/System/Library/Frameworks/Metal.framework/Versions/A/Metal
0x00000001b698e000 	/usr/lib/liblangid.dylib
0x00000001b6340000 	/System/Library/PrivateFrameworks/CoreSVG.framework/Versions/A/CoreSVG
0x00000001b2591000 	/System/Library/PrivateFrameworks/SkyLight.framework/Versions/A/SkyLight
0x00000001b295e000 	/System/Library/Frameworks/CoreGraphics.framework/Versions/A/CoreGraphics
0x00000001be3a1000 	/System/Library/Frameworks/Accelerate.framework/Versions/A/Accelerate
0x00000001b8ac8000 	/System/Library/PrivateFrameworks/IconServices.framework/Versions/A/IconServices
0x00000001b5c21000 	/System/Library/Frameworks/IOSurface.framework/Versions/A/IOSurface
0x00000001b3e71000 	/usr/lib/libDiagnosticMessagesClient.dylib
0x00000001c17ea000 	/System/Library/Frameworks/ApplicationServices.framework/Versions/A/ApplicationServices
0x00000001b6324000 	/System/Library/PrivateFrameworks/DFRFoundation.framework/Versions/A/DFRFoundation
0x00000001af844000 	/usr/lib/libicucore.A.dylib
0x00000001ba927000 	/System/Library/Frameworks/AudioToolbox.framework/Versions/A/AudioToolbox
0x00000001b9b32000 	/System/Library/PrivateFrameworks/DataDetectorsCore.framework/Versions/A/DataDetectorsCore
0x00000001cfc80000 	/System/Library/PrivateFrameworks/TextInput.framework/Versions/A/TextInput
0x00000001b2508000 	/usr/lib/libMobileGestalt.dylib
0x00000001b5ff4000 	/System/Library/Frameworks/Carbon.framework/Versions/A/Frameworks/HIToolbox.framework/Versions/A/HIToolbox
0x00000001b42d2000 	/System/Library/Frameworks/QuartzCore.framework/Versions/A/QuartzCore
0x00000001af4c1000 	/System/Library/Frameworks/Security.framework/Versions/A/Security
0x00000001bdd63000 	/System/Library/Frameworks/Carbon.framework/Versions/A/Frameworks/SpeechRecognition.framework/Versions/A/SpeechRecognition
0x00000001b4620000 	/System/Library/PrivateFrameworks/CoreUI.framework/Versions/A/CoreUI
0x00000001aed92000 	/System/Library/Frameworks/CoreAudio.framework/Versions/A/CoreAudio
0x00000001b3f65000 	/System/Library/Frameworks/DiskArbitration.framework/Versions/A/DiskArbitration
0x00000001b9439000 	/System/Library/PrivateFrameworks/MultitouchSupport.framework/Versions/A/MultitouchSupport
0x00000001b2506000 	/usr/lib/libenergytrace.dylib
0x00000001afe6d000 	/System/Library/Frameworks/IOKit.framework/Versions/A/IOKit
0x00000001be14c000 	/System/Library/Frameworks/CoreServices.framework/Versions/A/CoreServices
0x00000001b4859000 	/System/Library/PrivateFrameworks/PerformanceAnalysis.framework/Versions/A/PerformanceAnalysis
0x000000020e82d000 	/System/Library/Frameworks/OpenGL.framework/Versions/A/OpenGL
0x00000001b73df000 	/System/Library/PrivateFrameworks/MobileKeyBag.framework/Versions/A/MobileKeyBag
0x00000001b2f6e000 	/System/Library/Frameworks/ColorSync.framework/Versions/A/ColorSync
0x00000001ad40c000 	/System/Library/Frameworks/CoreFoundation.framework/Versions/A/CoreFoundation
0x00000001b65c1000 	/System/Library/Frameworks/CoreImage.framework/Versions/A/CoreImage
0x00000001aebb5000 	/System/Library/Frameworks/CoreText.framework/Versions/A/CoreText
0x00000001b6370000 	/System/Library/Frameworks/ImageIO.framework/Versions/A/ImageIO
0x00000001b7e2b000 	/System/Library/PrivateFrameworks/SoftLinking.framework/Versions/A/SoftLinking
0x00000001b4916000 	/usr/lib/libxml2.2.dylib
0x00000001b80c4000 	/usr/lib/libcompression.dylib
0x00000001b9a7f000 	/System/Library/PrivateFrameworks/TextureIO.framework/Versions/A/TextureIO
0x00000001b87e2000 	/usr/lib/libate.dylib
0x00000001b86aa000 	/usr/lib/liblzma.5.dylib
0x00000001adff4000 	/System/Library/Frameworks/SystemConfiguration.framework/Versions/A/SystemConfiguration
0x00000001b7e27000 	/usr/lib/libfakelink.dylib
0x00000001b2035000 	/System/Library/Frameworks/CFNetwork.framework/Versions/A/CFNetwork
0x00000001b7f6e000 	/usr/lib/libarchive.2.dylib
0x00000001b698a000 	/System/Library/PrivateFrameworks/AppleSystemInfo.framework/Versions/A/AppleSystemInfo
0x00000001b74ea000 	/usr/lib/libbsm.0.dylib
0x00000001b156d000 	/usr/lib/libnetwork.dylib
0x00000001b7dc5000 	/usr/lib/system/libkxld.dylib
0x00000001b7101000 	/System/Library/PrivateFrameworks/IOMobileFramebuffer.framework/Versions/A/IOMobileFramebuffer
0x000000022a65e000 	/usr/lib/libCoreEntitlements.dylib
0x00000001b7b08000 	/System/Library/PrivateFrameworks/AppleFSCompression.framework/Versions/A/AppleFSCompression
0x00000001b74d2000 	/usr/lib/libcoretls.dylib
0x00000001b86c3000 	/usr/lib/libcoretls_cfhelpers.dylib
0x00000001b80bf000 	/usr/lib/libpam.2.dylib
0x00000001b38c2000 	/usr/lib/libsqlite3.dylib
0x00000001b872b000 	/usr/lib/libxar.1.dylib
0x00000001b7b19000 	/usr/lib/libbz2.1.0.dylib
0x00000001b7e2c000 	/usr/lib/libpcap.A.dylib
0x00000001b3c91000 	/usr/lib/libdns_services.dylib
0x00000001b8092000 	/usr/lib/libapple_nghttp2.dylib
0x00000001b7e69000 	/usr/lib/libiconv.2.dylib
0x00000001b7dbe000 	/usr/lib/libcharset.1.dylib
0x00000001b4895000 	/System/Library/Frameworks/CoreServices.framework/Versions/A/Frameworks/FSEvents.framework/Versions/A/FSEvents
0x00000001afafa000 	/System/Library/Frameworks/CoreServices.framework/Versions/A/Frameworks/CarbonCore.framework/Versions/A/CarbonCore
0x00000001b3ec8000 	/System/Library/Frameworks/CoreServices.framework/Versions/A/Frameworks/Metadata.framework/Versions/A/Metadata
0x00000001b7b2c000 	/System/Library/Frameworks/CoreServices.framework/Versions/A/Frameworks/OSServices.framework/Versions/A/OSServices
0x00000001b7ff4000 	/System/Library/Frameworks/CoreServices.framework/Versions/A/Frameworks/SearchKit.framework/Versions/A/SearchKit
0x00000001b3c1f000 	/System/Library/Frameworks/CoreServices.framework/Versions/A/Frameworks/AE.framework/Versions/A/AE
0x00000001ad950000 	/System/Library/Frameworks/CoreServices.framework/Versions/A/Frameworks/LaunchServices.framework/Versions/A/LaunchServices
0x00000001b8653000 	/System/Library/Frameworks/CoreServices.framework/Versions/A/Frameworks/DictionaryServices.framework/Versions/A/DictionaryServices
0x00000001b48a2000 	/System/Library/Frameworks/CoreServices.framework/Versions/A/Frameworks/SharedFileList.framework/Versions/A/SharedFileList
0x00000001b74c2000 	/usr/lib/libCheckFix.dylib
0x00000001b2575000 	/System/Library/PrivateFrameworks/TCC.framework/Versions/A/TCC
0x00000001b6990000 	/System/Library/PrivateFrameworks/CoreNLP.framework/Versions/A/CoreNLP
0x00000001b3e74000 	/System/Library/PrivateFrameworks/MetadataUtilities.framework/Versions/A/MetadataUtilities
0x00000001ae0ad000 	/usr/lib/libmecabra.dylib
0x00000001b74fb000 	/usr/lib/libmecab.dylib
0x00000001ae079000 	/usr/lib/libCRFSuite.dylib
0x00000001b7559000 	/usr/lib/libgermantok.dylib
0x00000001b806b000 	/usr/lib/libThaiTokenizer.dylib
0x00000001b3f6d000 	/System/Library/Frameworks/Accelerate.framework/Versions/A/Frameworks/vImage.framework/Versions/A/vImage
0x00000001be123000 	/System/Library/Frameworks/Accelerate.framework/Versions/A/Frameworks/vecLib.framework/Versions/A/vecLib
0x00000001b876f000 	/System/Library/Frameworks/Accelerate.framework/Versions/A/Frameworks/vecLib.framework/Versions/A/libvMisc.dylib
0x00000001b700b000 	/System/Library/Frameworks/Accelerate.framework/Versions/A/Frameworks/vecLib.framework/Versions/A/libvDSP.dylib
0x00000001adcd3000 	/System/Library/Frameworks/Accelerate.framework/Versions/A/Frameworks/vecLib.framework/Versions/A/libBLAS.dylib
0x00000001b8193000 	/System/Library/Frameworks/Accelerate.framework/Versions/A/Frameworks/vecLib.framework/Versions/A/libLAPACK.dylib
0x00000001b755c000 	/System/Library/Frameworks/Accelerate.framework/Versions/A/Frameworks/vecLib.framework/Versions/A/libLinearAlgebra.dylib
0x00000001b80aa000 	/System/Library/Frameworks/Accelerate.framework/Versions/A/Frameworks/vecLib.framework/Versions/A/libSparseBLAS.dylib
0x00000001b818e000 	/System/Library/Frameworks/Accelerate.framework/Versions/A/Frameworks/vecLib.framework/Versions/A/libQuadrature.dylib
0x00000001b6a87000 	/System/Library/Frameworks/Accelerate.framework/Versions/A/Frameworks/vecLib.framework/Versions/A/libBNNS.dylib
0x00000001adf91000 	/System/Library/Frameworks/Accelerate.framework/Versions/A/Frameworks/vecLib.framework/Versions/A/libSparse.dylib
0x00000001b6a7f000 	/System/Library/PrivateFrameworks/LinguisticData.framework/Versions/A/LinguisticData
0x00000001adf47000 	/System/Library/PrivateFrameworks/Lexicon.framework/Versions/A/Lexicon
0x00000001b8767000 	/usr/lib/libChineseTokenizer.dylib
0x00000001ae6ee000 	/System/Library/PrivateFrameworks/LanguageModeling.framework/Versions/A/LanguageModeling
0x00000001b806d000 	/System/Library/PrivateFrameworks/AppleSauce.framework/Versions/A/AppleSauce
0x00000001b70ee000 	/System/Library/PrivateFrameworks/CoreEmoji.framework/Versions/A/CoreEmoji
0x00000001b7f5c000 	/usr/lib/libcmph.dylib
0x00000001b4875000 	/System/Library/Frameworks/OpenDirectory.framework/Versions/A/Frameworks/CFOpenDirectory.framework/Versions/A/CFOpenDirectory
0x00000001b4865000 	/System/Library/Frameworks/OpenDirectory.framework/Versions/A/OpenDirectory
0x00000001b86c5000 	/System/Library/PrivateFrameworks/APFS.framework/Versions/A/APFS
0x00000001b741a000 	/System/Library/Frameworks/SecurityFoundation.framework/Versions/A/SecurityFoundation
0x00000001b8739000 	/usr/lib/libutil.dylib
0x00000001afe2f000 	/System/Library/PrivateFrameworks/CoreServicesStore.framework/Versions/A/CoreServicesStore
0x00000001b873d000 	/usr/lib/libxslt.1.dylib
0x00000001b74ae000 	/System/Library/PrivateFrameworks/BackgroundTaskManagement.framework/Versions/A/BackgroundTaskManagement
0x00000001b99a0000 	/System/Library/Frameworks/ImageIO.framework/Versions/A/Resources/libRadiance.dylib
0x00000001b99a9000 	/System/Library/Frameworks/ImageIO.framework/Versions/A/Resources/libJPEG.dylib
0x00000001b98fb000 	/System/Library/Frameworks/ImageIO.framework/Versions/A/Resources/libPng.dylib
0x00000001b991d000 	/System/Library/Frameworks/ImageIO.framework/Versions/A/Resources/libTIFF.dylib
0x00000001b9a04000 	/System/Library/Frameworks/ImageIO.framework/Versions/A/Resources/libGIF.dylib
0x00000001b9349000 	/System/Library/Frameworks/ImageIO.framework/Versions/A/Resources/libJP2.dylib
0x00000001b8a8e000 	/usr/lib/libexpat.1.dylib
0x00000001b9304000 	/System/Library/PrivateFrameworks/AppleJPEG.framework/Versions/A/AppleJPEG
0x00000001b5eb3000 	/System/Library/PrivateFrameworks/FontServices.framework/libFontParser.dylib
0x00000001b3bc4000 	/System/Library/PrivateFrameworks/RunningBoardServices.framework/Versions/A/RunningBoardServices
0x00000001c40a0000 	/System/Library/PrivateFrameworks/IOSurfaceAccelerator.framework/Versions/A/IOSurfaceAccelerator
0x00000001b9435000 	/System/Library/PrivateFrameworks/WatchdogClient.framework/Versions/A/WatchdogClient
0x00000001ae7f2000 	/System/Library/Frameworks/CoreDisplay.framework/Versions/A/CoreDisplay
0x00000001b5da1000 	/System/Library/Frameworks/CoreMedia.framework/Versions/A/CoreMedia
0x00000001b5c35000 	/System/Library/PrivateFrameworks/IOAccelerator.framework/Versions/A/IOAccelerator
0x00000001b4a03000 	/System/Library/Frameworks/CoreVideo.framework/Versions/A/CoreVideo
0x00000001b80bd000 	/System/Library/Frameworks/MetalPerformanceShaders.framework/Versions/A/MetalPerformanceShaders
0x00000001b9472000 	/System/Library/Frameworks/VideoToolbox.framework/Versions/A/VideoToolbox
0x00000001b3b08000 	/System/Library/PrivateFrameworks/BaseBoard.framework/Versions/A/BaseBoard
0x00000001b38a7000 	/System/Library/PrivateFrameworks/ProtocolBuffer.framework/Versions/A/ProtocolBuffer
0x00000001b999b000 	/System/Library/PrivateFrameworks/GPUWrangler.framework/Versions/A/GPUWrangler
0x00000001b997a000 	/System/Library/PrivateFrameworks/IOPresentment.framework/Versions/A/IOPresentment
0x00000001b99a3000 	/System/Library/PrivateFrameworks/DSExternalDisplay.framework/Versions/A/DSExternalDisplay
0x000000020e820000 	/System/Library/Frameworks/OpenGL.framework/Versions/A/Libraries/libCoreFSCache.dylib
0x000000021800b000 	/System/Library/PrivateFrameworks/GPUCompiler.framework/Versions/31001/Libraries/libGPUCompilerUtils.dylib
0x00000001b9a09000 	/System/Library/PrivateFrameworks/CMCaptureCore.framework/Versions/A/CMCaptureCore
0x00000001b9042000 	/System/Library/PrivateFrameworks/AppServerSupport.framework/Versions/A/AppServerSupport
0x00000001bb1e2000 	/System/Library/PrivateFrameworks/perfdata.framework/Versions/A/perfdata
0x00000001ae912000 	/System/Library/PrivateFrameworks/AudioToolboxCore.framework/Versions/A/AudioToolboxCore
0x00000001b5d79000 	/System/Library/PrivateFrameworks/caulk.framework/Versions/A/caulk
0x00000001baad7000 	/usr/lib/libAudioStatistics.dylib
0x00000001cc3f4000 	/System/Library/PrivateFrameworks/SystemPolicy.framework/Versions/A/SystemPolicy
0x00000001bad37000 	/usr/lib/libSMC.dylib
0x00000001c390c000 	/System/Library/Frameworks/CoreMIDI.framework/Versions/A/CoreMIDI
0x00000001b98c9000 	/usr/lib/libAudioToolboxUtility.dylib
0x00000001c8821000 	/System/Library/PrivateFrameworks/OSAServicesClient.framework/Versions/A/OSAServicesClient
0x00000001bb1ef000 	/usr/lib/libperfcheck.dylib
0x00000001ccefb000 	/usr/lib/libmis.dylib
0x000000020e881000 	/System/Library/Frameworks/OpenGL.framework/Versions/A/Libraries/libGLU.dylib
0x000000020e840000 	/System/Library/Frameworks/OpenGL.framework/Versions/A/Libraries/libGFXShared.dylib
0x000000020ea2a000 	/System/Library/Frameworks/OpenGL.framework/Versions/A/Libraries/libGL.dylib
0x000000020e849000 	/System/Library/Frameworks/OpenGL.framework/Versions/A/Libraries/libGLImage.dylib
0x000000020e83d000 	/System/Library/Frameworks/OpenGL.framework/Versions/A/Libraries/libCVMSPluginSupport.dylib
0x000000020e827000 	/System/Library/Frameworks/OpenGL.framework/Versions/A/Libraries/libCoreVMClient.dylib
0x00000001b690b000 	/System/Library/Frameworks/MetalPerformanceShaders.framework/Versions/A/Frameworks/MPSCore.framework/Versions/A/MPSCore
0x00000001b7a7b000 	/System/Library/Frameworks/MetalPerformanceShaders.framework/Versions/A/Frameworks/MPSImage.framework/Versions/A/MPSImage
0x00000001b7571000 	/System/Library/Frameworks/MetalPerformanceShaders.framework/Versions/A/Frameworks/MPSNeuralNetwork.framework/Versions/A/MPSNeuralNetwork
0x00000001b79ae000 	/System/Library/Frameworks/MetalPerformanceShaders.framework/Versions/A/Frameworks/MPSMatrix.framework/Versions/A/MPSMatrix
0x00000001b7789000 	/System/Library/Frameworks/MetalPerformanceShaders.framework/Versions/A/Frameworks/MPSRayIntersector.framework/Versions/A/MPSRayIntersector
0x00000001b79df000 	/System/Library/Frameworks/MetalPerformanceShaders.framework/Versions/A/Frameworks/MPSNDArray.framework/Versions/A/MPSNDArray
0x0000000210558000 	/System/Library/Frameworks/MetalPerformanceShaders.framework/Versions/A/Frameworks/MPSFunctions.framework/Versions/A/MPSFunctions
0x00000001adbb1000 	/System/Library/PrivateFrameworks/MetalTools.framework/Versions/A/MetalTools
0x00000001b6988000 	/System/Library/PrivateFrameworks/AggregateDictionary.framework/Versions/A/AggregateDictionary
0x00000001b8874000 	/usr/lib/libIOReport.dylib
0x00000001c28f3000 	/System/Library/PrivateFrameworks/ASEProcessing.framework/Versions/A/ASEProcessing
0x00000001b8be7000 	/System/Library/PrivateFrameworks/FaceCore.framework/Versions/A/FaceCore
0x00000001b8bd9000 	/System/Library/PrivateFrameworks/GraphVisualizer.framework/Versions/A/GraphVisualizer
0x0000000217f22000 	/System/Library/PrivateFrameworks/FontServices.framework/Versions/A/FontServices
0x00000001b8ffc000 	/System/Library/PrivateFrameworks/OTSVG.framework/Versions/A/OTSVG
0x00000001b45d1000 	/System/Library/Frameworks/ApplicationServices.framework/Versions/A/Frameworks/ATS.framework/Versions/A/Resources/libFontRegistry.dylib
0x00000001b904b000 	/System/Library/PrivateFrameworks/FontServices.framework/libhvf.dylib
0x0000000217f23000 	/System/Library/PrivateFrameworks/FontServices.framework/libXTFontStaticRegistryData.dylib
0x000000020ebcc000 	/System/Library/Frameworks/OpenCL.framework/Versions/A/OpenCL
0x00000001b8a42000 	/System/Library/PrivateFrameworks/AppleVA.framework/Versions/A/AppleVA
0x00000001baaff000 	/System/Library/Frameworks/ApplicationServices.framework/Versions/A/Frameworks/ATS.framework/Versions/A/ATS
0x00000001b306b000 	/System/Library/Frameworks/ApplicationServices.framework/Versions/A/Frameworks/HIServices.framework/Versions/A/HIServices
0x00000001b9a13000 	/System/Library/Frameworks/ApplicationServices.framework/Versions/A/Frameworks/PrintCore.framework/Versions/A/PrintCore
0x00000001bae8a000 	/System/Library/Frameworks/ApplicationServices.framework/Versions/A/Frameworks/QD.framework/Versions/A/QD
0x00000001bae82000 	/System/Library/Frameworks/ApplicationServices.framework/Versions/A/Frameworks/ColorSyncLegacy.framework/Versions/A/ColorSyncLegacy
0x00000001baaeb000 	/System/Library/Frameworks/ApplicationServices.framework/Versions/A/Frameworks/SpeechSynthesis.framework/Versions/A/SpeechSynthesis
0x00000001b99d4000 	/System/Library/Frameworks/ApplicationServices.framework/Versions/A/Frameworks/ATSUI.framework/Versions/A/ATSUI
0x00000001bae17000 	/usr/lib/libcups.2.dylib
0x00000001bb1fd000 	/System/Library/Frameworks/Kerberos.framework/Versions/A/Kerberos
0x00000001bb20e000 	/System/Library/Frameworks/GSS.framework/Versions/A/GSS
0x00000001bab6e000 	/usr/lib/libresolv.9.dylib
0x00000001b9059000 	/System/Library/PrivateFrameworks/Heimdal.framework/Versions/A/Heimdal
0x00000001c1b62000 	/System/Library/Frameworks/Kerberos.framework/Versions/A/Libraries/libHeimdalProxy.dylib
0x00000001b3ca3000 	/System/Library/Frameworks/Network.framework/Versions/A/Network
0x00000001b8aa9000 	/usr/lib/libheimdal-asn1.dylib
0x00000001bb254000 	/System/Library/PrivateFrameworks/CommonAuth.framework/Versions/A/CommonAuth
0x00000001baa65000 	/System/Library/PrivateFrameworks/AudioSession.framework/Versions/A/AudioSession
0x00000001b8b3a000 	/System/Library/PrivateFrameworks/MediaExperience.framework/Versions/A/MediaExperience
0x00000001ba8ed000 	/System/Library/PrivateFrameworks/AudioSession.framework/libSessionUtility.dylib
0x00000001bae96000 	/System/Library/PrivateFrameworks/AudioResourceArbitration.framework/Versions/A/AudioResourceArbitration
0x00000001befa1000 	/System/Library/PrivateFrameworks/PowerLog.framework/Versions/A/PowerLog
0x00000001b8ab2000 	/System/Library/PrivateFrameworks/IconFoundation.framework/Versions/A/IconFoundation
0x00000001bdd4f000 	/System/Library/PrivateFrameworks/SpeechRecognitionCore.framework/Versions/A/SpeechRecognitionCore
0x00000001058cc000 	/Users/husseinel-zein/Library/Java/JavaVirtualMachines/openjdk-18.0.1/Contents/Home/lib/server/libjvm.dylib
0x0000000104744000 	/Users/husseinel-zein/Library/Java/JavaVirtualMachines/openjdk-18.0.1/Contents/Home/lib/libjimage.dylib
0x0000000104770000 	/Users/husseinel-zein/Library/Java/JavaVirtualMachines/openjdk-18.0.1/Contents/Home/lib/libinstrument.dylib
0x00000001047bc000 	/Users/husseinel-zein/Library/Java/JavaVirtualMachines/openjdk-18.0.1/Contents/Home/lib/libjava.dylib
0x00000001047a4000 	/Users/husseinel-zein/Library/Java/JavaVirtualMachines/openjdk-18.0.1/Contents/Home/lib/libzip.dylib
0x000000010575c000 	/Users/husseinel-zein/Library/Java/JavaVirtualMachines/openjdk-18.0.1/Contents/Home/lib/libnio.dylib
0x000000010577c000 	/Users/husseinel-zein/Library/Java/JavaVirtualMachines/openjdk-18.0.1/Contents/Home/lib/libnet.dylib
0x0000000104898000 	/Users/husseinel-zein/Library/Java/JavaVirtualMachines/openjdk-18.0.1/Contents/Home/lib/libextnet.dylib
0x000000010573c000 	/Users/husseinel-zein/.openjfx/cache/17/libprism_es2.dylib
0x00000001afdf2000 	/System/Library/PrivateFrameworks/CoreServicesInternal.framework/Versions/A/CoreServicesInternal
0x000000020ea34000 	/System/Library/Frameworks/OpenGL.framework/Versions/A/Resources/GLEngine.bundle/GLEngine
0x000000020e8bb000 	/System/Library/Frameworks/OpenGL.framework/Versions/A/Libraries/libGLProgrammability.dylib
0x0000000123114000 	/System/Library/Extensions/AppleMetalOpenGLRenderer.bundle/Contents/MacOS/AppleMetalOpenGLRenderer
0x000000020eba3000 	/System/Library/Frameworks/OpenGL.framework/Versions/A/Resources/GLRendererFloat.bundle/GLRendererFloat
0x000000020ec44000 	/System/Library/Extensions/AGXMetal13_3.bundle/Contents/MacOS/AGXMetal13_3
0x00000001ccf17000 	/System/Library/PrivateFrameworks/GPURawCounter.framework/Versions/A/GPURawCounter
0x00000001c79a5000 	/System/Library/PrivateFrameworks/IOGPU.framework/Versions/A/IOGPU
0x0000000127688000 	/Users/husseinel-zein/.openjfx/cache/17/libglass.dylib
0x00000001bf1f5000 	/System/Library/Frameworks/FileProvider.framework/Versions/A/FileProvider
0x00000001b3a70000 	/System/Library/Frameworks/Accounts.framework/Versions/A/Accounts
0x00000001bf375000 	/System/Library/PrivateFrameworks/GenerationalStorage.framework/Versions/A/GenerationalStorage
0x00000001bff2b000 	/System/Library/PrivateFrameworks/CoreSymbolication.framework/Versions/A/CoreSymbolication
0x00000001bef95000 	/System/Library/PrivateFrameworks/SymptomDiagnosticReporter.framework/Versions/A/SymptomDiagnosticReporter
0x00000001b10de000 	/System/Library/PrivateFrameworks/DesktopServicesPriv.framework/Versions/A/DesktopServicesPriv
0x00000001aff52000 	/usr/lib/libsandbox.1.dylib
0x00000001b4a90000 	/System/Library/PrivateFrameworks/UserManagement.framework/Versions/A/UserManagement
0x00000001bfeec000 	/System/Library/PrivateFrameworks/DebugSymbols.framework/Versions/A/DebugSymbols
0x00000001bae75000 	/System/Library/PrivateFrameworks/NetAuth.framework/Versions/A/NetAuth
0x00000001bbd78000 	/System/Library/PrivateFrameworks/Sharing.framework/Versions/A/Sharing
0x00000001b4a60000 	/System/Library/PrivateFrameworks/login.framework/Versions/A/Frameworks/loginsupport.framework/Versions/A/loginsupport
0x00000001c10a4000 	/System/Library/PrivateFrameworks/Apple80211.framework/Versions/A/Apple80211
0x00000001b7b5f000 	/System/Library/PrivateFrameworks/AuthKit.framework/Versions/A/AuthKit
0x00000001b71ed000 	/System/Library/PrivateFrameworks/CoreUtils.framework/Versions/A/CoreUtils
0x00000001b710d000 	/System/Library/Frameworks/CoreWLAN.framework/Versions/A/CoreWLAN
0x00000001bbee2000 	/System/Library/Frameworks/IOBluetooth.framework/Versions/A/IOBluetooth
0x00000001c1104000 	/System/Library/PrivateFrameworks/CoreWiFi.framework/Versions/A/CoreWiFi
0x00000001bfad3000 	/System/Library/PrivateFrameworks/FrontBoardServices.framework/Versions/A/FrontBoardServices
0x00000001bfb6b000 	/System/Library/PrivateFrameworks/BoardServices.framework/Versions/A/BoardServices
0x00000001b7408000 	/System/Library/PrivateFrameworks/AssertionServices.framework/Versions/A/AssertionServices
0x00000001c1272000 	/System/Library/PrivateFrameworks/BackBoardServices.framework/Versions/A/BackBoardServices
0x00000001bb2e7000 	/System/Library/PrivateFrameworks/CorePhoneNumbers.framework/Versions/A/CorePhoneNumbers
0x00000001bf0c5000 	/System/Library/PrivateFrameworks/DiskManagement.framework/Versions/A/DiskManagement
0x00000001befc8000 	/System/Library/PrivateFrameworks/AppleIDAuthSupport.framework/Versions/A/AppleIDAuthSupport
0x0000000212842000 	/System/Library/PrivateFrameworks/AAAFoundation.framework/Versions/A/AAAFoundation
0x00000001bb2c6000 	/System/Library/PrivateFrameworks/KeychainCircle.framework/Versions/A/KeychainCircle
0x00000001bf091000 	/System/Library/PrivateFrameworks/MediaKit.framework/Versions/A/MediaKit
0x00000001befd5000 	/System/Library/Frameworks/DiscRecording.framework/Versions/A/DiscRecording
0x00000001b89be000 	/usr/lib/libCoreStorage.dylib
0x00000001c156e000 	/usr/lib/libcsfde.dylib
0x00000001bbfb7000 	/System/Library/PrivateFrameworks/ProtectedCloudStorage.framework/Versions/A/ProtectedCloudStorage
0x00000001c1566000 	/System/Library/PrivateFrameworks/EFILogin.framework/Versions/A/EFILogin
0x00000001bf39c000 	/System/Library/PrivateFrameworks/OctagonTrust.framework/Versions/A/OctagonTrust
0x000000021716e000 	/System/Library/PrivateFrameworks/CoreUtilsExtras.framework/Versions/A/CoreUtilsExtras
0x00000001bef0a000 	/System/Library/Frameworks/CoreBluetooth.framework/Versions/A/CoreBluetooth
0x00000001c1be7000 	/System/Library/Frameworks/AudioUnit.framework/Versions/A/AudioUnit
0x00000001b89b6000 	/usr/lib/libMatch.1.dylib
0x00000001d120d000 	/System/Library/Frameworks/Accelerate.framework/Versions/A/Frameworks/vImage.framework/Versions/A/Libraries/libCGInterfaces.dylib
0x0000000139fec000 	/usr/lib/libobjc-trampolines.dylib
0x00000001b475d000 	/System/Library/PrivateFrameworks/ViewBridge.framework/Versions/A/ViewBridge
0x000000013dc90000 	/Users/husseinel-zein/.openjfx/cache/17/libjavafx_font.dylib
0x00000001b9107000 	/System/Library/PrivateFrameworks/login.framework/Versions/A/login
0x000000022a7d8000 	/usr/lib/libRosetta.dylib
0x0000000212ee1000 	/System/Library/PrivateFrameworks/AccessibilityBundles.framework/Versions/A/AccessibilityBundles


VM Arguments:
jvm_args: -javaagent:/Applications/IntelliJ IDEA.app/Contents/lib/idea_rt.jar=50729:/Applications/IntelliJ IDEA.app/Contents/bin -Dfile.encoding=UTF-8 
java_command: dk.dtu.compute.se.pisd.roborally.StartRoboRally
java_class_path (initial): /Users/husseinel-zein/Desktop/master-a6dce03ec01d1fa86c2178aa3081d9469937ac66/RoboRally/roborally-1.0.0-java17/roborally-initial/target/classes:/Users/husseinel-zein/.m2/repository/org/jetbrains/annotations/13.0/annotations-13.0.jar:/Users/husseinel-zein/.m2/repository/mysql/mysql-connector-java/8.0.11/mysql-connector-java-8.0.11.jar:/Users/husseinel-zein/.m2/repository/com/google/protobuf/protobuf-java/2.6.0/protobuf-java-2.6.0.jar:/Users/husseinel-zein/.m2/repository/com/google/code/gson/gson/2.8.2/gson-2.8.2.jar:/Users/husseinel-zein/.m2/repository/com/google/guava/guava/19.0/guava-19.0.jar:/Users/husseinel-zein/.m2/repository/org/openjfx/javafx-controls/17/javafx-controls-17.jar:/Users/husseinel-zein/.m2/repository/org/openjfx/javafx-controls/17/javafx-controls-17-mac-aarch64.jar:/Users/husseinel-zein/.m2/repository/org/openjfx/javafx-graphics/17/javafx-graphics-17.jar:/Users/husseinel-zein/.m2/repository/org/openjfx/javafx-graphics/17/javafx-graphics-17-mac-aarch64.jar:/Users/husseinel-zein/.m2/repository/org/openjfx/javafx-base/17/javafx-base-17.jar:/Users/husseinel-zein/.m2/repository/org/openjfx/javafx-base/17/javafx-base-17-mac-aarch64.jar:/Users/husseinel-zein/.m2/repository/org/openjfx/javafx-fxml/17/javafx-fxml-17.jar:/Users/husseinel-zein/.m2/repository/org/openjfx/javafx-fxml/17/javafx-fxml-17-mac-aarch64.jar
Launcher Type: SUN_STANDARD

[Global flags]
     intx CICompilerCount                          = 4                                         {product} {ergonomic}
     uint ConcGCThreads                            = 2                                         {product} {ergonomic}
     uint G1ConcRefinementThreads                  = 8                                         {product} {ergonomic}
   size_t G1HeapRegionSize                         = 1048576                                   {product} {ergonomic}
    uintx GCDrainStackTargetSize                   = 64                                        {product} {ergonomic}
   size_t InitialHeapSize                          = 134217728                                 {product} {ergonomic}
   size_t MarkStackSize                            = 4194304                                   {product} {ergonomic}
   size_t MaxHeapSize                              = 2147483648                                {product} {ergonomic}
   size_t MaxNewSize                               = 1287651328                                {product} {ergonomic}
   size_t MinHeapDeltaBytes                        = 1048576                                   {product} {ergonomic}
   size_t MinHeapSize                              = 8388608                                   {product} {ergonomic}
    uintx NonNMethodCodeHeapSize                   = 5839564                                {pd product} {ergonomic}
    uintx NonProfiledCodeHeapSize                  = 122909338                              {pd product} {ergonomic}
    uintx ProfiledCodeHeapSize                     = 122909338                              {pd product} {ergonomic}
    uintx ReservedCodeCacheSize                    = 251658240                              {pd product} {ergonomic}
     bool SegmentedCodeCache                       = true                                      {product} {ergonomic}
   size_t SoftMaxHeapSize                          = 2147483648                             {manageable} {ergonomic}
     bool UseCompressedClassPointers               = true                           {product lp64_product} {ergonomic}
     bool UseCompressedOops                        = true                           {product lp64_product} {ergonomic}
     bool UseG1GC                                  = true                                      {product} {ergonomic}
     bool UseNUMA                                  = false                                     {product} {ergonomic}
     bool UseNUMAInterleaving                      = false                                     {product} {ergonomic}

Logging:
Log output configuration:
 #0: stdout all=warning uptime,level,tags foldmultilines=false
 #1: stderr all=off uptime,level,tags foldmultilines=false

Environment Variables:
PATH=/opt/local/bin:/opt/local/sbin:/opt/homebrew/bin:/opt/homebrew/sbin:/usr/local/bin:/usr/bin:/bin:/usr/sbin:/sbin
SHELL=/bin/zsh
LC_CTYPE=en_DK.UTF-8

Signal Handlers:
   SIGSEGV: _ZL13crash_handleriP9__siginfoPv in libjvm.dylib, mask=11100110000111110111111111111111, flags=SA_RESTART|SA_SIGINFO
    SIGBUS: _ZL13crash_handleriP9__siginfoPv in libjvm.dylib, mask=11100110000111110111111111111111, flags=SA_RESTART|SA_SIGINFO
    SIGFPE: _ZL13crash_handleriP9__siginfoPv in libjvm.dylib, mask=11100110000111110111111111111111, flags=SA_RESTART|SA_SIGINFO
   SIGPIPE: _ZL17javaSignalHandleriP9__siginfoPv in libjvm.dylib, mask=11100110000111110111111111111111, flags=SA_RESTART|SA_SIGINFO
   SIGXFSZ: _ZL17javaSignalHandleriP9__siginfoPv in libjvm.dylib, mask=11100110000111110111111111111111, flags=SA_RESTART|SA_SIGINFO
    SIGILL: _ZL13crash_handleriP9__siginfoPv in libjvm.dylib, mask=11100110000111110111111111111111, flags=SA_RESTART|SA_SIGINFO
   SIGUSR2: _ZL10SR_handleriP9__siginfoP17__darwin_ucontext in libjvm.dylib, mask=00100000000000000000000000000000, flags=SA_RESTART|SA_SIGINFO
    SIGHUP: _ZL11UserHandleriPvS_ in libjvm.dylib, mask=11100110000111110111111111111111, flags=SA_RESTART|SA_SIGINFO
    SIGINT: _ZL11UserHandleriPvS_ in libjvm.dylib, mask=11100110000111110111111111111111, flags=SA_RESTART|SA_SIGINFO
   SIGTERM: _ZL11UserHandleriPvS_ in libjvm.dylib, mask=11100110000111110111111111111111, flags=SA_RESTART|SA_SIGINFO
   SIGQUIT: _ZL11UserHandleriPvS_ in libjvm.dylib, mask=11100110000111110111111111111111, flags=SA_RESTART|SA_SIGINFO
   SIGTRAP: _ZL13crash_handleriP9__siginfoPv in libjvm.dylib, mask=11100110000111110111111111111111, flags=SA_RESTART|SA_SIGINFO


---------------  S Y S T E M  ---------------

OS:
uname: Darwin 21.3.0 Darwin Kernel Version 21.3.0: Wed Jan  5 21:37:58 PST 2022; root:xnu-8019.80.24~20/RELEASE_ARM64_T8101 arm64
OS uptime: 9 days 6:05 hours
rlimit (soft/hard): STACK 8176k/65520k , CORE 0k/infinity , NPROC 1333/2000 , NOFILE 10240/infinity , AS infinity/infinity , CPU infinity/infinity , DATA infinity/infinity , FSIZE infinity/infinity , MEMLOCK infinity/infinity , RSS infinity/infinity
load average: 2.89 2.15 1.74

CPU: total 8 (initial active 8) 0x61:0x0:0x1b588bb3:0, fp, simd, aes, pmull, crc, lse

Memory: 16k page, physical 8388608k(81136k free), swap 1048576k(1029888k free)

vm_info: OpenJDK 64-Bit Server VM (18.0.1+10-24) for bsd-aarch64 JRE (18.0.1+10-24), built on Mar  9 2022 22:35:51 by "mach5one" with clang Apple LLVM 12.0.0 (clang-1200.0.32.29)

END.
